[2m2021-11-26 08:52:40.890[0;39m [32m INFO[0;39m [35m5088[0;39m [2m---[0;39m [2m[  restartedMain][0;39m [36m.e.DevToolsPropertyDefaultsPostProcessor[0;39m [2m:[0;39m Devtools property defaults active! Set 'spring.devtools.add-properties' to 'false' to disable
[2m2021-11-26 08:52:40.894[0;39m [32m INFO[0;39m [35m5088[0;39m [2m---[0;39m [2m[  restartedMain][0;39m [36m.e.DevToolsPropertyDefaultsPostProcessor[0;39m [2m:[0;39m For additional web related logging consider setting the 'logging.level.web' property to 'DEBUG'
[2m2021-11-26 08:52:42.224[0;39m [32m INFO[0;39m [35m5088[0;39m [2m---[0;39m [2m[  restartedMain][0;39m [36mo.s.b.w.embedded.tomcat.TomcatWebServer [0;39m [2m:[0;39m Tomcat initialized with port(s): 9999 (http)
[2m2021-11-26 08:52:42.325[0;39m [32m INFO[0;39m [35m5088[0;39m [2m---[0;39m [2m[  restartedMain][0;39m [36mw.s.c.ServletWebServerApplicationContext[0;39m [2m:[0;39m Root WebApplicationContext: initialization completed in 1430 ms
[2m2021-11-26 08:52:42.960[0;39m [32m INFO[0;39m [35m5088[0;39m [2m---[0;39m [2m[  restartedMain][0;39m [36mo.s.b.d.a.OptionalLiveReloadServer      [0;39m [2m:[0;39m LiveReload server is running on port 35729
[2m2021-11-26 08:52:43.141[0;39m [32m INFO[0;39m [35m5088[0;39m [2m---[0;39m [2m[  restartedMain][0;39m [36mo.s.b.w.embedded.tomcat.TomcatWebServer [0;39m [2m:[0;39m Tomcat started on port(s): 9999 (http) with context path '/vue'
[2m2021-11-26 08:54:43.392[0;39m [32m INFO[0;39m [35m5088[0;39m [2m---[0;39m [2m[nio-9999-exec-1][0;39m [36mo.s.web.servlet.DispatcherServlet       [0;39m [2m:[0;39m Initializing Servlet 'dispatcherServlet'
[2m2021-11-26 08:54:43.393[0;39m [32m INFO[0;39m [35m5088[0;39m [2m---[0;39m [2m[nio-9999-exec-1][0;39m [36mo.s.web.servlet.DispatcherServlet       [0;39m [2m:[0;39m Completed initialization in 1 ms
[2m2021-11-26 08:54:43.777[0;39m [32mDEBUG[0;39m [35m5088[0;39m [2m---[0;39m [2m[nio-9999-exec-2][0;39m [36mc.ssafy.vue.controller.MemberController [0;39m [2m:[0;39m 로그인 토큰정보 : eyJ0eXAiOiJKV1QiLCJyZWdEYXRlIjoxNjM3ODg0NDgzNzQ3LCJhbGciOiJIUzI1NiJ9.eyJleHAiOjE2Mzc4ODgwODMsInN1YiI6ImFjY2Vzcy10b2tlbiIsInVzZXJpZCI6InRlc3Q1In0.DMRHAB70RmToVhlWhr8I5Qmn0fiS2wIjlOVel4RCXPc
[2m2021-11-26 08:54:43.806[0;39m [32m INFO[0;39m [35m5088[0;39m [2m---[0;39m [2m[nio-9999-exec-6][0;39m [36mc.ssafy.vue.controller.MemberController [0;39m [2m:[0;39m getarea - 호출
[2m2021-11-26 08:54:43.837[0;39m [32m INFO[0;39m [35m5088[0;39m [2m---[0;39m [2m[nio-9999-exec-5][0;39m [36mc.ssafy.vue.controller.MemberController [0;39m [2m:[0;39m 사용 가능한 토큰!!!
[2m2021-11-26 08:54:49.565[0;39m [32m INFO[0;39m [35m5088[0;39m [2m---[0;39m [2m[nio-9999-exec-7][0;39m [36mc.s.vue.controller.HouseMapController   [0;39m [2m:[0;39m sido - 호출
[2m2021-11-26 08:55:36.516[0;39m [32m INFO[0;39m [35m5088[0;39m [2m---[0;39m [2m[io-9999-exec-10][0;39m [36mc.s.vue.controller.HouseMapController   [0;39m [2m:[0;39m gugun - 호출
[2m2021-11-26 09:02:42.112[0;39m [32m INFO[0;39m [35m5088[0;39m [2m---[0;39m [2m[nio-9999-exec-8][0;39m [36mc.s.vue.controller.HouseMapController   [0;39m [2m:[0;39m sido - 호출
[2m2021-11-26 09:02:47.549[0;39m [32m INFO[0;39m [35m5088[0;39m [2m---[0;39m [2m[nio-9999-exec-9][0;39m [36mc.s.vue.controller.HouseMapController   [0;39m [2m:[0;39m sido - 호출
[2m2021-11-26 09:02:55.792[0;39m [32mDEBUG[0;39m [35m5088[0;39m [2m---[0;39m [2m[nio-9999-exec-1][0;39m [36mc.ssafy.vue.controller.MemberController [0;39m [2m:[0;39m 로그인 토큰정보 : eyJ0eXAiOiJKV1QiLCJyZWdEYXRlIjoxNjM3ODg0OTc1NzkyLCJhbGciOiJIUzI1NiJ9.eyJleHAiOjE2Mzc4ODg1NzUsInN1YiI6ImFjY2Vzcy10b2tlbiIsInVzZXJpZCI6InRlc3Q1In0.c0hvLArRmN9q7AjzHu-BwV_67IS9Awd5M8eKG1o3yXU
[2m2021-11-26 09:02:55.801[0;39m [32m INFO[0;39m [35m5088[0;39m [2m---[0;39m [2m[nio-9999-exec-2][0;39m [36mc.ssafy.vue.controller.MemberController [0;39m [2m:[0;39m 사용 가능한 토큰!!!
[2m2021-11-26 09:02:55.801[0;39m [32m INFO[0;39m [35m5088[0;39m [2m---[0;39m [2m[nio-9999-exec-3][0;39m [36mc.ssafy.vue.controller.MemberController [0;39m [2m:[0;39m getarea - 호출
[2m2021-11-26 09:02:59.193[0;39m [32m INFO[0;39m [35m5088[0;39m [2m---[0;39m [2m[nio-9999-exec-6][0;39m [36mc.s.vue.controller.HouseMapController   [0;39m [2m:[0;39m sido - 호출
[2m2021-11-26 09:03:31.599[0;39m [32m INFO[0;39m [35m5088[0;39m [2m---[0;39m [2m[nio-9999-exec-5][0;39m [36mc.s.vue.controller.HouseMapController   [0;39m [2m:[0;39m sido - 호출
[2m2021-11-26 09:03:33.721[0;39m [32m INFO[0;39m [35m5088[0;39m [2m---[0;39m [2m[nio-9999-exec-7][0;39m [36mc.s.vue.controller.HouseMapController   [0;39m [2m:[0;39m sido - 호출
[2m2021-11-26 09:08:10.907[0;39m [32mDEBUG[0;39m [35m5088[0;39m [2m---[0;39m [2m[nio-9999-exec-1][0;39m [36mc.ssafy.vue.controller.MemberController [0;39m [2m:[0;39m 로그인 토큰정보 : eyJ0eXAiOiJKV1QiLCJyZWdEYXRlIjoxNjM3ODg1MjkwOTA3LCJhbGciOiJIUzI1NiJ9.eyJleHAiOjE2Mzc4ODg4OTAsInN1YiI6ImFjY2Vzcy10b2tlbiIsInVzZXJpZCI6InRlc3Q1In0.aX07LJ_orIu6NkV3534kUUjV_I5imlYVH-_sKLVxaRU
[2m2021-11-26 09:08:10.917[0;39m [32m INFO[0;39m [35m5088[0;39m [2m---[0;39m [2m[nio-9999-exec-3][0;39m [36mc.ssafy.vue.controller.MemberController [0;39m [2m:[0;39m 사용 가능한 토큰!!!
[2m2021-11-26 09:08:10.917[0;39m [32m INFO[0;39m [35m5088[0;39m [2m---[0;39m [2m[nio-9999-exec-2][0;39m [36mc.ssafy.vue.controller.MemberController [0;39m [2m:[0;39m getarea - 호출
[2m2021-11-26 09:08:14.027[0;39m [32m INFO[0;39m [35m5088[0;39m [2m---[0;39m [2m[nio-9999-exec-6][0;39m [36mc.s.vue.controller.HouseMapController   [0;39m [2m:[0;39m sido - 호출
[2m2021-11-26 09:08:26.191[0;39m [32m INFO[0;39m [35m5088[0;39m [2m---[0;39m [2m[nio-9999-exec-4][0;39m [36mc.s.vue.controller.HouseMapController   [0;39m [2m:[0;39m sido - 호출
[2m2021-11-26 09:10:09.825[0;39m [32m INFO[0;39m [35m5088[0;39m [2m---[0;39m [2m[nio-9999-exec-8][0;39m [36mc.s.vue.controller.HouseMapController   [0;39m [2m:[0;39m sido - 호출
[2m2021-11-26 09:10:31.224[0;39m [32m INFO[0;39m [35m5088[0;39m [2m---[0;39m [2m[nio-9999-exec-9][0;39m [36mc.s.vue.controller.HouseMapController   [0;39m [2m:[0;39m sido - 호출
[2m2021-11-26 09:10:37.228[0;39m [32mDEBUG[0;39m [35m5088[0;39m [2m---[0;39m [2m[io-9999-exec-10][0;39m [36mc.ssafy.vue.controller.MemberController [0;39m [2m:[0;39m 로그인 토큰정보 : eyJ0eXAiOiJKV1QiLCJyZWdEYXRlIjoxNjM3ODg1NDM3MjI4LCJhbGciOiJIUzI1NiJ9.eyJleHAiOjE2Mzc4ODkwMzcsInN1YiI6ImFjY2Vzcy10b2tlbiIsInVzZXJpZCI6InRlc3Q1In0.bFn6ME2cyzQ_pGt4aPxYa6szJFXzvd0JGW6iouvYEjk
[2m2021-11-26 09:10:37.237[0;39m [32m INFO[0;39m [35m5088[0;39m [2m---[0;39m [2m[nio-9999-exec-1][0;39m [36mc.ssafy.vue.controller.MemberController [0;39m [2m:[0;39m 사용 가능한 토큰!!!
[2m2021-11-26 09:10:37.239[0;39m [32m INFO[0;39m [35m5088[0;39m [2m---[0;39m [2m[nio-9999-exec-3][0;39m [36mc.ssafy.vue.controller.MemberController [0;39m [2m:[0;39m getarea - 호출
[2m2021-11-26 09:10:41.700[0;39m [32m INFO[0;39m [35m5088[0;39m [2m---[0;39m [2m[nio-9999-exec-2][0;39m [36mc.s.vue.controller.HouseMapController   [0;39m [2m:[0;39m sido - 호출
[2m2021-11-26 09:10:49.402[0;39m [32mDEBUG[0;39m [35m5088[0;39m [2m---[0;39m [2m[nio-9999-exec-4][0;39m [36mc.ssafy.vue.controller.MemberController [0;39m [2m:[0;39m 로그인 토큰정보 : eyJ0eXAiOiJKV1QiLCJyZWdEYXRlIjoxNjM3ODg1NDQ5NDAyLCJhbGciOiJIUzI1NiJ9.eyJleHAiOjE2Mzc4ODkwNDksInN1YiI6ImFjY2Vzcy10b2tlbiIsInVzZXJpZCI6InRlc3Q1In0.El0GKJkNwFaXmhc9bfJuEmdZ4LWSV73cJ2sgyeR6AG0
[2m2021-11-26 09:10:49.411[0;39m [32m INFO[0;39m [35m5088[0;39m [2m---[0;39m [2m[nio-9999-exec-5][0;39m [36mc.ssafy.vue.controller.MemberController [0;39m [2m:[0;39m 사용 가능한 토큰!!!
[2m2021-11-26 09:10:49.412[0;39m [32m INFO[0;39m [35m5088[0;39m [2m---[0;39m [2m[nio-9999-exec-7][0;39m [36mc.ssafy.vue.controller.MemberController [0;39m [2m:[0;39m getarea - 호출
[2m2021-11-26 09:10:51.771[0;39m [32m INFO[0;39m [35m5088[0;39m [2m---[0;39m [2m[nio-9999-exec-8][0;39m [36mc.s.vue.controller.HouseMapController   [0;39m [2m:[0;39m sido - 호출
[2m2021-11-26 09:13:25.331[0;39m [32mDEBUG[0;39m [35m5088[0;39m [2m---[0;39m [2m[nio-9999-exec-1][0;39m [36mc.ssafy.vue.controller.MemberController [0;39m [2m:[0;39m 로그인 토큰정보 : eyJ0eXAiOiJKV1QiLCJyZWdEYXRlIjoxNjM3ODg1NjA1MzMxLCJhbGciOiJIUzI1NiJ9.eyJleHAiOjE2Mzc4ODkyMDUsInN1YiI6ImFjY2Vzcy10b2tlbiIsInVzZXJpZCI6InRlc3Q1In0.dUKT5FcN5n58PixRxPkPrXIEiJmO0yi_qK-X49cS2nI
[2m2021-11-26 09:13:25.341[0;39m [32m INFO[0;39m [35m5088[0;39m [2m---[0;39m [2m[nio-9999-exec-3][0;39m [36mc.ssafy.vue.controller.MemberController [0;39m [2m:[0;39m 사용 가능한 토큰!!!
[2m2021-11-26 09:13:25.342[0;39m [32m INFO[0;39m [35m5088[0;39m [2m---[0;39m [2m[nio-9999-exec-2][0;39m [36mc.ssafy.vue.controller.MemberController [0;39m [2m:[0;39m getarea - 호출
[2m2021-11-26 09:13:28.198[0;39m [32m INFO[0;39m [35m5088[0;39m [2m---[0;39m [2m[nio-9999-exec-6][0;39m [36mc.s.vue.controller.HouseMapController   [0;39m [2m:[0;39m sido - 호출
[2m2021-11-26 09:17:26.450[0;39m [32mDEBUG[0;39m [35m5088[0;39m [2m---[0;39m [2m[nio-9999-exec-7][0;39m [36mc.ssafy.vue.controller.MemberController [0;39m [2m:[0;39m 로그인 토큰정보 : eyJ0eXAiOiJKV1QiLCJyZWdEYXRlIjoxNjM3ODg1ODQ2NDUwLCJhbGciOiJIUzI1NiJ9.eyJleHAiOjE2Mzc4ODk0NDYsInN1YiI6ImFjY2Vzcy10b2tlbiIsInVzZXJpZCI6InRlc3Q1In0.EHsf46oNcQNiaAeoW6hPGzeoAMV3WMGXEmiCUKFMj0g
[2m2021-11-26 09:17:26.460[0;39m [32m INFO[0;39m [35m5088[0;39m [2m---[0;39m [2m[nio-9999-exec-8][0;39m [36mc.ssafy.vue.controller.MemberController [0;39m [2m:[0;39m 사용 가능한 토큰!!!
[2m2021-11-26 09:17:26.460[0;39m [32m INFO[0;39m [35m5088[0;39m [2m---[0;39m [2m[nio-9999-exec-9][0;39m [36mc.ssafy.vue.controller.MemberController [0;39m [2m:[0;39m getarea - 호출
[2m2021-11-26 09:17:32.854[0;39m [32mDEBUG[0;39m [35m5088[0;39m [2m---[0;39m [2m[io-9999-exec-10][0;39m [36mc.ssafy.vue.controller.MemberController [0;39m [2m:[0;39m 로그인 토큰정보 : eyJ0eXAiOiJKV1QiLCJyZWdEYXRlIjoxNjM3ODg1ODUyODU0LCJhbGciOiJIUzI1NiJ9.eyJleHAiOjE2Mzc4ODk0NTIsInN1YiI6ImFjY2Vzcy10b2tlbiIsInVzZXJpZCI6InRlc3Q1In0.se2GBYVesyzb2ykT1L_hx6_t_7eoZrkQZUC7srl1WB8
[2m2021-11-26 09:17:32.862[0;39m [32m INFO[0;39m [35m5088[0;39m [2m---[0;39m [2m[nio-9999-exec-3][0;39m [36mc.ssafy.vue.controller.MemberController [0;39m [2m:[0;39m getarea - 호출
[2m2021-11-26 09:17:32.863[0;39m [32m INFO[0;39m [35m5088[0;39m [2m---[0;39m [2m[nio-9999-exec-1][0;39m [36mc.ssafy.vue.controller.MemberController [0;39m [2m:[0;39m 사용 가능한 토큰!!!
[2m2021-11-26 09:17:35.967[0;39m [32m INFO[0;39m [35m5088[0;39m [2m---[0;39m [2m[nio-9999-exec-2][0;39m [36mc.s.vue.controller.HouseMapController   [0;39m [2m:[0;39m sido - 호출
[2m2021-11-26 09:18:00.376[0;39m [32m INFO[0;39m [35m5088[0;39m [2m---[0;39m [2m[nio-9999-exec-6][0;39m [36mc.s.vue.controller.HouseMapController   [0;39m [2m:[0;39m sido - 호출
[2m2021-11-26 09:18:05.336[0;39m [32mDEBUG[0;39m [35m5088[0;39m [2m---[0;39m [2m[nio-9999-exec-4][0;39m [36mc.ssafy.vue.controller.MemberController [0;39m [2m:[0;39m 로그인 토큰정보 : eyJ0eXAiOiJKV1QiLCJyZWdEYXRlIjoxNjM3ODg1ODg1MzM2LCJhbGciOiJIUzI1NiJ9.eyJleHAiOjE2Mzc4ODk0ODUsInN1YiI6ImFjY2Vzcy10b2tlbiIsInVzZXJpZCI6InRlc3Q1In0.Rhp_wu7QJC5LYU-_Ci8Sl53rU9TdEqvDyp82M40NxzI
[2m2021-11-26 09:18:05.343[0;39m [32m INFO[0;39m [35m5088[0;39m [2m---[0;39m [2m[nio-9999-exec-7][0;39m [36mc.ssafy.vue.controller.MemberController [0;39m [2m:[0;39m getarea - 호출
[2m2021-11-26 09:18:05.344[0;39m [32m INFO[0;39m [35m5088[0;39m [2m---[0;39m [2m[nio-9999-exec-5][0;39m [36mc.ssafy.vue.controller.MemberController [0;39m [2m:[0;39m 사용 가능한 토큰!!!
[2m2021-11-26 09:18:08.657[0;39m [32m INFO[0;39m [35m5088[0;39m [2m---[0;39m [2m[nio-9999-exec-8][0;39m [36mc.s.vue.controller.HouseMapController   [0;39m [2m:[0;39m sido - 호출
[2m2021-11-26 09:19:52.017[0;39m [32m INFO[0;39m [35m5088[0;39m [2m---[0;39m [2m[nio-9999-exec-3][0;39m [36mc.s.vue.controller.HouseMapController   [0;39m [2m:[0;39m sido - 호출
[2m2021-11-26 09:20:51.360[0;39m [32mDEBUG[0;39m [35m5088[0;39m [2m---[0;39m [2m[nio-9999-exec-1][0;39m [36mc.ssafy.vue.controller.MemberController [0;39m [2m:[0;39m 로그인 토큰정보 : eyJ0eXAiOiJKV1QiLCJyZWdEYXRlIjoxNjM3ODg2MDUxMzU5LCJhbGciOiJIUzI1NiJ9.eyJleHAiOjE2Mzc4ODk2NTEsInN1YiI6ImFjY2Vzcy10b2tlbiIsInVzZXJpZCI6InRlc3Q1In0.fYgieoQYEFWbwGGM1VklcRcCdyGEWPEomKO1osOabag
[2m2021-11-26 09:20:51.402[0;39m [32m INFO[0;39m [35m5088[0;39m [2m---[0;39m [2m[nio-9999-exec-2][0;39m [36mc.ssafy.vue.controller.MemberController [0;39m [2m:[0;39m 사용 가능한 토큰!!!
[2m2021-11-26 09:20:51.405[0;39m [32m INFO[0;39m [35m5088[0;39m [2m---[0;39m [2m[nio-9999-exec-6][0;39m [36mc.ssafy.vue.controller.MemberController [0;39m [2m:[0;39m getarea - 호출
[2m2021-11-26 09:20:55.497[0;39m [32m INFO[0;39m [35m5088[0;39m [2m---[0;39m [2m[nio-9999-exec-4][0;39m [36mc.s.vue.controller.HouseMapController   [0;39m [2m:[0;39m sido - 호출
[2m2021-11-26 09:21:06.728[0;39m [32m INFO[0;39m [35m5088[0;39m [2m---[0;39m [2m[nio-9999-exec-5][0;39m [36mc.s.vue.controller.HouseMapController   [0;39m [2m:[0;39m gugun - 호출
[2m2021-11-26 09:21:14.546[0;39m [32mDEBUG[0;39m [35m5088[0;39m [2m---[0;39m [2m[io-9999-exec-10][0;39m [36mc.ssafy.vue.controller.MemberController [0;39m [2m:[0;39m 로그인 토큰정보 : eyJ0eXAiOiJKV1QiLCJyZWdEYXRlIjoxNjM3ODg2MDc0NTQ2LCJhbGciOiJIUzI1NiJ9.eyJleHAiOjE2Mzc4ODk2NzQsInN1YiI6ImFjY2Vzcy10b2tlbiIsInVzZXJpZCI6InRlc3Q1In0.PDpsIPKxhOv5QYKosPDkCpczg5sone2AOSIXG6SwrXs
[2m2021-11-26 09:21:14.560[0;39m [32m INFO[0;39m [35m5088[0;39m [2m---[0;39m [2m[nio-9999-exec-3][0;39m [36mc.ssafy.vue.controller.MemberController [0;39m [2m:[0;39m 사용 가능한 토큰!!!
[2m2021-11-26 09:21:14.563[0;39m [32m INFO[0;39m [35m5088[0;39m [2m---[0;39m [2m[nio-9999-exec-1][0;39m [36mc.ssafy.vue.controller.MemberController [0;39m [2m:[0;39m getarea - 호출
[2m2021-11-26 09:21:17.171[0;39m [32m INFO[0;39m [35m5088[0;39m [2m---[0;39m [2m[nio-9999-exec-2][0;39m [36mc.s.vue.controller.HouseMapController   [0;39m [2m:[0;39m sido - 호출
[2m2021-11-26 09:21:29.172[0;39m [32m INFO[0;39m [35m5088[0;39m [2m---[0;39m [2m[nio-9999-exec-7][0;39m [36mc.s.vue.controller.HouseMapController   [0;39m [2m:[0;39m gugun - 호출
[2m2021-11-26 09:24:21.218[0;39m [32mDEBUG[0;39m [35m5088[0;39m [2m---[0;39m [2m[nio-9999-exec-6][0;39m [36mc.ssafy.vue.controller.MemberController [0;39m [2m:[0;39m 로그인 토큰정보 : eyJ0eXAiOiJKV1QiLCJyZWdEYXRlIjoxNjM3ODg2MjYxMjE3LCJhbGciOiJIUzI1NiJ9.eyJleHAiOjE2Mzc4ODk4NjEsInN1YiI6ImFjY2Vzcy10b2tlbiIsInVzZXJpZCI6InRlc3Q1In0.LAGzvojrILLDqF0_YTTTLfpaJOPJMCu6Srj5wnbr500
[2m2021-11-26 09:24:21.236[0;39m [32m INFO[0;39m [35m5088[0;39m [2m---[0;39m [2m[nio-9999-exec-5][0;39m [36mc.ssafy.vue.controller.MemberController [0;39m [2m:[0;39m getarea - 호출
[2m2021-11-26 09:24:21.237[0;39m [32m INFO[0;39m [35m5088[0;39m [2m---[0;39m [2m[nio-9999-exec-4][0;39m [36mc.ssafy.vue.controller.MemberController [0;39m [2m:[0;39m 사용 가능한 토큰!!!
[2m2021-11-26 09:24:25.182[0;39m [32m INFO[0;39m [35m5088[0;39m [2m---[0;39m [2m[nio-9999-exec-7][0;39m [36mc.s.vue.controller.HouseMapController   [0;39m [2m:[0;39m sido - 호출
[2m2021-11-26 09:24:27.505[0;39m [32m INFO[0;39m [35m5088[0;39m [2m---[0;39m [2m[nio-9999-exec-8][0;39m [36mc.s.vue.controller.HouseMapController   [0;39m [2m:[0;39m gugun - 호출
[2m2021-11-26 09:36:38.423[0;39m [32mDEBUG[0;39m [35m5088[0;39m [2m---[0;39m [2m[nio-9999-exec-6][0;39m [36mc.ssafy.vue.controller.MemberController [0;39m [2m:[0;39m 로그인 토큰정보 : eyJ0eXAiOiJKV1QiLCJyZWdEYXRlIjoxNjM3ODg2OTk4NDIyLCJhbGciOiJIUzI1NiJ9.eyJleHAiOjE2Mzc4OTA1OTgsInN1YiI6ImFjY2Vzcy10b2tlbiIsInVzZXJpZCI6InRlc3Q1In0.R7vSpqSoMMAmpv3gA7YR2jJMCWD1DFViUS_sZvXo6WI
[2m2021-11-26 09:36:38.433[0;39m [32m INFO[0;39m [35m5088[0;39m [2m---[0;39m [2m[nio-9999-exec-4][0;39m [36mc.ssafy.vue.controller.MemberController [0;39m [2m:[0;39m getarea - 호출
[2m2021-11-26 09:36:38.434[0;39m [32m INFO[0;39m [35m5088[0;39m [2m---[0;39m [2m[nio-9999-exec-5][0;39m [36mc.ssafy.vue.controller.MemberController [0;39m [2m:[0;39m 사용 가능한 토큰!!!
[2m2021-11-26 09:38:33.445[0;39m [32mDEBUG[0;39m [35m5088[0;39m [2m---[0;39m [2m[nio-9999-exec-9][0;39m [36mc.ssafy.vue.controller.MemberController [0;39m [2m:[0;39m 로그인 토큰정보 : eyJ0eXAiOiJKV1QiLCJyZWdEYXRlIjoxNjM3ODg3MTEzNDQ0LCJhbGciOiJIUzI1NiJ9.eyJleHAiOjE2Mzc4OTA3MTMsInN1YiI6ImFjY2Vzcy10b2tlbiIsInVzZXJpZCI6InRlc3Q1In0.SyoTG89AFpdPDKiG3LbuQUpl7HW-QkAEGSaDvG0Tfq8
[2m2021-11-26 09:38:33.461[0;39m [32m INFO[0;39m [35m5088[0;39m [2m---[0;39m [2m[io-9999-exec-10][0;39m [36mc.ssafy.vue.controller.MemberController [0;39m [2m:[0;39m 사용 가능한 토큰!!!
[2m2021-11-26 09:38:33.483[0;39m [32m INFO[0;39m [35m5088[0;39m [2m---[0;39m [2m[nio-9999-exec-3][0;39m [36mc.ssafy.vue.controller.MemberController [0;39m [2m:[0;39m getarea - 호출
[2m2021-11-26 09:38:38.360[0;39m [32m INFO[0;39m [35m5088[0;39m [2m---[0;39m [2m[nio-9999-exec-1][0;39m [36mc.s.vue.controller.HouseMapController   [0;39m [2m:[0;39m sido - 호출
[2m2021-11-26 09:38:43.114[0;39m [32mDEBUG[0;39m [35m5088[0;39m [2m---[0;39m [2m[nio-9999-exec-2][0;39m [36mc.ssafy.vue.controller.MemberController [0;39m [2m:[0;39m 로그인 토큰정보 : eyJ0eXAiOiJKV1QiLCJyZWdEYXRlIjoxNjM3ODg3MTIzMTE0LCJhbGciOiJIUzI1NiJ9.eyJleHAiOjE2Mzc4OTA3MjMsInN1YiI6ImFjY2Vzcy10b2tlbiIsInVzZXJpZCI6InRlc3Q1In0.4YNtybakXhTx-NaXJvaFaajNz_UmCTQeFHksfxqHQa8
[2m2021-11-26 09:38:43.122[0;39m [32m INFO[0;39m [35m5088[0;39m [2m---[0;39m [2m[nio-9999-exec-6][0;39m [36mc.ssafy.vue.controller.MemberController [0;39m [2m:[0;39m 사용 가능한 토큰!!!
[2m2021-11-26 09:38:43.124[0;39m [32m INFO[0;39m [35m5088[0;39m [2m---[0;39m [2m[nio-9999-exec-4][0;39m [36mc.ssafy.vue.controller.MemberController [0;39m [2m:[0;39m getarea - 호출
[2m2021-11-26 09:38:45.545[0;39m [32m INFO[0;39m [35m5088[0;39m [2m---[0;39m [2m[nio-9999-exec-5][0;39m [36mc.s.vue.controller.HouseMapController   [0;39m [2m:[0;39m sido - 호출
[2m2021-11-26 09:39:33.376[0;39m [32m INFO[0;39m [35m5088[0;39m [2m---[0;39m [2m[nio-9999-exec-7][0;39m [36mc.s.vue.controller.HouseMapController   [0;39m [2m:[0;39m sido - 호출
[2m2021-11-26 09:40:45.333[0;39m [32m INFO[0;39m [35m5088[0;39m [2m---[0;39m [2m[io-9999-exec-10][0;39m [36mc.s.vue.controller.HouseMapController   [0;39m [2m:[0;39m sido - 호출
[2m2021-11-26 09:40:52.008[0;39m [32m INFO[0;39m [35m5088[0;39m [2m---[0;39m [2m[nio-9999-exec-3][0;39m [36mc.s.vue.controller.HouseMapController   [0;39m [2m:[0;39m sido - 호출
[2m2021-11-26 09:41:06.072[0;39m [32m INFO[0;39m [35m5088[0;39m [2m---[0;39m [2m[nio-9999-exec-1][0;39m [36mc.s.vue.controller.HouseMapController   [0;39m [2m:[0;39m gugun - 호출
[2m2021-11-26 09:41:15.343[0;39m [32m INFO[0;39m [35m5088[0;39m [2m---[0;39m [2m[nio-9999-exec-8][0;39m [36mc.s.vue.controller.HouseMapController   [0;39m [2m:[0;39m gugun - 호출
[2m2021-11-26 09:43:35.364[0;39m [32m INFO[0;39m [35m5088[0;39m [2m---[0;39m [2m[nio-9999-exec-6][0;39m [36mc.s.vue.controller.HouseMapController   [0;39m [2m:[0;39m sido - 호출
[2m2021-11-26 09:43:47.902[0;39m [32m INFO[0;39m [35m5088[0;39m [2m---[0;39m [2m[nio-9999-exec-4][0;39m [36mc.s.vue.controller.HouseMapController   [0;39m [2m:[0;39m gugun - 호출
[2m2021-11-26 09:43:59.337[0;39m [32m INFO[0;39m [35m5088[0;39m [2m---[0;39m [2m[io-9999-exec-10][0;39m [36mc.s.vue.controller.HouseMapController   [0;39m [2m:[0;39m gugun - 호출
[2m2021-11-26 09:45:55.606[0;39m [32m INFO[0;39m [35m5088[0;39m [2m---[0;39m [2m[nio-9999-exec-7][0;39m [36mc.s.vue.controller.HouseMapController   [0;39m [2m:[0;39m sido - 호출
[2m2021-11-26 09:47:03.124[0;39m [32m INFO[0;39m [35m5088[0;39m [2m---[0;39m [2m[nio-9999-exec-8][0;39m [36mc.s.vue.controller.HouseMapController   [0;39m [2m:[0;39m sido - 호출
[2m2021-11-26 09:47:13.855[0;39m [32m INFO[0;39m [35m5088[0;39m [2m---[0;39m [2m[nio-9999-exec-9][0;39m [36mc.s.vue.controller.HouseMapController   [0;39m [2m:[0;39m sido - 호출
[2m2021-11-26 09:48:26.057[0;39m [32m INFO[0;39m [35m5088[0;39m [2m---[0;39m [2m[nio-9999-exec-3][0;39m [36mc.s.vue.controller.HouseMapController   [0;39m [2m:[0;39m sido - 호출
[2m2021-11-26 09:48:32.225[0;39m [32m INFO[0;39m [35m5088[0;39m [2m---[0;39m [2m[nio-9999-exec-1][0;39m [36mc.s.vue.controller.HouseMapController   [0;39m [2m:[0;39m gugun - 호출
[2m2021-11-26 09:48:36.113[0;39m [32m INFO[0;39m [35m5088[0;39m [2m---[0;39m [2m[nio-9999-exec-2][0;39m [36mc.s.vue.controller.HouseMapController   [0;39m [2m:[0;39m gugun - 호출
[2m2021-11-26 09:49:43.802[0;39m [32m INFO[0;39m [35m5088[0;39m [2m---[0;39m [2m[io-9999-exec-10][0;39m [36mc.s.vue.controller.HouseMapController   [0;39m [2m:[0;39m sido - 호출
[2m2021-11-26 09:49:51.027[0;39m [32m INFO[0;39m [35m5088[0;39m [2m---[0;39m [2m[nio-9999-exec-3][0;39m [36mc.s.vue.controller.HouseMapController   [0;39m [2m:[0;39m gugun - 호출
[2m2021-11-26 09:50:13.504[0;39m [32m INFO[0;39m [35m5088[0;39m [2m---[0;39m [2m[nio-9999-exec-9][0;39m [36mc.s.vue.controller.HouseMapController   [0;39m [2m:[0;39m gugun - 호출
[2m2021-11-26 11:52:34.034[0;39m [32m INFO[0;39m [35m5088[0;39m [2m---[0;39m [2m[(187)-127.0.0.1][0;39m [36minMXBeanRegistrar$SpringApplicationAdmin[0;39m [2m:[0;39m Application shutdown requested.
