[2m2021-11-18 14:12:07.250[0;39m [32m INFO[0;39m [35m10200[0;39m [2m---[0;39m [2m[  restartedMain][0;39m [36m.e.DevToolsPropertyDefaultsPostProcessor[0;39m [2m:[0;39m Devtools property defaults active! Set 'spring.devtools.add-properties' to 'false' to disable
[2m2021-11-18 14:12:07.254[0;39m [32m INFO[0;39m [35m10200[0;39m [2m---[0;39m [2m[  restartedMain][0;39m [36m.e.DevToolsPropertyDefaultsPostProcessor[0;39m [2m:[0;39m For additional web related logging consider setting the 'logging.level.web' property to 'DEBUG'
[2m2021-11-18 14:12:08.754[0;39m [32m INFO[0;39m [35m10200[0;39m [2m---[0;39m [2m[  restartedMain][0;39m [36mo.s.b.w.embedded.tomcat.TomcatWebServer [0;39m [2m:[0;39m Tomcat initialized with port(s): 9999 (http)
[2m2021-11-18 14:12:08.860[0;39m [32m INFO[0;39m [35m10200[0;39m [2m---[0;39m [2m[  restartedMain][0;39m [36mw.s.c.ServletWebServerApplicationContext[0;39m [2m:[0;39m Root WebApplicationContext: initialization completed in 1605 ms
[2m2021-11-18 14:12:09.782[0;39m [32m INFO[0;39m [35m10200[0;39m [2m---[0;39m [2m[  restartedMain][0;39m [36mo.s.b.d.a.OptionalLiveReloadServer      [0;39m [2m:[0;39m LiveReload server is running on port 35729
[2m2021-11-18 14:12:10.094[0;39m [32m INFO[0;39m [35m10200[0;39m [2m---[0;39m [2m[  restartedMain][0;39m [36mo.s.b.w.embedded.tomcat.TomcatWebServer [0;39m [2m:[0;39m Tomcat started on port(s): 9999 (http) with context path '/vue'
[2m2021-11-18 14:14:46.695[0;39m [32m INFO[0;39m [35m10200[0;39m [2m---[0;39m [2m[nio-9999-exec-1][0;39m [36mo.s.web.servlet.DispatcherServlet       [0;39m [2m:[0;39m Initializing Servlet 'dispatcherServlet'
[2m2021-11-18 14:14:46.697[0;39m [32m INFO[0;39m [35m10200[0;39m [2m---[0;39m [2m[nio-9999-exec-1][0;39m [36mo.s.web.servlet.DispatcherServlet       [0;39m [2m:[0;39m Completed initialization in 1 ms
[2m2021-11-18 14:14:46.744[0;39m [32m INFO[0;39m [35m10200[0;39m [2m---[0;39m [2m[nio-9999-exec-1][0;39m [36mc.ssafy.vue.controller.BoardController  [0;39m [2m:[0;39m listArticle - 호출
[2m2021-11-18 14:14:56.812[0;39m [32mDEBUG[0;39m [35m10200[0;39m [2m---[0;39m [2m[nio-9999-exec-2][0;39m [36mc.ssafy.vue.controller.MemberController [0;39m [2m:[0;39m 로그인 토큰정보 : eyJ0eXAiOiJKV1QiLCJyZWdEYXRlIjoxNjM3MjEyNDk2NzgzLCJhbGciOiJIUzI1NiJ9.eyJleHAiOjE2MzcyMTYwOTYsInN1YiI6ImFjY2Vzcy10b2tlbiIsInVzZXJpZCI6InNzYWZ5In0.mAYgp8PERT3JhPUdJZ49mQbwKsAiG0OPuNPpcctRntY
[2m2021-11-18 14:14:56.875[0;39m [32m INFO[0;39m [35m10200[0;39m [2m---[0;39m [2m[nio-9999-exec-4][0;39m [36mc.ssafy.vue.controller.MemberController [0;39m [2m:[0;39m 사용 가능한 토큰!!!
[2m2021-11-18 14:15:04.563[0;39m [32m INFO[0;39m [35m10200[0;39m [2m---[0;39m [2m[nio-9999-exec-5][0;39m [36mc.ssafy.vue.controller.BoardController  [0;39m [2m:[0;39m listArticle - 호출
[2m2021-11-18 14:15:07.106[0;39m [32m INFO[0;39m [35m10200[0;39m [2m---[0;39m [2m[nio-9999-exec-6][0;39m [36mc.ssafy.vue.controller.BoardController  [0;39m [2m:[0;39m getArticle - 호출 : 1
[2m2021-11-18 14:15:25.777[0;39m [32m INFO[0;39m [35m10200[0;39m [2m---[0;39m [2m[nio-9999-exec-7][0;39m [36mc.ssafy.vue.controller.BoardController  [0;39m [2m:[0;39m getArticle - 호출 : 1
[2m2021-11-18 14:16:34.833[0;39m [32m INFO[0;39m [35m10200[0;39m [2m---[0;39m [2m[io-9999-exec-10][0;39m [36mc.ssafy.vue.controller.BoardController  [0;39m [2m:[0;39m getArticle - 호출 : 1
[2m2021-11-18 14:17:43.474[0;39m [32m INFO[0;39m [35m10200[0;39m [2m---[0;39m [2m[nio-9999-exec-2][0;39m [36mc.ssafy.vue.controller.BoardController  [0;39m [2m:[0;39m getArticle - 호출 : 1
[2m2021-11-18 14:19:05.668[0;39m [32m INFO[0;39m [35m10200[0;39m [2m---[0;39m [2m[nio-9999-exec-4][0;39m [36mc.ssafy.vue.controller.BoardController  [0;39m [2m:[0;39m getArticle - 호출 : 1
[2m2021-11-18 14:20:35.929[0;39m [32m INFO[0;39m [35m10200[0;39m [2m---[0;39m [2m[nio-9999-exec-6][0;39m [36mc.ssafy.vue.controller.BoardController  [0;39m [2m:[0;39m getArticle - 호출 : 1
[2m2021-11-18 14:20:38.893[0;39m [32m INFO[0;39m [35m10200[0;39m [2m---[0;39m [2m[nio-9999-exec-7][0;39m [36mc.ssafy.vue.controller.BoardController  [0;39m [2m:[0;39m getArticle - 호출 : 1
[2m2021-11-18 14:20:52.934[0;39m [32m INFO[0;39m [35m10200[0;39m [2m---[0;39m [2m[nio-9999-exec-8][0;39m [36mc.ssafy.vue.controller.BoardController  [0;39m [2m:[0;39m getArticle - 호출 : 1
[2m2021-11-18 14:20:55.463[0;39m [32m INFO[0;39m [35m10200[0;39m [2m---[0;39m [2m[nio-9999-exec-9][0;39m [36mc.ssafy.vue.controller.BoardController  [0;39m [2m:[0;39m getArticle - 호출 : 1
[2m2021-11-18 14:21:42.696[0;39m [32m INFO[0;39m [35m10200[0;39m [2m---[0;39m [2m[io-9999-exec-10][0;39m [36mc.ssafy.vue.controller.BoardController  [0;39m [2m:[0;39m getArticle - 호출 : 1
[2m2021-11-18 14:22:03.126[0;39m [32m INFO[0;39m [35m10200[0;39m [2m---[0;39m [2m[nio-9999-exec-1][0;39m [36mc.ssafy.vue.controller.BoardController  [0;39m [2m:[0;39m getArticle - 호출 : 1
[2m2021-11-18 14:22:06.089[0;39m [32m INFO[0;39m [35m10200[0;39m [2m---[0;39m [2m[nio-9999-exec-2][0;39m [36mc.ssafy.vue.controller.BoardController  [0;39m [2m:[0;39m getArticle - 호출 : 1
[2m2021-11-18 14:24:32.578[0;39m [32m INFO[0;39m [35m10200[0;39m [2m---[0;39m [2m[nio-9999-exec-4][0;39m [36mc.ssafy.vue.controller.BoardController  [0;39m [2m:[0;39m getArticle - 호출 : 1
[2m2021-11-18 14:24:32.668[0;39m [33m WARN[0;39m [35m10200[0;39m [2m---[0;39m [2m[nio-9999-exec-5][0;39m [36m.w.s.m.s.DefaultHandlerExceptionResolver[0;39m [2m:[0;39m Resolved [org.springframework.web.method.annotation.MethodArgumentTypeMismatchException: Failed to convert value of type 'java.lang.String' to required type 'int'; nested exception is java.lang.NumberFormatException: For input string: "undefined"]
[2m2021-11-18 14:24:39.106[0;39m [32m INFO[0;39m [35m10200[0;39m [2m---[0;39m [2m[nio-9999-exec-6][0;39m [36mc.ssafy.vue.controller.BoardController  [0;39m [2m:[0;39m getArticle - 호출 : 1
[2m2021-11-18 14:24:39.199[0;39m [33m WARN[0;39m [35m10200[0;39m [2m---[0;39m [2m[nio-9999-exec-7][0;39m [36m.w.s.m.s.DefaultHandlerExceptionResolver[0;39m [2m:[0;39m Resolved [org.springframework.web.method.annotation.MethodArgumentTypeMismatchException: Failed to convert value of type 'java.lang.String' to required type 'int'; nested exception is java.lang.NumberFormatException: For input string: "undefined"]
[2m2021-11-18 14:25:05.067[0;39m [32m INFO[0;39m [35m10200[0;39m [2m---[0;39m [2m[nio-9999-exec-8][0;39m [36mc.ssafy.vue.controller.BoardController  [0;39m [2m:[0;39m getArticle - 호출 : 1
[2m2021-11-18 14:25:05.144[0;39m [32mDEBUG[0;39m [35m10200[0;39m [2m---[0;39m [2m[nio-9999-exec-9][0;39m [36mc.ssafy.vue.controller.BoardController  [0;39m [2m:[0;39m listComment - 호출
[2m2021-11-18 14:25:06.722[0;39m [32m INFO[0;39m [35m10200[0;39m [2m---[0;39m [2m[io-9999-exec-10][0;39m [36mc.ssafy.vue.controller.BoardController  [0;39m [2m:[0;39m getArticle - 호출 : 1
[2m2021-11-18 14:25:06.772[0;39m [32mDEBUG[0;39m [35m10200[0;39m [2m---[0;39m [2m[nio-9999-exec-1][0;39m [36mc.ssafy.vue.controller.BoardController  [0;39m [2m:[0;39m listComment - 호출
[2m2021-11-18 14:25:26.813[0;39m [32m INFO[0;39m [35m10200[0;39m [2m---[0;39m [2m[nio-9999-exec-2][0;39m [36mc.ssafy.vue.controller.BoardController  [0;39m [2m:[0;39m getArticle - 호출 : 1
[2m2021-11-18 14:25:27.007[0;39m [32mDEBUG[0;39m [35m10200[0;39m [2m---[0;39m [2m[nio-9999-exec-3][0;39m [36mc.ssafy.vue.controller.BoardController  [0;39m [2m:[0;39m listComment - 호출
[2m2021-11-18 14:26:02.501[0;39m [32m INFO[0;39m [35m10200[0;39m [2m---[0;39m [2m[nio-9999-exec-4][0;39m [36mc.ssafy.vue.controller.BoardController  [0;39m [2m:[0;39m getArticle - 호출 : 1
[2m2021-11-18 14:26:02.597[0;39m [32mDEBUG[0;39m [35m10200[0;39m [2m---[0;39m [2m[nio-9999-exec-5][0;39m [36mc.ssafy.vue.controller.BoardController  [0;39m [2m:[0;39m listComment - 호출
[2m2021-11-18 14:26:03.700[0;39m [32m INFO[0;39m [35m10200[0;39m [2m---[0;39m [2m[nio-9999-exec-6][0;39m [36mc.ssafy.vue.controller.BoardController  [0;39m [2m:[0;39m getArticle - 호출 : 1
[2m2021-11-18 14:26:03.785[0;39m [32mDEBUG[0;39m [35m10200[0;39m [2m---[0;39m [2m[nio-9999-exec-7][0;39m [36mc.ssafy.vue.controller.BoardController  [0;39m [2m:[0;39m listComment - 호출
[2m2021-11-18 14:26:34.360[0;39m [32m INFO[0;39m [35m10200[0;39m [2m---[0;39m [2m[nio-9999-exec-8][0;39m [36mc.ssafy.vue.controller.BoardController  [0;39m [2m:[0;39m getArticle - 호출 : 1
[2m2021-11-18 14:26:34.439[0;39m [32mDEBUG[0;39m [35m10200[0;39m [2m---[0;39m [2m[nio-9999-exec-9][0;39m [36mc.ssafy.vue.controller.BoardController  [0;39m [2m:[0;39m listComment - 호출
[2m2021-11-18 14:26:49.269[0;39m [32m INFO[0;39m [35m10200[0;39m [2m---[0;39m [2m[io-9999-exec-10][0;39m [36mc.ssafy.vue.controller.BoardController  [0;39m [2m:[0;39m getArticle - 호출 : 1
[2m2021-11-18 14:26:49.366[0;39m [32mDEBUG[0;39m [35m10200[0;39m [2m---[0;39m [2m[nio-9999-exec-1][0;39m [36mc.ssafy.vue.controller.BoardController  [0;39m [2m:[0;39m listComment - 호출
[2m2021-11-18 14:28:03.546[0;39m [32m INFO[0;39m [35m10200[0;39m [2m---[0;39m [2m[nio-9999-exec-3][0;39m [36mc.ssafy.vue.controller.BoardController  [0;39m [2m:[0;39m getArticle - 호출 : 1
[2m2021-11-18 14:28:03.727[0;39m [32mDEBUG[0;39m [35m10200[0;39m [2m---[0;39m [2m[nio-9999-exec-4][0;39m [36mc.ssafy.vue.controller.BoardController  [0;39m [2m:[0;39m listComment - 호출
[2m2021-11-18 14:29:10.160[0;39m [32m INFO[0;39m [35m10200[0;39m [2m---[0;39m [2m[nio-9999-exec-6][0;39m [36mc.ssafy.vue.controller.BoardController  [0;39m [2m:[0;39m getArticle - 호출 : 1
[2m2021-11-18 14:29:10.271[0;39m [32mDEBUG[0;39m [35m10200[0;39m [2m---[0;39m [2m[nio-9999-exec-7][0;39m [36mc.ssafy.vue.controller.BoardController  [0;39m [2m:[0;39m listComment - 호출
[2m2021-11-18 14:29:46.788[0;39m [32m INFO[0;39m [35m10200[0;39m [2m---[0;39m [2m[nio-9999-exec-8][0;39m [36mc.ssafy.vue.controller.BoardController  [0;39m [2m:[0;39m getArticle - 호출 : 1
[2m2021-11-18 14:29:46.890[0;39m [32mDEBUG[0;39m [35m10200[0;39m [2m---[0;39m [2m[nio-9999-exec-9][0;39m [36mc.ssafy.vue.controller.BoardController  [0;39m [2m:[0;39m listComment - 호출
[2m2021-11-18 14:31:37.260[0;39m [32m INFO[0;39m [35m10200[0;39m [2m---[0;39m [2m[nio-9999-exec-1][0;39m [36mc.ssafy.vue.controller.BoardController  [0;39m [2m:[0;39m getArticle - 호출 : 1
[2m2021-11-18 14:31:37.299[0;39m [32mDEBUG[0;39m [35m10200[0;39m [2m---[0;39m [2m[nio-9999-exec-2][0;39m [36mc.ssafy.vue.controller.BoardController  [0;39m [2m:[0;39m listComment - 호출
[2m2021-11-18 14:31:40.619[0;39m [32m INFO[0;39m [35m10200[0;39m [2m---[0;39m [2m[nio-9999-exec-3][0;39m [36mc.ssafy.vue.controller.BoardController  [0;39m [2m:[0;39m getArticle - 호출 : 1
[2m2021-11-18 14:31:40.689[0;39m [32mDEBUG[0;39m [35m10200[0;39m [2m---[0;39m [2m[nio-9999-exec-4][0;39m [36mc.ssafy.vue.controller.BoardController  [0;39m [2m:[0;39m listComment - 호출
[2m2021-11-18 14:31:57.900[0;39m [32m INFO[0;39m [35m10200[0;39m [2m---[0;39m [2m[nio-9999-exec-5][0;39m [36mc.ssafy.vue.controller.BoardController  [0;39m [2m:[0;39m getArticle - 호출 : 1
[2m2021-11-18 14:31:57.999[0;39m [32mDEBUG[0;39m [35m10200[0;39m [2m---[0;39m [2m[nio-9999-exec-6][0;39m [36mc.ssafy.vue.controller.BoardController  [0;39m [2m:[0;39m listComment - 호출
[2m2021-11-18 14:32:09.902[0;39m [32m INFO[0;39m [35m10200[0;39m [2m---[0;39m [2m[nio-9999-exec-7][0;39m [36mc.ssafy.vue.controller.BoardController  [0;39m [2m:[0;39m getArticle - 호출 : 1
[2m2021-11-18 14:32:09.951[0;39m [32mDEBUG[0;39m [35m10200[0;39m [2m---[0;39m [2m[nio-9999-exec-8][0;39m [36mc.ssafy.vue.controller.BoardController  [0;39m [2m:[0;39m listComment - 호출
[2m2021-11-18 14:33:21.040[0;39m [32m INFO[0;39m [35m10200[0;39m [2m---[0;39m [2m[io-9999-exec-10][0;39m [36mc.ssafy.vue.controller.BoardController  [0;39m [2m:[0;39m getArticle - 호출 : 1
[2m2021-11-18 14:33:21.141[0;39m [32mDEBUG[0;39m [35m10200[0;39m [2m---[0;39m [2m[nio-9999-exec-1][0;39m [36mc.ssafy.vue.controller.BoardController  [0;39m [2m:[0;39m listComment - 호출
[2m2021-11-18 14:37:11.076[0;39m [32m INFO[0;39m [35m10200[0;39m [2m---[0;39m [2m[nio-9999-exec-3][0;39m [36mc.ssafy.vue.controller.BoardController  [0;39m [2m:[0;39m getArticle - 호출 : 1
[2m2021-11-18 14:37:21.791[0;39m [32m INFO[0;39m [35m10200[0;39m [2m---[0;39m [2m[nio-9999-exec-4][0;39m [36mc.ssafy.vue.controller.BoardController  [0;39m [2m:[0;39m getArticle - 호출 : 1
[2m2021-11-18 14:37:21.925[0;39m [32mDEBUG[0;39m [35m10200[0;39m [2m---[0;39m [2m[nio-9999-exec-5][0;39m [36mc.ssafy.vue.controller.BoardController  [0;39m [2m:[0;39m listComment - 호출
[2m2021-11-18 14:37:56.268[0;39m [32m INFO[0;39m [35m10200[0;39m [2m---[0;39m [2m[nio-9999-exec-6][0;39m [36mc.ssafy.vue.controller.BoardController  [0;39m [2m:[0;39m getArticle - 호출 : 1
[2m2021-11-18 14:37:56.404[0;39m [32mDEBUG[0;39m [35m10200[0;39m [2m---[0;39m [2m[nio-9999-exec-7][0;39m [36mc.ssafy.vue.controller.BoardController  [0;39m [2m:[0;39m listComment - 호출
[2m2021-11-18 14:37:57.672[0;39m [32m INFO[0;39m [35m10200[0;39m [2m---[0;39m [2m[nio-9999-exec-8][0;39m [36mc.ssafy.vue.controller.BoardController  [0;39m [2m:[0;39m getArticle - 호출 : 1
[2m2021-11-18 14:37:57.834[0;39m [32mDEBUG[0;39m [35m10200[0;39m [2m---[0;39m [2m[nio-9999-exec-9][0;39m [36mc.ssafy.vue.controller.BoardController  [0;39m [2m:[0;39m listComment - 호출
[2m2021-11-18 14:39:03.023[0;39m [32m INFO[0;39m [35m10200[0;39m [2m---[0;39m [2m[nio-9999-exec-1][0;39m [36mc.ssafy.vue.controller.BoardController  [0;39m [2m:[0;39m getArticle - 호출 : 1
[2m2021-11-18 14:39:03.205[0;39m [32mDEBUG[0;39m [35m10200[0;39m [2m---[0;39m [2m[nio-9999-exec-2][0;39m [36mc.ssafy.vue.controller.BoardController  [0;39m [2m:[0;39m listComment - 호출
[2m2021-11-18 14:40:05.890[0;39m [32mDEBUG[0;39m [35m10200[0;39m [2m---[0;39m [2m[nio-9999-exec-5][0;39m [36mc.ssafy.vue.controller.BoardController  [0;39m [2m:[0;39m deleteComment - 호출
[2m2021-11-18 14:40:09.134[0;39m [32m INFO[0;39m [35m10200[0;39m [2m---[0;39m [2m[nio-9999-exec-6][0;39m [36mc.ssafy.vue.controller.BoardController  [0;39m [2m:[0;39m getArticle - 호출 : 1
[2m2021-11-18 14:40:09.283[0;39m [32mDEBUG[0;39m [35m10200[0;39m [2m---[0;39m [2m[nio-9999-exec-7][0;39m [36mc.ssafy.vue.controller.BoardController  [0;39m [2m:[0;39m listComment - 호출
[2m2021-11-18 14:42:00.790[0;39m [32m INFO[0;39m [35m10200[0;39m [2m---[0;39m [2m[nio-9999-exec-9][0;39m [36mc.ssafy.vue.controller.BoardController  [0;39m [2m:[0;39m getArticle - 호출 : 1
[2m2021-11-18 14:42:00.927[0;39m [32mDEBUG[0;39m [35m10200[0;39m [2m---[0;39m [2m[io-9999-exec-10][0;39m [36mc.ssafy.vue.controller.BoardController  [0;39m [2m:[0;39m listComment - 호출
[2m2021-11-18 14:42:03.762[0;39m [32m INFO[0;39m [35m10200[0;39m [2m---[0;39m [2m[nio-9999-exec-1][0;39m [36mc.ssafy.vue.controller.BoardController  [0;39m [2m:[0;39m getArticle - 호출 : 1
[2m2021-11-18 14:42:03.898[0;39m [32mDEBUG[0;39m [35m10200[0;39m [2m---[0;39m [2m[nio-9999-exec-2][0;39m [36mc.ssafy.vue.controller.BoardController  [0;39m [2m:[0;39m listComment - 호출
[2m2021-11-18 14:42:11.720[0;39m [32mDEBUG[0;39m [35m10200[0;39m [2m---[0;39m [2m[nio-9999-exec-4][0;39m [36mc.ssafy.vue.controller.BoardController  [0;39m [2m:[0;39m deleteComment - 호출
[2m2021-11-18 14:42:22.531[0;39m [32m INFO[0;39m [35m10200[0;39m [2m---[0;39m [2m[nio-9999-exec-5][0;39m [36mc.ssafy.vue.controller.BoardController  [0;39m [2m:[0;39m getArticle - 호출 : 1
[2m2021-11-18 14:42:22.706[0;39m [32mDEBUG[0;39m [35m10200[0;39m [2m---[0;39m [2m[nio-9999-exec-6][0;39m [36mc.ssafy.vue.controller.BoardController  [0;39m [2m:[0;39m listComment - 호출
[2m2021-11-18 14:43:29.854[0;39m [32m INFO[0;39m [35m10200[0;39m [2m---[0;39m [2m[nio-9999-exec-8][0;39m [36mc.ssafy.vue.controller.BoardController  [0;39m [2m:[0;39m getArticle - 호출 : 1
[2m2021-11-18 14:43:29.913[0;39m [32mDEBUG[0;39m [35m10200[0;39m [2m---[0;39m [2m[nio-9999-exec-9][0;39m [36mc.ssafy.vue.controller.BoardController  [0;39m [2m:[0;39m listComment - 호출
[2m2021-11-18 14:43:50.748[0;39m [32m INFO[0;39m [35m10200[0;39m [2m---[0;39m [2m[io-9999-exec-10][0;39m [36mc.ssafy.vue.controller.BoardController  [0;39m [2m:[0;39m getArticle - 호출 : 1
[2m2021-11-18 14:43:50.895[0;39m [32mDEBUG[0;39m [35m10200[0;39m [2m---[0;39m [2m[nio-9999-exec-1][0;39m [36mc.ssafy.vue.controller.BoardController  [0;39m [2m:[0;39m listComment - 호출
[2m2021-11-18 14:43:54.831[0;39m [32mDEBUG[0;39m [35m10200[0;39m [2m---[0;39m [2m[nio-9999-exec-3][0;39m [36mc.ssafy.vue.controller.BoardController  [0;39m [2m:[0;39m deleteComment - 호출
[2m2021-11-18 14:48:11.096[0;39m [32mDEBUG[0;39m [35m10200[0;39m [2m---[0;39m [2m[nio-9999-exec-5][0;39m [36mc.ssafy.vue.controller.BoardController  [0;39m [2m:[0;39m deleteComment - 호출
[2m2021-11-18 14:48:39.099[0;39m [32m INFO[0;39m [35m10200[0;39m [2m---[0;39m [2m[nio-9999-exec-6][0;39m [36mc.ssafy.vue.controller.BoardController  [0;39m [2m:[0;39m getArticle - 호출 : 1
[2m2021-11-18 14:48:39.210[0;39m [32mDEBUG[0;39m [35m10200[0;39m [2m---[0;39m [2m[nio-9999-exec-7][0;39m [36mc.ssafy.vue.controller.BoardController  [0;39m [2m:[0;39m listComment - 호출
[2m2021-11-18 14:48:42.418[0;39m [32mDEBUG[0;39m [35m10200[0;39m [2m---[0;39m [2m[nio-9999-exec-9][0;39m [36mc.ssafy.vue.controller.BoardController  [0;39m [2m:[0;39m deleteComment - 호출
[2m2021-11-18 14:48:42.429[0;39m [32mDEBUG[0;39m [35m10200[0;39m [2m---[0;39m [2m[io-9999-exec-10][0;39m [36mc.ssafy.vue.controller.BoardController  [0;39m [2m:[0;39m listComment - 호출
[2m2021-11-18 14:49:31.207[0;39m [32m INFO[0;39m [35m10200[0;39m [2m---[0;39m [2m[nio-9999-exec-1][0;39m [36mc.ssafy.vue.controller.BoardController  [0;39m [2m:[0;39m getArticle - 호출 : 1
[2m2021-11-18 14:49:31.241[0;39m [32mDEBUG[0;39m [35m10200[0;39m [2m---[0;39m [2m[nio-9999-exec-2][0;39m [36mc.ssafy.vue.controller.BoardController  [0;39m [2m:[0;39m listComment - 호출
[2m2021-11-18 14:50:38.480[0;39m [32m INFO[0;39m [35m10200[0;39m [2m---[0;39m [2m[nio-9999-exec-5][0;39m [36mc.ssafy.vue.controller.BoardController  [0;39m [2m:[0;39m getArticle - 호출 : 1
[2m2021-11-18 14:50:38.607[0;39m [32mDEBUG[0;39m [35m10200[0;39m [2m---[0;39m [2m[nio-9999-exec-6][0;39m [36mc.ssafy.vue.controller.BoardController  [0;39m [2m:[0;39m listComment - 호출
[2m2021-11-18 14:50:42.168[0;39m [32m INFO[0;39m [35m10200[0;39m [2m---[0;39m [2m[nio-9999-exec-7][0;39m [36mc.ssafy.vue.controller.BoardController  [0;39m [2m:[0;39m getArticle - 호출 : 1
[2m2021-11-18 14:50:42.293[0;39m [32mDEBUG[0;39m [35m10200[0;39m [2m---[0;39m [2m[nio-9999-exec-8][0;39m [36mc.ssafy.vue.controller.BoardController  [0;39m [2m:[0;39m listComment - 호출
[2m2021-11-18 14:58:58.481[0;39m [32m INFO[0;39m [35m10200[0;39m [2m---[0;39m [2m[io-9999-exec-10][0;39m [36mc.ssafy.vue.controller.BoardController  [0;39m [2m:[0;39m getArticle - 호출 : 1
[2m2021-11-18 14:58:58.705[0;39m [32mDEBUG[0;39m [35m10200[0;39m [2m---[0;39m [2m[nio-9999-exec-1][0;39m [36mc.ssafy.vue.controller.BoardController  [0;39m [2m:[0;39m listComment - 호출
[2m2021-11-18 15:00:49.566[0;39m [32m INFO[0;39m [35m10200[0;39m [2m---[0;39m [2m[nio-9999-exec-3][0;39m [36mc.ssafy.vue.controller.BoardController  [0;39m [2m:[0;39m getArticle - 호출 : 1
[2m2021-11-18 15:00:49.717[0;39m [32mDEBUG[0;39m [35m10200[0;39m [2m---[0;39m [2m[nio-9999-exec-4][0;39m [36mc.ssafy.vue.controller.BoardController  [0;39m [2m:[0;39m listComment - 호출
[2m2021-11-18 15:02:14.300[0;39m [32m INFO[0;39m [35m10200[0;39m [2m---[0;39m [2m[nio-9999-exec-6][0;39m [36mc.ssafy.vue.controller.BoardController  [0;39m [2m:[0;39m getArticle - 호출 : 1
[2m2021-11-18 15:02:14.471[0;39m [32mDEBUG[0;39m [35m10200[0;39m [2m---[0;39m [2m[nio-9999-exec-7][0;39m [36mc.ssafy.vue.controller.BoardController  [0;39m [2m:[0;39m listComment - 호출
[2m2021-11-18 15:02:42.218[0;39m [32m INFO[0;39m [35m10200[0;39m [2m---[0;39m [2m[nio-9999-exec-8][0;39m [36mc.ssafy.vue.controller.BoardController  [0;39m [2m:[0;39m getArticle - 호출 : 1
[2m2021-11-18 15:02:42.291[0;39m [32mDEBUG[0;39m [35m10200[0;39m [2m---[0;39m [2m[nio-9999-exec-9][0;39m [36mc.ssafy.vue.controller.BoardController  [0;39m [2m:[0;39m listComment - 호출
[2m2021-11-18 15:02:48.489[0;39m [32m INFO[0;39m [35m10200[0;39m [2m---[0;39m [2m[io-9999-exec-10][0;39m [36mc.ssafy.vue.controller.BoardController  [0;39m [2m:[0;39m getArticle - 호출 : 1
[2m2021-11-18 15:02:48.520[0;39m [32mDEBUG[0;39m [35m10200[0;39m [2m---[0;39m [2m[nio-9999-exec-1][0;39m [36mc.ssafy.vue.controller.BoardController  [0;39m [2m:[0;39m listComment - 호출
[2m2021-11-18 15:03:27.276[0;39m [32m INFO[0;39m [35m10200[0;39m [2m---[0;39m [2m[nio-9999-exec-2][0;39m [36mc.ssafy.vue.controller.BoardController  [0;39m [2m:[0;39m getArticle - 호출 : 1
[2m2021-11-18 15:03:27.521[0;39m [32mDEBUG[0;39m [35m10200[0;39m [2m---[0;39m [2m[nio-9999-exec-3][0;39m [36mc.ssafy.vue.controller.BoardController  [0;39m [2m:[0;39m listComment - 호출
[2m2021-11-18 15:04:15.719[0;39m [32m INFO[0;39m [35m10200[0;39m [2m---[0;39m [2m[nio-9999-exec-4][0;39m [36mc.ssafy.vue.controller.BoardController  [0;39m [2m:[0;39m getArticle - 호출 : 1
[2m2021-11-18 15:04:15.838[0;39m [32mDEBUG[0;39m [35m10200[0;39m [2m---[0;39m [2m[nio-9999-exec-5][0;39m [36mc.ssafy.vue.controller.BoardController  [0;39m [2m:[0;39m listComment - 호출
[2m2021-11-18 15:04:20.448[0;39m [32mDEBUG[0;39m [35m10200[0;39m [2m---[0;39m [2m[nio-9999-exec-8][0;39m [36mc.ssafy.vue.controller.BoardController  [0;39m [2m:[0;39m listComment - 호출
[2m2021-11-18 15:04:20.452[0;39m [32mDEBUG[0;39m [35m10200[0;39m [2m---[0;39m [2m[nio-9999-exec-7][0;39m [36mc.ssafy.vue.controller.BoardController  [0;39m [2m:[0;39m createComment - 호출
[2m2021-11-18 15:04:43.087[0;39m [32m INFO[0;39m [35m10200[0;39m [2m---[0;39m [2m[nio-9999-exec-9][0;39m [36mc.ssafy.vue.controller.BoardController  [0;39m [2m:[0;39m getArticle - 호출 : 1
[2m2021-11-18 15:04:43.243[0;39m [32mDEBUG[0;39m [35m10200[0;39m [2m---[0;39m [2m[io-9999-exec-10][0;39m [36mc.ssafy.vue.controller.BoardController  [0;39m [2m:[0;39m listComment - 호출
[2m2021-11-18 15:05:33.145[0;39m [32m INFO[0;39m [35m10200[0;39m [2m---[0;39m [2m[nio-9999-exec-2][0;39m [36mc.ssafy.vue.controller.BoardController  [0;39m [2m:[0;39m getArticle - 호출 : 1
[2m2021-11-18 15:05:33.271[0;39m [32mDEBUG[0;39m [35m10200[0;39m [2m---[0;39m [2m[nio-9999-exec-3][0;39m [36mc.ssafy.vue.controller.BoardController  [0;39m [2m:[0;39m listComment - 호출
[2m2021-11-18 15:05:36.477[0;39m [32mDEBUG[0;39m [35m10200[0;39m [2m---[0;39m [2m[nio-9999-exec-4][0;39m [36mc.ssafy.vue.controller.BoardController  [0;39m [2m:[0;39m createComment - 호출
[2m2021-11-18 15:05:37.976[0;39m [32mDEBUG[0;39m [35m10200[0;39m [2m---[0;39m [2m[nio-9999-exec-5][0;39m [36mc.ssafy.vue.controller.BoardController  [0;39m [2m:[0;39m listComment - 호출
[2m2021-11-18 15:05:43.379[0;39m [32mDEBUG[0;39m [35m10200[0;39m [2m---[0;39m [2m[nio-9999-exec-6][0;39m [36mc.ssafy.vue.controller.BoardController  [0;39m [2m:[0;39m createComment - 호출
[2m2021-11-18 15:05:43.796[0;39m [32mDEBUG[0;39m [35m10200[0;39m [2m---[0;39m [2m[nio-9999-exec-8][0;39m [36mc.ssafy.vue.controller.BoardController  [0;39m [2m:[0;39m listComment - 호출
[2m2021-11-18 15:05:57.388[0;39m [32mDEBUG[0;39m [35m10200[0;39m [2m---[0;39m [2m[nio-9999-exec-7][0;39m [36mc.ssafy.vue.controller.BoardController  [0;39m [2m:[0;39m createComment - 호출
[2m2021-11-18 15:05:57.391[0;39m [32mDEBUG[0;39m [35m10200[0;39m [2m---[0;39m [2m[nio-9999-exec-9][0;39m [36mc.ssafy.vue.controller.BoardController  [0;39m [2m:[0;39m listComment - 호출
[2m2021-11-18 15:08:18.809[0;39m [32m INFO[0;39m [35m10200[0;39m [2m---[0;39m [2m[nio-9999-exec-2][0;39m [36mc.ssafy.vue.controller.BoardController  [0;39m [2m:[0;39m getArticle - 호출 : 1
[2m2021-11-18 15:08:19.007[0;39m [32mDEBUG[0;39m [35m10200[0;39m [2m---[0;39m [2m[nio-9999-exec-3][0;39m [36mc.ssafy.vue.controller.BoardController  [0;39m [2m:[0;39m listComment - 호출
[2m2021-11-18 15:10:03.403[0;39m [32m INFO[0;39m [35m10200[0;39m [2m---[0;39m [2m[nio-9999-exec-5][0;39m [36mc.ssafy.vue.controller.BoardController  [0;39m [2m:[0;39m getArticle - 호출 : 1
[2m2021-11-18 15:10:03.618[0;39m [32mDEBUG[0;39m [35m10200[0;39m [2m---[0;39m [2m[nio-9999-exec-6][0;39m [36mc.ssafy.vue.controller.BoardController  [0;39m [2m:[0;39m listComment - 호출
[2m2021-11-18 15:10:09.387[0;39m [32mDEBUG[0;39m [35m10200[0;39m [2m---[0;39m [2m[nio-9999-exec-7][0;39m [36mc.ssafy.vue.controller.BoardController  [0;39m [2m:[0;39m modifyComment - 호출
[2m2021-11-18 15:10:09.387[0;39m [32mDEBUG[0;39m [35m10200[0;39m [2m---[0;39m [2m[nio-9999-exec-7][0;39m [36mc.ssafy.vue.controller.BoardController  [0;39m [2m:[0;39m CommentDto [memono=36, userid=ssafy, comment=hi777, memotime=2021-11-18 15:05:57, articleno=1]
[2m2021-11-18 15:10:38.928[0;39m [32m INFO[0;39m [35m10200[0;39m [2m---[0;39m [2m[nio-9999-exec-9][0;39m [36mc.ssafy.vue.controller.BoardController  [0;39m [2m:[0;39m getArticle - 호출 : 1
[2m2021-11-18 15:10:39.106[0;39m [32mDEBUG[0;39m [35m10200[0;39m [2m---[0;39m [2m[io-9999-exec-10][0;39m [36mc.ssafy.vue.controller.BoardController  [0;39m [2m:[0;39m listComment - 호출
[2m2021-11-18 15:10:44.629[0;39m [32mDEBUG[0;39m [35m10200[0;39m [2m---[0;39m [2m[nio-9999-exec-1][0;39m [36mc.ssafy.vue.controller.BoardController  [0;39m [2m:[0;39m modifyComment - 호출
[2m2021-11-18 15:10:44.629[0;39m [32mDEBUG[0;39m [35m10200[0;39m [2m---[0;39m [2m[nio-9999-exec-1][0;39m [36mc.ssafy.vue.controller.BoardController  [0;39m [2m:[0;39m CommentDto [memono=36, userid=ssafy, comment=hi7, memotime=2021-11-18 15:05:57, articleno=1]
[2m2021-11-18 15:10:46.092[0;39m [33m WARN[0;39m [35m10200[0;39m [2m---[0;39m [2m[nio-9999-exec-2][0;39m [36m.w.s.m.s.DefaultHandlerExceptionResolver[0;39m [2m:[0;39m Resolved [org.springframework.web.method.annotation.MethodArgumentTypeMismatchException: Failed to convert value of type 'java.lang.String' to required type 'int'; nested exception is java.lang.NumberFormatException: For input string: "undefined"]
[2m2021-11-18 15:11:14.850[0;39m [32m INFO[0;39m [35m10200[0;39m [2m---[0;39m [2m[nio-9999-exec-3][0;39m [36mc.ssafy.vue.controller.BoardController  [0;39m [2m:[0;39m getArticle - 호출 : 1
[2m2021-11-18 15:11:15.002[0;39m [32mDEBUG[0;39m [35m10200[0;39m [2m---[0;39m [2m[nio-9999-exec-4][0;39m [36mc.ssafy.vue.controller.BoardController  [0;39m [2m:[0;39m listComment - 호출
[2m2021-11-18 15:11:21.513[0;39m [32mDEBUG[0;39m [35m10200[0;39m [2m---[0;39m [2m[nio-9999-exec-5][0;39m [36mc.ssafy.vue.controller.BoardController  [0;39m [2m:[0;39m modifyComment - 호출
[2m2021-11-18 15:11:21.513[0;39m [32mDEBUG[0;39m [35m10200[0;39m [2m---[0;39m [2m[nio-9999-exec-5][0;39m [36mc.ssafy.vue.controller.BoardController  [0;39m [2m:[0;39m CommentDto [memono=36, userid=ssafy, comment=hi777
, memotime=2021-11-18 15:05:57, articleno=1]
[2m2021-11-18 15:11:22.587[0;39m [32mDEBUG[0;39m [35m10200[0;39m [2m---[0;39m [2m[nio-9999-exec-6][0;39m [36mc.ssafy.vue.controller.BoardController  [0;39m [2m:[0;39m listComment - 호출
[2m2021-11-18 15:17:35.222[0;39m [32m INFO[0;39m [35m10200[0;39m [2m---[0;39m [2m[nio-9999-exec-7][0;39m [36mc.ssafy.vue.controller.BoardController  [0;39m [2m:[0;39m getArticle - 호출 : 1
[2m2021-11-18 15:17:35.354[0;39m [32mDEBUG[0;39m [35m10200[0;39m [2m---[0;39m [2m[nio-9999-exec-9][0;39m [36mc.ssafy.vue.controller.BoardController  [0;39m [2m:[0;39m listComment - 호출
[2m2021-11-18 15:20:10.399[0;39m [32m INFO[0;39m [35m10200[0;39m [2m---[0;39m [2m[nio-9999-exec-1][0;39m [36mc.ssafy.vue.controller.BoardController  [0;39m [2m:[0;39m getArticle - 호출 : 1
[2m2021-11-18 15:20:10.557[0;39m [32mDEBUG[0;39m [35m10200[0;39m [2m---[0;39m [2m[nio-9999-exec-2][0;39m [36mc.ssafy.vue.controller.BoardController  [0;39m [2m:[0;39m listComment - 호출
[2m2021-11-18 15:26:44.632[0;39m [32m INFO[0;39m [35m10200[0;39m [2m---[0;39m [2m[nio-9999-exec-4][0;39m [36mc.ssafy.vue.controller.BoardController  [0;39m [2m:[0;39m getArticle - 호출 : 1
[2m2021-11-18 15:26:44.928[0;39m [32mDEBUG[0;39m [35m10200[0;39m [2m---[0;39m [2m[nio-9999-exec-5][0;39m [36mc.ssafy.vue.controller.BoardController  [0;39m [2m:[0;39m listComment - 호출
[2m2021-11-18 15:27:51.695[0;39m [32m INFO[0;39m [35m10200[0;39m [2m---[0;39m [2m[nio-9999-exec-8][0;39m [36mc.ssafy.vue.controller.BoardController  [0;39m [2m:[0;39m getArticle - 호출 : 1
[2m2021-11-18 15:27:51.795[0;39m [32mDEBUG[0;39m [35m10200[0;39m [2m---[0;39m [2m[nio-9999-exec-7][0;39m [36mc.ssafy.vue.controller.BoardController  [0;39m [2m:[0;39m listComment - 호출
[2m2021-11-18 15:28:38.311[0;39m [32m INFO[0;39m [35m10200[0;39m [2m---[0;39m [2m[nio-9999-exec-9][0;39m [36mc.ssafy.vue.controller.BoardController  [0;39m [2m:[0;39m getArticle - 호출 : 1
[2m2021-11-18 15:28:38.464[0;39m [32mDEBUG[0;39m [35m10200[0;39m [2m---[0;39m [2m[io-9999-exec-10][0;39m [36mc.ssafy.vue.controller.BoardController  [0;39m [2m:[0;39m listComment - 호출
[2m2021-11-18 15:31:22.868[0;39m [32m INFO[0;39m [35m10200[0;39m [2m---[0;39m [2m[nio-9999-exec-2][0;39m [36mc.ssafy.vue.controller.BoardController  [0;39m [2m:[0;39m listArticle - 호출
[2m2021-11-18 15:32:41.641[0;39m [32m INFO[0;39m [35m10200[0;39m [2m---[0;39m [2m[nio-9999-exec-4][0;39m [36mc.ssafy.vue.controller.BoardController  [0;39m [2m:[0;39m listArticle - 호출
[2m2021-11-18 15:33:12.862[0;39m [32m INFO[0;39m [35m10200[0;39m [2m---[0;39m [2m[nio-9999-exec-5][0;39m [36mc.ssafy.vue.controller.BoardController  [0;39m [2m:[0;39m listArticle - 호출
[2m2021-11-18 15:33:45.710[0;39m [32m INFO[0;39m [35m10200[0;39m [2m---[0;39m [2m[nio-9999-exec-6][0;39m [36mc.ssafy.vue.controller.BoardController  [0;39m [2m:[0;39m listArticle - 호출
[2m2021-11-18 15:34:30.378[0;39m [32m INFO[0;39m [35m10200[0;39m [2m---[0;39m [2m[nio-9999-exec-8][0;39m [36mc.ssafy.vue.controller.BoardController  [0;39m [2m:[0;39m listArticle - 호출
[2m2021-11-18 15:35:26.116[0;39m [32m INFO[0;39m [35m10200[0;39m [2m---[0;39m [2m[nio-9999-exec-7][0;39m [36mc.ssafy.vue.controller.BoardController  [0;39m [2m:[0;39m listArticle - 호출
[2m2021-11-18 15:36:01.598[0;39m [32m INFO[0;39m [35m10200[0;39m [2m---[0;39m [2m[nio-9999-exec-9][0;39m [36mc.ssafy.vue.controller.BoardController  [0;39m [2m:[0;39m listArticle - 호출
[2m2021-11-18 15:36:27.737[0;39m [32m INFO[0;39m [35m10200[0;39m [2m---[0;39m [2m[io-9999-exec-10][0;39m [36mc.ssafy.vue.controller.BoardController  [0;39m [2m:[0;39m listArticle - 호출
[2m2021-11-18 15:36:28.885[0;39m [32m INFO[0;39m [35m10200[0;39m [2m---[0;39m [2m[nio-9999-exec-1][0;39m [36mc.ssafy.vue.controller.BoardController  [0;39m [2m:[0;39m getArticle - 호출 : 1
[2m2021-11-18 15:36:33.620[0;39m [32mDEBUG[0;39m [35m10200[0;39m [2m---[0;39m [2m[nio-9999-exec-2][0;39m [36mc.ssafy.vue.controller.BoardController  [0;39m [2m:[0;39m createComment - 호출
[2m2021-11-18 15:42:50.738[0;39m [32m INFO[0;39m [35m10200[0;39m [2m---[0;39m [2m[nio-9999-exec-4][0;39m [36mc.ssafy.vue.controller.BoardController  [0;39m [2m:[0;39m getArticle - 호출 : 1
[2m2021-11-18 15:42:50.916[0;39m [32mDEBUG[0;39m [35m10200[0;39m [2m---[0;39m [2m[nio-9999-exec-5][0;39m [36mc.ssafy.vue.controller.BoardController  [0;39m [2m:[0;39m listComment - 호출
[2m2021-11-18 15:43:00.462[0;39m [32m INFO[0;39m [35m10200[0;39m [2m---[0;39m [2m[nio-9999-exec-6][0;39m [36mc.ssafy.vue.controller.BoardController  [0;39m [2m:[0;39m getArticle - 호출 : 1
[2m2021-11-18 15:43:00.613[0;39m [32mDEBUG[0;39m [35m10200[0;39m [2m---[0;39m [2m[nio-9999-exec-8][0;39m [36mc.ssafy.vue.controller.BoardController  [0;39m [2m:[0;39m listComment - 호출
[2m2021-11-18 15:43:05.306[0;39m [32mDEBUG[0;39m [35m10200[0;39m [2m---[0;39m [2m[nio-9999-exec-7][0;39m [36mc.ssafy.vue.controller.BoardController  [0;39m [2m:[0;39m createComment - 호출
[2m2021-11-18 15:43:06.034[0;39m [32mDEBUG[0;39m [35m10200[0;39m [2m---[0;39m [2m[nio-9999-exec-9][0;39m [36mc.ssafy.vue.controller.BoardController  [0;39m [2m:[0;39m listComment - 호출
[2m2021-11-18 15:43:10.795[0;39m [32mDEBUG[0;39m [35m10200[0;39m [2m---[0;39m [2m[io-9999-exec-10][0;39m [36mc.ssafy.vue.controller.BoardController  [0;39m [2m:[0;39m modifyComment - 호출
[2m2021-11-18 15:43:10.795[0;39m [32mDEBUG[0;39m [35m10200[0;39m [2m---[0;39m [2m[io-9999-exec-10][0;39m [36mc.ssafy.vue.controller.BoardController  [0;39m [2m:[0;39m CommentDto [memono=38, userid=ssafy, comment=hi999, memotime=2021-11-18 15:43:05, articleno=1]
[2m2021-11-18 15:43:11.240[0;39m [32mDEBUG[0;39m [35m10200[0;39m [2m---[0;39m [2m[nio-9999-exec-1][0;39m [36mc.ssafy.vue.controller.BoardController  [0;39m [2m:[0;39m listComment - 호출
[2m2021-11-18 15:43:13.171[0;39m [32mDEBUG[0;39m [35m10200[0;39m [2m---[0;39m [2m[nio-9999-exec-3][0;39m [36mc.ssafy.vue.controller.BoardController  [0;39m [2m:[0;39m listComment - 호출
[2m2021-11-18 15:43:13.171[0;39m [32mDEBUG[0;39m [35m10200[0;39m [2m---[0;39m [2m[nio-9999-exec-4][0;39m [36mc.ssafy.vue.controller.BoardController  [0;39m [2m:[0;39m deleteComment - 호출
[2m2021-11-18 15:43:16.359[0;39m [32mDEBUG[0;39m [35m10200[0;39m [2m---[0;39m [2m[nio-9999-exec-5][0;39m [36mc.ssafy.vue.controller.BoardController  [0;39m [2m:[0;39m deleteComment - 호출
[2m2021-11-18 15:43:16.359[0;39m [32mDEBUG[0;39m [35m10200[0;39m [2m---[0;39m [2m[nio-9999-exec-6][0;39m [36mc.ssafy.vue.controller.BoardController  [0;39m [2m:[0;39m listComment - 호출
[2m2021-11-18 15:43:19.729[0;39m [32m INFO[0;39m [35m10200[0;39m [2m---[0;39m [2m[nio-9999-exec-8][0;39m [36mc.ssafy.vue.controller.BoardController  [0;39m [2m:[0;39m getArticle - 호출 : 1
[2m2021-11-18 15:43:19.881[0;39m [32mDEBUG[0;39m [35m10200[0;39m [2m---[0;39m [2m[nio-9999-exec-7][0;39m [36mc.ssafy.vue.controller.BoardController  [0;39m [2m:[0;39m listComment - 호출
[2m2021-11-18 15:44:18.239[0;39m [32m INFO[0;39m [35m10200[0;39m [2m---[0;39m [2m[io-9999-exec-10][0;39m [36mc.ssafy.vue.controller.BoardController  [0;39m [2m:[0;39m getArticle - 호출 : 1
[2m2021-11-18 15:44:18.407[0;39m [32mDEBUG[0;39m [35m10200[0;39m [2m---[0;39m [2m[nio-9999-exec-1][0;39m [36mc.ssafy.vue.controller.BoardController  [0;39m [2m:[0;39m listComment - 호출
[2m2021-11-18 15:44:40.366[0;39m [32m INFO[0;39m [35m10200[0;39m [2m---[0;39m [2m[nio-9999-exec-2][0;39m [36mc.ssafy.vue.controller.BoardController  [0;39m [2m:[0;39m getArticle - 호출 : 1
[2m2021-11-18 15:58:15.770[0;39m [32m INFO[0;39m [35m10200[0;39m [2m---[0;39m [2m[nio-9999-exec-4][0;39m [36mc.ssafy.vue.controller.BoardController  [0;39m [2m:[0;39m listArticle - 호출
[2m2021-11-18 15:58:20.176[0;39m [32m INFO[0;39m [35m10200[0;39m [2m---[0;39m [2m[nio-9999-exec-5][0;39m [36mc.ssafy.vue.controller.BoardController  [0;39m [2m:[0;39m getArticle - 호출 : 1
[2m2021-11-18 16:01:10.761[0;39m [32m INFO[0;39m [35m10200[0;39m [2m---[0;39m [2m[nio-9999-exec-8][0;39m [36mc.ssafy.vue.controller.BoardController  [0;39m [2m:[0;39m getArticle - 호출 : 1
[2m2021-11-18 16:03:18.056[0;39m [32m INFO[0;39m [35m10200[0;39m [2m---[0;39m [2m[nio-9999-exec-9][0;39m [36mc.ssafy.vue.controller.BoardController  [0;39m [2m:[0;39m getArticle - 호출 : 1
[2m2021-11-18 16:06:47.858[0;39m [32m INFO[0;39m [35m10200[0;39m [2m---[0;39m [2m[nio-9999-exec-1][0;39m [36mc.ssafy.vue.controller.BoardController  [0;39m [2m:[0;39m getArticle - 호출 : 1
[2m2021-11-18 16:08:00.700[0;39m [32m INFO[0;39m [35m10200[0;39m [2m---[0;39m [2m[nio-9999-exec-3][0;39m [36mc.ssafy.vue.controller.BoardController  [0;39m [2m:[0;39m getArticle - 호출 : 1
[2m2021-11-18 16:10:29.559[0;39m [32m INFO[0;39m [35m10200[0;39m [2m---[0;39m [2m[nio-9999-exec-5][0;39m [36mc.ssafy.vue.controller.BoardController  [0;39m [2m:[0;39m getArticle - 호출 : 1
[2m2021-11-18 16:11:04.988[0;39m [32m INFO[0;39m [35m10200[0;39m [2m---[0;39m [2m[nio-9999-exec-6][0;39m [36mc.ssafy.vue.controller.BoardController  [0;39m [2m:[0;39m getArticle - 호출 : 1
[2m2021-11-18 16:12:18.555[0;39m [32m INFO[0;39m [35m10200[0;39m [2m---[0;39m [2m[nio-9999-exec-7][0;39m [36mc.ssafy.vue.controller.BoardController  [0;39m [2m:[0;39m getArticle - 호출 : 1
[2m2021-11-18 16:12:23.638[0;39m [32m INFO[0;39m [35m10200[0;39m [2m---[0;39m [2m[nio-9999-exec-9][0;39m [36mc.ssafy.vue.controller.BoardController  [0;39m [2m:[0;39m getArticle - 호출 : 1
[2m2021-11-18 16:13:07.502[0;39m [32m INFO[0;39m [35m10200[0;39m [2m---[0;39m [2m[io-9999-exec-10][0;39m [36mc.ssafy.vue.controller.BoardController  [0;39m [2m:[0;39m listArticle - 호출
[2m2021-11-18 16:13:09.099[0;39m [32m INFO[0;39m [35m10200[0;39m [2m---[0;39m [2m[nio-9999-exec-1][0;39m [36mc.ssafy.vue.controller.BoardController  [0;39m [2m:[0;39m getArticle - 호출 : 1
[2m2021-11-18 16:14:12.480[0;39m [32mDEBUG[0;39m [35m10200[0;39m [2m---[0;39m [2m[nio-9999-exec-4][0;39m [36mc.ssafy.vue.controller.MemberController [0;39m [2m:[0;39m 로그인 토큰정보 : eyJ0eXAiOiJKV1QiLCJyZWdEYXRlIjoxNjM3MjE5NjUyNDgwLCJhbGciOiJIUzI1NiJ9.eyJleHAiOjE2MzcyMjMyNTIsInN1YiI6ImFjY2Vzcy10b2tlbiIsInVzZXJpZCI6ImFkbWluIn0.84NXf9ew5ODnKOaJE2t2mSy4KLqSVAEud4PfsROegHs
[2m2021-11-18 16:14:12.507[0;39m [32m INFO[0;39m [35m10200[0;39m [2m---[0;39m [2m[nio-9999-exec-6][0;39m [36mc.ssafy.vue.controller.MemberController [0;39m [2m:[0;39m 사용 가능한 토큰!!!
[2m2021-11-18 16:14:17.899[0;39m [32m INFO[0;39m [35m10200[0;39m [2m---[0;39m [2m[nio-9999-exec-8][0;39m [36mc.ssafy.vue.controller.BoardController  [0;39m [2m:[0;39m listArticle - 호출
[2m2021-11-18 16:14:21.598[0;39m [32m INFO[0;39m [35m10200[0;39m [2m---[0;39m [2m[nio-9999-exec-7][0;39m [36mc.ssafy.vue.controller.BoardController  [0;39m [2m:[0;39m getArticle - 호출 : 3
[2m2021-11-18 16:14:22.766[0;39m [32m INFO[0;39m [35m10200[0;39m [2m---[0;39m [2m[nio-9999-exec-9][0;39m [36mc.ssafy.vue.controller.BoardController  [0;39m [2m:[0;39m listArticle - 호출
[2m2021-11-18 16:14:24.121[0;39m [32m INFO[0;39m [35m10200[0;39m [2m---[0;39m [2m[io-9999-exec-10][0;39m [36mc.ssafy.vue.controller.BoardController  [0;39m [2m:[0;39m getArticle - 호출 : 1
[2m2021-11-18 16:15:13.872[0;39m [32m INFO[0;39m [35m10200[0;39m [2m---[0;39m [2m[nio-9999-exec-1][0;39m [36mc.ssafy.vue.controller.BoardController  [0;39m [2m:[0;39m getArticle - 호출 : 1
[2m2021-11-18 16:16:32.786[0;39m [32m INFO[0;39m [35m10200[0;39m [2m---[0;39m [2m[nio-9999-exec-3][0;39m [36mc.ssafy.vue.controller.BoardController  [0;39m [2m:[0;39m getArticle - 호출 : 1
[2m2021-11-18 16:16:32.850[0;39m [32mDEBUG[0;39m [35m10200[0;39m [2m---[0;39m [2m[nio-9999-exec-4][0;39m [36mc.ssafy.vue.controller.BoardController  [0;39m [2m:[0;39m listComment - 호출
[2m2021-11-18 16:17:06.746[0;39m [32m INFO[0;39m [35m10200[0;39m [2m---[0;39m [2m[nio-9999-exec-5][0;39m [36mc.ssafy.vue.controller.BoardController  [0;39m [2m:[0;39m getArticle - 호출 : 1
[2m2021-11-18 16:17:06.855[0;39m [32mDEBUG[0;39m [35m10200[0;39m [2m---[0;39m [2m[nio-9999-exec-6][0;39m [36mc.ssafy.vue.controller.BoardController  [0;39m [2m:[0;39m listComment - 호출
[2m2021-11-18 16:18:44.917[0;39m [32m INFO[0;39m [35m10200[0;39m [2m---[0;39m [2m[nio-9999-exec-7][0;39m [36mc.ssafy.vue.controller.BoardController  [0;39m [2m:[0;39m getArticle - 호출 : 1
[2m2021-11-18 16:18:45.081[0;39m [32mDEBUG[0;39m [35m10200[0;39m [2m---[0;39m [2m[nio-9999-exec-9][0;39m [36mc.ssafy.vue.controller.BoardController  [0;39m [2m:[0;39m listComment - 호출
[2m2021-11-18 16:19:13.632[0;39m [32m INFO[0;39m [35m10200[0;39m [2m---[0;39m [2m[io-9999-exec-10][0;39m [36mc.ssafy.vue.controller.BoardController  [0;39m [2m:[0;39m getArticle - 호출 : 1
[2m2021-11-18 16:19:13.741[0;39m [32mDEBUG[0;39m [35m10200[0;39m [2m---[0;39m [2m[nio-9999-exec-1][0;39m [36mc.ssafy.vue.controller.BoardController  [0;39m [2m:[0;39m listComment - 호출
[2m2021-11-18 16:20:01.380[0;39m [32m INFO[0;39m [35m10200[0;39m [2m---[0;39m [2m[nio-9999-exec-2][0;39m [36mc.ssafy.vue.controller.BoardController  [0;39m [2m:[0;39m getArticle - 호출 : 1
[2m2021-11-18 16:20:01.534[0;39m [32mDEBUG[0;39m [35m10200[0;39m [2m---[0;39m [2m[nio-9999-exec-3][0;39m [36mc.ssafy.vue.controller.BoardController  [0;39m [2m:[0;39m listComment - 호출
[2m2021-11-18 16:20:21.625[0;39m [32m INFO[0;39m [35m10200[0;39m [2m---[0;39m [2m[nio-9999-exec-4][0;39m [36mc.ssafy.vue.controller.BoardController  [0;39m [2m:[0;39m getArticle - 호출 : 1
[2m2021-11-18 16:20:26.140[0;39m [32m INFO[0;39m [35m10200[0;39m [2m---[0;39m [2m[nio-9999-exec-5][0;39m [36mc.ssafy.vue.controller.BoardController  [0;39m [2m:[0;39m getArticle - 호출 : 1
[2m2021-11-18 16:20:26.182[0;39m [32mDEBUG[0;39m [35m10200[0;39m [2m---[0;39m [2m[nio-9999-exec-6][0;39m [36mc.ssafy.vue.controller.BoardController  [0;39m [2m:[0;39m listComment - 호출
[2m2021-11-18 16:20:31.537[0;39m [32m INFO[0;39m [35m10200[0;39m [2m---[0;39m [2m[nio-9999-exec-8][0;39m [36mc.ssafy.vue.controller.BoardController  [0;39m [2m:[0;39m getArticle - 호출 : 1
[2m2021-11-18 16:20:31.710[0;39m [32mDEBUG[0;39m [35m10200[0;39m [2m---[0;39m [2m[nio-9999-exec-7][0;39m [36mc.ssafy.vue.controller.BoardController  [0;39m [2m:[0;39m listComment - 호출
[2m2021-11-18 16:20:51.166[0;39m [32mDEBUG[0;39m [35m10200[0;39m [2m---[0;39m [2m[nio-9999-exec-9][0;39m [36mc.ssafy.vue.controller.BoardController  [0;39m [2m:[0;39m modifyComment - 호출
[2m2021-11-18 16:20:51.166[0;39m [32mDEBUG[0;39m [35m10200[0;39m [2m---[0;39m [2m[nio-9999-exec-9][0;39m [36mc.ssafy.vue.controller.BoardController  [0;39m [2m:[0;39m CommentDto [memono=37, userid=ssafy, comment=hi88, memotime=2021-11-18 15:36:33, articleno=1]
[2m2021-11-18 16:20:59.315[0;39m [32mDEBUG[0;39m [35m10200[0;39m [2m---[0;39m [2m[io-9999-exec-10][0;39m [36mc.ssafy.vue.controller.BoardController  [0;39m [2m:[0;39m modifyComment - 호출
[2m2021-11-18 16:20:59.315[0;39m [32mDEBUG[0;39m [35m10200[0;39m [2m---[0;39m [2m[io-9999-exec-10][0;39m [36mc.ssafy.vue.controller.BoardController  [0;39m [2m:[0;39m CommentDto [memono=37, userid=ssafy, comment=hi888, memotime=2021-11-18 15:36:33, articleno=1]
[2m2021-11-18 16:21:03.799[0;39m [32m INFO[0;39m [35m10200[0;39m [2m---[0;39m [2m[nio-9999-exec-1][0;39m [36mc.ssafy.vue.controller.BoardController  [0;39m [2m:[0;39m getArticle - 호출 : 1
[2m2021-11-18 16:21:04.000[0;39m [32mDEBUG[0;39m [35m10200[0;39m [2m---[0;39m [2m[nio-9999-exec-2][0;39m [36mc.ssafy.vue.controller.BoardController  [0;39m [2m:[0;39m listComment - 호출
[2m2021-11-18 16:21:24.967[0;39m [32mDEBUG[0;39m [35m10200[0;39m [2m---[0;39m [2m[nio-9999-exec-3][0;39m [36mc.ssafy.vue.controller.BoardController  [0;39m [2m:[0;39m createComment - 호출
[2m2021-11-18 16:21:44.225[0;39m [32m INFO[0;39m [35m10200[0;39m [2m---[0;39m [2m[nio-9999-exec-4][0;39m [36mc.ssafy.vue.controller.BoardController  [0;39m [2m:[0;39m getArticle - 호출 : 1
[2m2021-11-18 16:21:44.340[0;39m [32mDEBUG[0;39m [35m10200[0;39m [2m---[0;39m [2m[nio-9999-exec-5][0;39m [36mc.ssafy.vue.controller.BoardController  [0;39m [2m:[0;39m listComment - 호출
[2m2021-11-18 16:22:09.852[0;39m [32m INFO[0;39m [35m10200[0;39m [2m---[0;39m [2m[nio-9999-exec-6][0;39m [36mc.ssafy.vue.controller.BoardController  [0;39m [2m:[0;39m getArticle - 호출 : 1
[2m2021-11-18 16:22:10.017[0;39m [32mDEBUG[0;39m [35m10200[0;39m [2m---[0;39m [2m[nio-9999-exec-8][0;39m [36mc.ssafy.vue.controller.BoardController  [0;39m [2m:[0;39m listComment - 호출
[2m2021-11-18 16:22:17.190[0;39m [32mDEBUG[0;39m [35m10200[0;39m [2m---[0;39m [2m[nio-9999-exec-7][0;39m [36mc.ssafy.vue.controller.BoardController  [0;39m [2m:[0;39m modifyComment - 호출
[2m2021-11-18 16:22:17.190[0;39m [32mDEBUG[0;39m [35m10200[0;39m [2m---[0;39m [2m[nio-9999-exec-7][0;39m [36mc.ssafy.vue.controller.BoardController  [0;39m [2m:[0;39m CommentDto [memono=39, userid=ssafy, comment=hi9wear, memotime=2021-11-18 16:21:24, articleno=1]
[2m2021-11-18 16:22:20.963[0;39m [32m INFO[0;39m [35m10200[0;39m [2m---[0;39m [2m[nio-9999-exec-9][0;39m [36mc.ssafy.vue.controller.BoardController  [0;39m [2m:[0;39m getArticle - 호출 : 1
[2m2021-11-18 16:22:21.112[0;39m [32mDEBUG[0;39m [35m10200[0;39m [2m---[0;39m [2m[io-9999-exec-10][0;39m [36mc.ssafy.vue.controller.BoardController  [0;39m [2m:[0;39m listComment - 호출
[2m2021-11-18 16:23:43.781[0;39m [32m INFO[0;39m [35m10200[0;39m [2m---[0;39m [2m[nio-9999-exec-2][0;39m [36mc.ssafy.vue.controller.BoardController  [0;39m [2m:[0;39m getArticle - 호출 : 1
[2m2021-11-18 16:23:43.846[0;39m [32mDEBUG[0;39m [35m10200[0;39m [2m---[0;39m [2m[nio-9999-exec-3][0;39m [36mc.ssafy.vue.controller.BoardController  [0;39m [2m:[0;39m listComment - 호출
[2m2021-11-18 16:23:46.585[0;39m [32m INFO[0;39m [35m10200[0;39m [2m---[0;39m [2m[nio-9999-exec-4][0;39m [36mc.ssafy.vue.controller.BoardController  [0;39m [2m:[0;39m getArticle - 호출 : 1
[2m2021-11-18 16:23:46.771[0;39m [32mDEBUG[0;39m [35m10200[0;39m [2m---[0;39m [2m[nio-9999-exec-5][0;39m [36mc.ssafy.vue.controller.BoardController  [0;39m [2m:[0;39m listComment - 호출
[2m2021-11-18 16:23:47.933[0;39m [32mDEBUG[0;39m [35m10200[0;39m [2m---[0;39m [2m[nio-9999-exec-8][0;39m [36mc.ssafy.vue.controller.BoardController  [0;39m [2m:[0;39m deleteComment - 호출
[2m2021-11-18 16:23:47.938[0;39m [32mDEBUG[0;39m [35m10200[0;39m [2m---[0;39m [2m[nio-9999-exec-7][0;39m [36mc.ssafy.vue.controller.BoardController  [0;39m [2m:[0;39m listComment - 호출
[2m2021-11-18 16:23:52.064[0;39m [32mDEBUG[0;39m [35m10200[0;39m [2m---[0;39m [2m[nio-9999-exec-9][0;39m [36mc.ssafy.vue.controller.BoardController  [0;39m [2m:[0;39m modifyComment - 호출
[2m2021-11-18 16:23:52.064[0;39m [32mDEBUG[0;39m [35m10200[0;39m [2m---[0;39m [2m[nio-9999-exec-9][0;39m [36mc.ssafy.vue.controller.BoardController  [0;39m [2m:[0;39m CommentDto [memono=37, userid=ssafy, comment=hi88, memotime=2021-11-18 15:36:33, articleno=1]
[2m2021-11-18 16:23:52.600[0;39m [32mDEBUG[0;39m [35m10200[0;39m [2m---[0;39m [2m[io-9999-exec-10][0;39m [36mc.ssafy.vue.controller.BoardController  [0;39m [2m:[0;39m listComment - 호출
[2m2021-11-18 16:24:03.831[0;39m [32m INFO[0;39m [35m10200[0;39m [2m---[0;39m [2m[nio-9999-exec-1][0;39m [36mc.ssafy.vue.controller.BoardController  [0;39m [2m:[0;39m listArticle - 호출
[2m2021-11-18 16:24:06.503[0;39m [32m INFO[0;39m [35m10200[0;39m [2m---[0;39m [2m[nio-9999-exec-2][0;39m [36mc.ssafy.vue.controller.BoardController  [0;39m [2m:[0;39m getArticle - 호출 : 1
[2m2021-11-18 16:24:06.550[0;39m [32mDEBUG[0;39m [35m10200[0;39m [2m---[0;39m [2m[nio-9999-exec-3][0;39m [36mc.ssafy.vue.controller.BoardController  [0;39m [2m:[0;39m listComment - 호출
[2m2021-11-18 16:24:08.834[0;39m [32m INFO[0;39m [35m10200[0;39m [2m---[0;39m [2m[nio-9999-exec-4][0;39m [36mc.ssafy.vue.controller.BoardController  [0;39m [2m:[0;39m listArticle - 호출
[2m2021-11-18 16:29:29.940[0;39m [32m INFO[0;39m [35m10200[0;39m [2m---[0;39m [2m[nio-9999-exec-8][0;39m [36mc.ssafy.vue.controller.BoardController  [0;39m [2m:[0;39m listArticle - 호출
[2m2021-11-18 16:29:43.312[0;39m [32m INFO[0;39m [35m10200[0;39m [2m---[0;39m [2m[nio-9999-exec-7][0;39m [36mc.ssafy.vue.controller.BoardController  [0;39m [2m:[0;39m getArticle - 호출 : 2
[2m2021-11-18 16:29:43.355[0;39m [32mDEBUG[0;39m [35m10200[0;39m [2m---[0;39m [2m[nio-9999-exec-9][0;39m [36mc.ssafy.vue.controller.BoardController  [0;39m [2m:[0;39m listComment - 호출
[2m2021-11-18 16:30:58.229[0;39m [32m INFO[0;39m [35m10200[0;39m [2m---[0;39m [2m[nio-9999-exec-1][0;39m [36mc.ssafy.vue.controller.BoardController  [0;39m [2m:[0;39m getArticle - 호출 : 2
[2m2021-11-18 16:30:58.324[0;39m [32mDEBUG[0;39m [35m10200[0;39m [2m---[0;39m [2m[nio-9999-exec-2][0;39m [36mc.ssafy.vue.controller.BoardController  [0;39m [2m:[0;39m listComment - 호출
[2m2021-11-18 16:32:29.550[0;39m [32m INFO[0;39m [35m10200[0;39m [2m---[0;39m [2m[nio-9999-exec-4][0;39m [36mc.ssafy.vue.controller.BoardController  [0;39m [2m:[0;39m getArticle - 호출 : 2
[2m2021-11-18 16:32:29.634[0;39m [32mDEBUG[0;39m [35m10200[0;39m [2m---[0;39m [2m[nio-9999-exec-5][0;39m [36mc.ssafy.vue.controller.BoardController  [0;39m [2m:[0;39m listComment - 호출
[2m2021-11-18 16:32:30.238[0;39m [32m INFO[0;39m [35m10200[0;39m [2m---[0;39m [2m[nio-9999-exec-6][0;39m [36mc.ssafy.vue.controller.BoardController  [0;39m [2m:[0;39m listArticle - 호출
[2m2021-11-18 16:32:32.106[0;39m [32m INFO[0;39m [35m10200[0;39m [2m---[0;39m [2m[nio-9999-exec-8][0;39m [36mc.ssafy.vue.controller.BoardController  [0;39m [2m:[0;39m getArticle - 호출 : 1
[2m2021-11-18 16:32:32.118[0;39m [32mDEBUG[0;39m [35m10200[0;39m [2m---[0;39m [2m[nio-9999-exec-7][0;39m [36mc.ssafy.vue.controller.BoardController  [0;39m [2m:[0;39m listComment - 호출
[2m2021-11-18 16:33:16.361[0;39m [32m INFO[0;39m [35m10200[0;39m [2m---[0;39m [2m[nio-9999-exec-9][0;39m [36mc.ssafy.vue.controller.BoardController  [0;39m [2m:[0;39m getArticle - 호출 : 1
[2m2021-11-18 16:33:16.563[0;39m [32mDEBUG[0;39m [35m10200[0;39m [2m---[0;39m [2m[io-9999-exec-10][0;39m [36mc.ssafy.vue.controller.BoardController  [0;39m [2m:[0;39m listComment - 호출
[2m2021-11-18 16:33:30.688[0;39m [32m INFO[0;39m [35m10200[0;39m [2m---[0;39m [2m[nio-9999-exec-1][0;39m [36mc.ssafy.vue.controller.BoardController  [0;39m [2m:[0;39m getArticle - 호출 : 1
[2m2021-11-18 16:33:30.860[0;39m [32mDEBUG[0;39m [35m10200[0;39m [2m---[0;39m [2m[nio-9999-exec-2][0;39m [36mc.ssafy.vue.controller.BoardController  [0;39m [2m:[0;39m listComment - 호출
[2m2021-11-18 16:33:33.815[0;39m [32m INFO[0;39m [35m10200[0;39m [2m---[0;39m [2m[nio-9999-exec-3][0;39m [36mc.ssafy.vue.controller.BoardController  [0;39m [2m:[0;39m getArticle - 호출 : 1
[2m2021-11-18 16:33:34.004[0;39m [32mDEBUG[0;39m [35m10200[0;39m [2m---[0;39m [2m[nio-9999-exec-4][0;39m [36mc.ssafy.vue.controller.BoardController  [0;39m [2m:[0;39m listComment - 호출
[2m2021-11-18 16:35:19.247[0;39m [32m INFO[0;39m [35m10200[0;39m [2m---[0;39m [2m[nio-9999-exec-6][0;39m [36mc.ssafy.vue.controller.BoardController  [0;39m [2m:[0;39m getArticle - 호출 : 1
[2m2021-11-18 16:35:19.464[0;39m [32mDEBUG[0;39m [35m10200[0;39m [2m---[0;39m [2m[nio-9999-exec-8][0;39m [36mc.ssafy.vue.controller.BoardController  [0;39m [2m:[0;39m listComment - 호출
[2m2021-11-18 16:35:25.720[0;39m [32m INFO[0;39m [35m10200[0;39m [2m---[0;39m [2m[nio-9999-exec-7][0;39m [36mc.ssafy.vue.controller.BoardController  [0;39m [2m:[0;39m getArticle - 호출 : 1
[2m2021-11-18 16:35:25.865[0;39m [32mDEBUG[0;39m [35m10200[0;39m [2m---[0;39m [2m[nio-9999-exec-9][0;39m [36mc.ssafy.vue.controller.BoardController  [0;39m [2m:[0;39m listComment - 호출
[2m2021-11-18 16:37:23.786[0;39m [32m INFO[0;39m [35m10200[0;39m [2m---[0;39m [2m[nio-9999-exec-1][0;39m [36mc.ssafy.vue.controller.BoardController  [0;39m [2m:[0;39m getArticle - 호출 : 1
[2m2021-11-18 16:37:23.932[0;39m [32mDEBUG[0;39m [35m10200[0;39m [2m---[0;39m [2m[nio-9999-exec-2][0;39m [36mc.ssafy.vue.controller.BoardController  [0;39m [2m:[0;39m listComment - 호출
[2m2021-11-18 16:37:50.234[0;39m [32m INFO[0;39m [35m10200[0;39m [2m---[0;39m [2m[nio-9999-exec-3][0;39m [36mc.ssafy.vue.controller.BoardController  [0;39m [2m:[0;39m getArticle - 호출 : 1
[2m2021-11-18 16:37:50.405[0;39m [32mDEBUG[0;39m [35m10200[0;39m [2m---[0;39m [2m[nio-9999-exec-4][0;39m [36mc.ssafy.vue.controller.BoardController  [0;39m [2m:[0;39m listComment - 호출
[2m2021-11-18 16:39:03.600[0;39m [32m INFO[0;39m [35m10200[0;39m [2m---[0;39m [2m[nio-9999-exec-6][0;39m [36mc.ssafy.vue.controller.BoardController  [0;39m [2m:[0;39m listArticle - 호출
[2m2021-11-18 16:39:05.537[0;39m [32m INFO[0;39m [35m10200[0;39m [2m---[0;39m [2m[nio-9999-exec-8][0;39m [36mc.ssafy.vue.controller.BoardController  [0;39m [2m:[0;39m getArticle - 호출 : 1
[2m2021-11-18 16:39:05.584[0;39m [32mDEBUG[0;39m [35m10200[0;39m [2m---[0;39m [2m[nio-9999-exec-7][0;39m [36mc.ssafy.vue.controller.BoardController  [0;39m [2m:[0;39m listComment - 호출
[2m2021-11-18 16:39:17.013[0;39m [32m INFO[0;39m [35m10200[0;39m [2m---[0;39m [2m[nio-9999-exec-9][0;39m [36mc.ssafy.vue.controller.BoardController  [0;39m [2m:[0;39m listArticle - 호출
[2m2021-11-18 16:39:19.067[0;39m [32m INFO[0;39m [35m10200[0;39m [2m---[0;39m [2m[io-9999-exec-10][0;39m [36mc.ssafy.vue.controller.BoardController  [0;39m [2m:[0;39m getArticle - 호출 : 1
[2m2021-11-18 16:39:19.112[0;39m [32mDEBUG[0;39m [35m10200[0;39m [2m---[0;39m [2m[nio-9999-exec-1][0;39m [36mc.ssafy.vue.controller.BoardController  [0;39m [2m:[0;39m listComment - 호출
[2m2021-11-18 16:40:39.618[0;39m [32m INFO[0;39m [35m10200[0;39m [2m---[0;39m [2m[nio-9999-exec-3][0;39m [36mc.ssafy.vue.controller.BoardController  [0;39m [2m:[0;39m listArticle - 호출
[2m2021-11-18 16:40:40.839[0;39m [32m INFO[0;39m [35m10200[0;39m [2m---[0;39m [2m[nio-9999-exec-4][0;39m [36mc.ssafy.vue.controller.BoardController  [0;39m [2m:[0;39m getArticle - 호출 : 3
[2m2021-11-18 16:40:40.930[0;39m [32mDEBUG[0;39m [35m10200[0;39m [2m---[0;39m [2m[nio-9999-exec-5][0;39m [36mc.ssafy.vue.controller.BoardController  [0;39m [2m:[0;39m listComment - 호출
[2m2021-11-18 16:40:41.960[0;39m [32m INFO[0;39m [35m10200[0;39m [2m---[0;39m [2m[nio-9999-exec-6][0;39m [36mc.ssafy.vue.controller.BoardController  [0;39m [2m:[0;39m listArticle - 호출
[2m2021-11-18 16:42:31.908[0;39m [32m INFO[0;39m [35m10200[0;39m [2m---[0;39m [2m[nio-9999-exec-7][0;39m [36mc.ssafy.vue.controller.BoardController  [0;39m [2m:[0;39m listArticle - 호출
[2m2021-11-18 16:42:34.196[0;39m [32m INFO[0;39m [35m10200[0;39m [2m---[0;39m [2m[nio-9999-exec-9][0;39m [36mc.ssafy.vue.controller.BoardController  [0;39m [2m:[0;39m getArticle - 호출 : 1
[2m2021-11-18 16:42:34.218[0;39m [32mDEBUG[0;39m [35m10200[0;39m [2m---[0;39m [2m[io-9999-exec-10][0;39m [36mc.ssafy.vue.controller.BoardController  [0;39m [2m:[0;39m listComment - 호출
[2m2021-11-18 16:44:07.208[0;39m [32m INFO[0;39m [35m10200[0;39m [2m---[0;39m [2m[nio-9999-exec-2][0;39m [36mc.ssafy.vue.controller.BoardController  [0;39m [2m:[0;39m listArticle - 호출
[2m2021-11-18 16:44:08.627[0;39m [32m INFO[0;39m [35m10200[0;39m [2m---[0;39m [2m[nio-9999-exec-3][0;39m [36mc.ssafy.vue.controller.BoardController  [0;39m [2m:[0;39m getArticle - 호출 : 1
[2m2021-11-18 16:44:08.687[0;39m [32mDEBUG[0;39m [35m10200[0;39m [2m---[0;39m [2m[nio-9999-exec-4][0;39m [36mc.ssafy.vue.controller.BoardController  [0;39m [2m:[0;39m listComment - 호출
[2m2021-11-18 16:44:26.321[0;39m [32m INFO[0;39m [35m10200[0;39m [2m---[0;39m [2m[nio-9999-exec-5][0;39m [36mc.ssafy.vue.controller.BoardController  [0;39m [2m:[0;39m listArticle - 호출
[2m2021-11-18 16:44:27.578[0;39m [32m INFO[0;39m [35m10200[0;39m [2m---[0;39m [2m[nio-9999-exec-6][0;39m [36mc.ssafy.vue.controller.BoardController  [0;39m [2m:[0;39m getArticle - 호출 : 2
[2m2021-11-18 16:44:27.630[0;39m [32mDEBUG[0;39m [35m10200[0;39m [2m---[0;39m [2m[nio-9999-exec-8][0;39m [36mc.ssafy.vue.controller.BoardController  [0;39m [2m:[0;39m listComment - 호출
[2m2021-11-18 16:44:29.395[0;39m [32m INFO[0;39m [35m10200[0;39m [2m---[0;39m [2m[nio-9999-exec-7][0;39m [36mc.ssafy.vue.controller.BoardController  [0;39m [2m:[0;39m listArticle - 호출
[2m2021-11-18 16:44:34.343[0;39m [32m INFO[0;39m [35m10200[0;39m [2m---[0;39m [2m[nio-9999-exec-9][0;39m [36mc.ssafy.vue.controller.BoardController  [0;39m [2m:[0;39m listArticle - 호출
[2m2021-11-18 16:45:13.522[0;39m [32m INFO[0;39m [35m10200[0;39m [2m---[0;39m [2m[io-9999-exec-10][0;39m [36mc.ssafy.vue.controller.BoardController  [0;39m [2m:[0;39m listArticle - 호출
[2m2021-11-18 16:45:16.516[0;39m [32m INFO[0;39m [35m10200[0;39m [2m---[0;39m [2m[nio-9999-exec-1][0;39m [36mc.ssafy.vue.controller.BoardController  [0;39m [2m:[0;39m getArticle - 호출 : 1
[2m2021-11-18 16:45:16.547[0;39m [32mDEBUG[0;39m [35m10200[0;39m [2m---[0;39m [2m[nio-9999-exec-2][0;39m [36mc.ssafy.vue.controller.BoardController  [0;39m [2m:[0;39m listComment - 호출
[2m2021-11-18 16:45:52.164[0;39m [33m WARN[0;39m [35m10200[0;39m [2m---[0;39m [2m[nio-9999-exec-3][0;39m [36m.w.s.m.s.DefaultHandlerExceptionResolver[0;39m [2m:[0;39m Resolved [org.springframework.web.method.annotation.MethodArgumentTypeMismatchException: Failed to convert value of type 'java.lang.String' to required type 'int'; nested exception is java.lang.NumberFormatException: For input string: "undefined"]
[2m2021-11-18 16:45:56.078[0;39m [32m INFO[0;39m [35m10200[0;39m [2m---[0;39m [2m[nio-9999-exec-4][0;39m [36mc.ssafy.vue.controller.BoardController  [0;39m [2m:[0;39m listArticle - 호출
[2m2021-11-18 16:45:57.566[0;39m [32m INFO[0;39m [35m10200[0;39m [2m---[0;39m [2m[nio-9999-exec-5][0;39m [36mc.ssafy.vue.controller.BoardController  [0;39m [2m:[0;39m getArticle - 호출 : 1
[2m2021-11-18 16:45:57.646[0;39m [32mDEBUG[0;39m [35m10200[0;39m [2m---[0;39m [2m[nio-9999-exec-6][0;39m [36mc.ssafy.vue.controller.BoardController  [0;39m [2m:[0;39m listComment - 호출
[2m2021-11-18 16:46:32.014[0;39m [32m INFO[0;39m [35m10200[0;39m [2m---[0;39m [2m[nio-9999-exec-8][0;39m [36mc.ssafy.vue.controller.BoardController  [0;39m [2m:[0;39m listArticle - 호출
[2m2021-11-18 16:46:33.700[0;39m [32m INFO[0;39m [35m10200[0;39m [2m---[0;39m [2m[nio-9999-exec-7][0;39m [36mc.ssafy.vue.controller.BoardController  [0;39m [2m:[0;39m getArticle - 호출 : 1
[2m2021-11-18 16:46:33.753[0;39m [32mDEBUG[0;39m [35m10200[0;39m [2m---[0;39m [2m[nio-9999-exec-9][0;39m [36mc.ssafy.vue.controller.BoardController  [0;39m [2m:[0;39m listComment - 호출
[2m2021-11-18 16:47:13.152[0;39m [32m INFO[0;39m [35m10200[0;39m [2m---[0;39m [2m[io-9999-exec-10][0;39m [36mc.ssafy.vue.controller.BoardController  [0;39m [2m:[0;39m getArticle - 호출 : 1
[2m2021-11-18 16:47:13.285[0;39m [32mDEBUG[0;39m [35m10200[0;39m [2m---[0;39m [2m[nio-9999-exec-1][0;39m [36mc.ssafy.vue.controller.BoardController  [0;39m [2m:[0;39m listComment - 호출
[2m2021-11-18 16:47:37.425[0;39m [32m INFO[0;39m [35m10200[0;39m [2m---[0;39m [2m[nio-9999-exec-2][0;39m [36mc.ssafy.vue.controller.BoardController  [0;39m [2m:[0;39m getArticle - 호출 : 1
[2m2021-11-18 16:47:37.572[0;39m [32mDEBUG[0;39m [35m10200[0;39m [2m---[0;39m [2m[nio-9999-exec-3][0;39m [36mc.ssafy.vue.controller.BoardController  [0;39m [2m:[0;39m listComment - 호출
[2m2021-11-18 16:49:28.169[0;39m [32m INFO[0;39m [35m10200[0;39m [2m---[0;39m [2m[nio-9999-exec-5][0;39m [36mc.ssafy.vue.controller.BoardController  [0;39m [2m:[0;39m listArticle - 호출
[2m2021-11-18 16:49:29.776[0;39m [32m INFO[0;39m [35m10200[0;39m [2m---[0;39m [2m[nio-9999-exec-6][0;39m [36mc.ssafy.vue.controller.BoardController  [0;39m [2m:[0;39m getArticle - 호출 : 1
[2m2021-11-18 16:49:29.825[0;39m [32mDEBUG[0;39m [35m10200[0;39m [2m---[0;39m [2m[nio-9999-exec-8][0;39m [36mc.ssafy.vue.controller.BoardController  [0;39m [2m:[0;39m listComment - 호출
[2m2021-11-18 16:52:30.452[0;39m [32m INFO[0;39m [35m10200[0;39m [2m---[0;39m [2m[nio-9999-exec-9][0;39m [36mc.ssafy.vue.controller.BoardController  [0;39m [2m:[0;39m listArticle - 호출
[2m2021-11-18 16:52:53.074[0;39m [32m INFO[0;39m [35m10200[0;39m [2m---[0;39m [2m[io-9999-exec-10][0;39m [36mc.ssafy.vue.controller.BoardController  [0;39m [2m:[0;39m listArticle - 호출
[2m2021-11-18 16:53:03.421[0;39m [32m INFO[0;39m [35m10200[0;39m [2m---[0;39m [2m[nio-9999-exec-1][0;39m [36mc.ssafy.vue.controller.BoardController  [0;39m [2m:[0;39m listArticle - 호출
[2m2021-11-18 16:53:11.285[0;39m [32m INFO[0;39m [35m10200[0;39m [2m---[0;39m [2m[nio-9999-exec-2][0;39m [36mc.ssafy.vue.controller.BoardController  [0;39m [2m:[0;39m listArticle - 호출
[2m2021-11-18 16:53:45.881[0;39m [32m INFO[0;39m [35m10200[0;39m [2m---[0;39m [2m[nio-9999-exec-3][0;39m [36mc.ssafy.vue.controller.BoardController  [0;39m [2m:[0;39m listArticle - 호출
[2m2021-11-18 16:53:48.998[0;39m [32m INFO[0;39m [35m10200[0;39m [2m---[0;39m [2m[nio-9999-exec-4][0;39m [36mc.ssafy.vue.controller.BoardController  [0;39m [2m:[0;39m listArticle - 호출
[2m2021-11-18 16:54:04.648[0;39m [32m INFO[0;39m [35m10200[0;39m [2m---[0;39m [2m[nio-9999-exec-5][0;39m [36mc.ssafy.vue.controller.BoardController  [0;39m [2m:[0;39m listArticle - 호출
[2m2021-11-18 16:54:05.463[0;39m [32m INFO[0;39m [35m10200[0;39m [2m---[0;39m [2m[nio-9999-exec-6][0;39m [36mc.ssafy.vue.controller.BoardController  [0;39m [2m:[0;39m getArticle - 호출 : 3
[2m2021-11-18 16:54:05.545[0;39m [32mDEBUG[0;39m [35m10200[0;39m [2m---[0;39m [2m[nio-9999-exec-8][0;39m [36mc.ssafy.vue.controller.BoardController  [0;39m [2m:[0;39m listComment - 호출
[2m2021-11-18 17:26:44.893[0;39m [32m INFO[0;39m [35m12252[0;39m [2m---[0;39m [2m[  restartedMain][0;39m [36m.e.DevToolsPropertyDefaultsPostProcessor[0;39m [2m:[0;39m Devtools property defaults active! Set 'spring.devtools.add-properties' to 'false' to disable
[2m2021-11-18 17:26:44.896[0;39m [32m INFO[0;39m [35m12252[0;39m [2m---[0;39m [2m[  restartedMain][0;39m [36m.e.DevToolsPropertyDefaultsPostProcessor[0;39m [2m:[0;39m For additional web related logging consider setting the 'logging.level.web' property to 'DEBUG'
[2m2021-11-18 17:26:46.795[0;39m [32m INFO[0;39m [35m12252[0;39m [2m---[0;39m [2m[  restartedMain][0;39m [36mo.s.b.w.embedded.tomcat.TomcatWebServer [0;39m [2m:[0;39m Tomcat initialized with port(s): 9999 (http)
[2m2021-11-18 17:26:46.946[0;39m [32m INFO[0;39m [35m12252[0;39m [2m---[0;39m [2m[  restartedMain][0;39m [36mw.s.c.ServletWebServerApplicationContext[0;39m [2m:[0;39m Root WebApplicationContext: initialization completed in 2049 ms
[2m2021-11-18 17:26:47.974[0;39m [32m INFO[0;39m [35m12252[0;39m [2m---[0;39m [2m[  restartedMain][0;39m [36mo.s.b.d.a.OptionalLiveReloadServer      [0;39m [2m:[0;39m LiveReload server is running on port 35729
[2m2021-11-18 17:26:48.287[0;39m [32m INFO[0;39m [35m12252[0;39m [2m---[0;39m [2m[  restartedMain][0;39m [36mo.s.b.w.embedded.tomcat.TomcatWebServer [0;39m [2m:[0;39m Tomcat started on port(s): 9999 (http) with context path '/vue'
[2m2021-11-18 17:27:11.574[0;39m [32m INFO[0;39m [35m12252[0;39m [2m---[0;39m [2m[nio-9999-exec-1][0;39m [36mo.s.web.servlet.DispatcherServlet       [0;39m [2m:[0;39m Initializing Servlet 'dispatcherServlet'
[2m2021-11-18 17:27:11.575[0;39m [32m INFO[0;39m [35m12252[0;39m [2m---[0;39m [2m[nio-9999-exec-1][0;39m [36mo.s.web.servlet.DispatcherServlet       [0;39m [2m:[0;39m Completed initialization in 1 ms
[2m2021-11-18 17:27:11.661[0;39m [32m INFO[0;39m [35m12252[0;39m [2m---[0;39m [2m[nio-9999-exec-1][0;39m [36mc.ssafy.vue.controller.BoardController  [0;39m [2m:[0;39m listArticle - 호출
[2m2021-11-18 17:27:17.224[0;39m [32m INFO[0;39m [35m12252[0;39m [2m---[0;39m [2m[nio-9999-exec-2][0;39m [36mc.ssafy.vue.controller.BoardController  [0;39m [2m:[0;39m getArticle - 호출 : 3
[2m2021-11-18 17:27:17.252[0;39m [32mDEBUG[0;39m [35m12252[0;39m [2m---[0;39m [2m[nio-9999-exec-3][0;39m [36mc.ssafy.vue.controller.BoardController  [0;39m [2m:[0;39m listComment - 호출
[2m2021-11-18 17:27:34.574[0;39m [32m INFO[0;39m [35m12252[0;39m [2m---[0;39m [2m[nio-9999-exec-4][0;39m [36mc.ssafy.vue.controller.BoardController  [0;39m [2m:[0;39m listArticle - 호출
[2m2021-11-18 17:27:39.467[0;39m [32m INFO[0;39m [35m12252[0;39m [2m---[0;39m [2m[nio-9999-exec-5][0;39m [36mc.ssafy.vue.controller.BoardController  [0;39m [2m:[0;39m getArticle - 호출 : 3
[2m2021-11-18 17:27:39.495[0;39m [32mDEBUG[0;39m [35m12252[0;39m [2m---[0;39m [2m[nio-9999-exec-6][0;39m [36mc.ssafy.vue.controller.BoardController  [0;39m [2m:[0;39m listComment - 호출
[2m2021-11-18 17:31:15.252[0;39m [32m INFO[0;39m [35m12252[0;39m [2m---[0;39m [2m[  restartedMain][0;39m [36mo.s.b.w.embedded.tomcat.TomcatWebServer [0;39m [2m:[0;39m Tomcat initialized with port(s): 9999 (http)
[2m2021-11-18 17:31:15.278[0;39m [32m INFO[0;39m [35m12252[0;39m [2m---[0;39m [2m[  restartedMain][0;39m [36mw.s.c.ServletWebServerApplicationContext[0;39m [2m:[0;39m Root WebApplicationContext: initialization completed in 592 ms
[2m2021-11-18 17:31:15.501[0;39m [32m INFO[0;39m [35m12252[0;39m [2m---[0;39m [2m[  restartedMain][0;39m [36mo.s.b.d.a.OptionalLiveReloadServer      [0;39m [2m:[0;39m LiveReload server is running on port 35729
[2m2021-11-18 17:31:15.563[0;39m [32m INFO[0;39m [35m12252[0;39m [2m---[0;39m [2m[  restartedMain][0;39m [36mo.s.b.w.embedded.tomcat.TomcatWebServer [0;39m [2m:[0;39m Tomcat started on port(s): 9999 (http) with context path '/vue'
[2m2021-11-18 17:31:15.645[0;39m [32m INFO[0;39m [35m12252[0;39m [2m---[0;39m [2m[  restartedMain][0;39m [36m.ConditionEvaluationDeltaLoggingListener[0;39m [2m:[0;39m Condition evaluation unchanged
[2m2021-11-18 17:32:07.519[0;39m [32m INFO[0;39m [35m12252[0;39m [2m---[0;39m [2m[nio-9999-exec-1][0;39m [36mo.s.web.servlet.DispatcherServlet       [0;39m [2m:[0;39m Initializing Servlet 'dispatcherServlet'
[2m2021-11-18 17:32:07.521[0;39m [32m INFO[0;39m [35m12252[0;39m [2m---[0;39m [2m[nio-9999-exec-1][0;39m [36mo.s.web.servlet.DispatcherServlet       [0;39m [2m:[0;39m Completed initialization in 1 ms
[2m2021-11-18 17:32:07.532[0;39m [32m INFO[0;39m [35m12252[0;39m [2m---[0;39m [2m[nio-9999-exec-1][0;39m [36mc.ssafy.vue.controller.BoardController  [0;39m [2m:[0;39m listArticle - 호출
[2m2021-11-18 17:32:09.793[0;39m [32m INFO[0;39m [35m12252[0;39m [2m---[0;39m [2m[nio-9999-exec-2][0;39m [36mc.ssafy.vue.controller.BoardController  [0;39m [2m:[0;39m getArticle - 호출 : 3
[2m2021-11-18 17:32:09.816[0;39m [32mDEBUG[0;39m [35m12252[0;39m [2m---[0;39m [2m[nio-9999-exec-3][0;39m [36mc.ssafy.vue.controller.BoardController  [0;39m [2m:[0;39m listComment - 호출
[2m2021-11-18 17:36:18.911[0;39m [32m INFO[0;39m [35m12252[0;39m [2m---[0;39m [2m[n(18)-127.0.0.1][0;39m [36minMXBeanRegistrar$SpringApplicationAdmin[0;39m [2m:[0;39m Application shutdown requested.
[2m2021-11-18 17:36:26.830[0;39m [32m INFO[0;39m [35m22960[0;39m [2m---[0;39m [2m[  restartedMain][0;39m [36m.e.DevToolsPropertyDefaultsPostProcessor[0;39m [2m:[0;39m Devtools property defaults active! Set 'spring.devtools.add-properties' to 'false' to disable
[2m2021-11-18 17:36:26.833[0;39m [32m INFO[0;39m [35m22960[0;39m [2m---[0;39m [2m[  restartedMain][0;39m [36m.e.DevToolsPropertyDefaultsPostProcessor[0;39m [2m:[0;39m For additional web related logging consider setting the 'logging.level.web' property to 'DEBUG'
[2m2021-11-18 17:36:28.440[0;39m [32m INFO[0;39m [35m22960[0;39m [2m---[0;39m [2m[  restartedMain][0;39m [36mo.s.b.w.embedded.tomcat.TomcatWebServer [0;39m [2m:[0;39m Tomcat initialized with port(s): 9999 (http)
[2m2021-11-18 17:36:28.566[0;39m [32m INFO[0;39m [35m22960[0;39m [2m---[0;39m [2m[  restartedMain][0;39m [36mw.s.c.ServletWebServerApplicationContext[0;39m [2m:[0;39m Root WebApplicationContext: initialization completed in 1732 ms
[2m2021-11-18 17:36:29.861[0;39m [32m INFO[0;39m [35m22960[0;39m [2m---[0;39m [2m[  restartedMain][0;39m [36mo.s.b.d.a.OptionalLiveReloadServer      [0;39m [2m:[0;39m LiveReload server is running on port 35729
[2m2021-11-18 17:36:30.095[0;39m [32m INFO[0;39m [35m22960[0;39m [2m---[0;39m [2m[  restartedMain][0;39m [36mo.s.b.w.embedded.tomcat.TomcatWebServer [0;39m [2m:[0;39m Tomcat started on port(s): 9999 (http) with context path '/vue'
[2m2021-11-18 17:36:58.370[0;39m [32m INFO[0;39m [35m22960[0;39m [2m---[0;39m [2m[nio-9999-exec-1][0;39m [36mo.s.web.servlet.DispatcherServlet       [0;39m [2m:[0;39m Initializing Servlet 'dispatcherServlet'
[2m2021-11-18 17:36:58.372[0;39m [32m INFO[0;39m [35m22960[0;39m [2m---[0;39m [2m[nio-9999-exec-1][0;39m [36mo.s.web.servlet.DispatcherServlet       [0;39m [2m:[0;39m Completed initialization in 2 ms
[2m2021-11-18 17:36:58.501[0;39m [32m INFO[0;39m [35m22960[0;39m [2m---[0;39m [2m[nio-9999-exec-1][0;39m [36mc.ssafy.vue.controller.BoardController  [0;39m [2m:[0;39m listArticle - 호출
[2m2021-11-18 17:37:03.860[0;39m [32m INFO[0;39m [35m22960[0;39m [2m---[0;39m [2m[nio-9999-exec-2][0;39m [36mc.ssafy.vue.controller.BoardController  [0;39m [2m:[0;39m getArticle - 호출 : 3
[2m2021-11-18 17:37:03.896[0;39m [32mDEBUG[0;39m [35m22960[0;39m [2m---[0;39m [2m[nio-9999-exec-3][0;39m [36mc.ssafy.vue.controller.BoardController  [0;39m [2m:[0;39m listComment - 호출
[2m2021-11-18 17:38:02.886[0;39m [32m INFO[0;39m [35m22960[0;39m [2m---[0;39m [2m[  restartedMain][0;39m [36mo.s.b.w.embedded.tomcat.TomcatWebServer [0;39m [2m:[0;39m Tomcat initialized with port(s): 9999 (http)
[2m2021-11-18 17:38:02.912[0;39m [32m INFO[0;39m [35m22960[0;39m [2m---[0;39m [2m[  restartedMain][0;39m [36mw.s.c.ServletWebServerApplicationContext[0;39m [2m:[0;39m Root WebApplicationContext: initialization completed in 576 ms
[2m2021-11-18 17:38:03.109[0;39m [32m INFO[0;39m [35m22960[0;39m [2m---[0;39m [2m[  restartedMain][0;39m [36mo.s.b.d.a.OptionalLiveReloadServer      [0;39m [2m:[0;39m LiveReload server is running on port 35729
[2m2021-11-18 17:38:03.169[0;39m [32m INFO[0;39m [35m22960[0;39m [2m---[0;39m [2m[  restartedMain][0;39m [36mo.s.b.w.embedded.tomcat.TomcatWebServer [0;39m [2m:[0;39m Tomcat started on port(s): 9999 (http) with context path '/vue'
[2m2021-11-18 17:38:03.237[0;39m [32m INFO[0;39m [35m22960[0;39m [2m---[0;39m [2m[  restartedMain][0;39m [36m.ConditionEvaluationDeltaLoggingListener[0;39m [2m:[0;39m Condition evaluation unchanged
[2m2021-11-18 17:38:15.770[0;39m [32m INFO[0;39m [35m22960[0;39m [2m---[0;39m [2m[  restartedMain][0;39m [36mo.s.b.w.embedded.tomcat.TomcatWebServer [0;39m [2m:[0;39m Tomcat initialized with port(s): 9999 (http)
[2m2021-11-18 17:38:15.790[0;39m [32m INFO[0;39m [35m22960[0;39m [2m---[0;39m [2m[  restartedMain][0;39m [36mw.s.c.ServletWebServerApplicationContext[0;39m [2m:[0;39m Root WebApplicationContext: initialization completed in 516 ms
[2m2021-11-18 17:38:15.980[0;39m [32m INFO[0;39m [35m22960[0;39m [2m---[0;39m [2m[  restartedMain][0;39m [36mo.s.b.d.a.OptionalLiveReloadServer      [0;39m [2m:[0;39m LiveReload server is running on port 35729
[2m2021-11-18 17:38:16.035[0;39m [32m INFO[0;39m [35m22960[0;39m [2m---[0;39m [2m[  restartedMain][0;39m [36mo.s.b.w.embedded.tomcat.TomcatWebServer [0;39m [2m:[0;39m Tomcat started on port(s): 9999 (http) with context path '/vue'
[2m2021-11-18 17:38:16.099[0;39m [32m INFO[0;39m [35m22960[0;39m [2m---[0;39m [2m[  restartedMain][0;39m [36m.ConditionEvaluationDeltaLoggingListener[0;39m [2m:[0;39m Condition evaluation unchanged
[2m2021-11-18 17:38:17.890[0;39m [32m INFO[0;39m [35m22960[0;39m [2m---[0;39m [2m[nio-9999-exec-1][0;39m [36mo.s.web.servlet.DispatcherServlet       [0;39m [2m:[0;39m Initializing Servlet 'dispatcherServlet'
[2m2021-11-18 17:38:17.895[0;39m [32m INFO[0;39m [35m22960[0;39m [2m---[0;39m [2m[nio-9999-exec-1][0;39m [36mo.s.web.servlet.DispatcherServlet       [0;39m [2m:[0;39m Completed initialization in 3 ms
[2m2021-11-18 17:38:17.905[0;39m [32m INFO[0;39m [35m22960[0;39m [2m---[0;39m [2m[nio-9999-exec-1][0;39m [36mc.ssafy.vue.controller.BoardController  [0;39m [2m:[0;39m listArticle - 호출
[2m2021-11-18 17:38:22.404[0;39m [32m INFO[0;39m [35m22960[0;39m [2m---[0;39m [2m[nio-9999-exec-2][0;39m [36mc.ssafy.vue.controller.BoardController  [0;39m [2m:[0;39m getArticle - 호출 : 3
[2m2021-11-18 17:38:22.427[0;39m [32mDEBUG[0;39m [35m22960[0;39m [2m---[0;39m [2m[nio-9999-exec-3][0;39m [36mc.ssafy.vue.controller.BoardController  [0;39m [2m:[0;39m listComment - 호출
[2m2021-11-18 17:39:07.315[0;39m [32m INFO[0;39m [35m22960[0;39m [2m---[0;39m [2m[nio-9999-exec-4][0;39m [36mc.ssafy.vue.controller.BoardController  [0;39m [2m:[0;39m listArticle - 호출
[2m2021-11-18 17:39:15.516[0;39m [32m INFO[0;39m [35m22960[0;39m [2m---[0;39m [2m[nio-9999-exec-5][0;39m [36mc.ssafy.vue.controller.BoardController  [0;39m [2m:[0;39m getArticle - 호출 : 3
[2m2021-11-18 17:39:15.544[0;39m [32mDEBUG[0;39m [35m22960[0;39m [2m---[0;39m [2m[nio-9999-exec-6][0;39m [36mc.ssafy.vue.controller.BoardController  [0;39m [2m:[0;39m listComment - 호출
[2m2021-11-18 17:43:12.623[0;39m [32mDEBUG[0;39m [35m22960[0;39m [2m---[0;39m [2m[nio-9999-exec-8][0;39m [36mc.ssafy.vue.controller.MemberController [0;39m [2m:[0;39m 로그인 토큰정보 : eyJ0eXAiOiJKV1QiLCJyZWdEYXRlIjoxNjM3MjI0OTkyNTkxLCJhbGciOiJIUzI1NiJ9.eyJleHAiOjE2MzcyMjg1OTIsInN1YiI6ImFjY2Vzcy10b2tlbiIsInVzZXJpZCI6ImFkbWluIn0.eW0PXpoNtCFXmt3dHaFJiZs_2GodWlzE-rP0EOMcFk8
[2m2021-11-18 17:43:12.672[0;39m [32m INFO[0;39m [35m22960[0;39m [2m---[0;39m [2m[nio-9999-exec-9][0;39m [36mc.ssafy.vue.controller.MemberController [0;39m [2m:[0;39m 사용 가능한 토큰!!!
[2m2021-11-18 17:43:53.082[0;39m [32m INFO[0;39m [35m22960[0;39m [2m---[0;39m [2m[io-9999-exec-10][0;39m [36mc.ssafy.vue.controller.BoardController  [0;39m [2m:[0;39m listArticle - 호출
[2m2021-11-18 17:43:54.765[0;39m [32m INFO[0;39m [35m22960[0;39m [2m---[0;39m [2m[nio-9999-exec-1][0;39m [36mc.ssafy.vue.controller.BoardController  [0;39m [2m:[0;39m getArticle - 호출 : 3
[2m2021-11-18 17:43:54.790[0;39m [32mDEBUG[0;39m [35m22960[0;39m [2m---[0;39m [2m[nio-9999-exec-2][0;39m [36mc.ssafy.vue.controller.BoardController  [0;39m [2m:[0;39m listComment - 호출
[2m2021-11-18 17:44:12.562[0;39m [32mDEBUG[0;39m [35m22960[0;39m [2m---[0;39m [2m[nio-9999-exec-4][0;39m [36mc.ssafy.vue.controller.MemberController [0;39m [2m:[0;39m 로그인 토큰정보 : eyJ0eXAiOiJKV1QiLCJyZWdEYXRlIjoxNjM3MjI1MDUyNTYyLCJhbGciOiJIUzI1NiJ9.eyJleHAiOjE2MzcyMjg2NTIsInN1YiI6ImFjY2Vzcy10b2tlbiIsInVzZXJpZCI6InNzYWZ5In0.w3QXK5XtIFio_cXxYMmK-pg6Bk-Lf57EJrT5n0s8eRk
[2m2021-11-18 17:44:12.598[0;39m [32m INFO[0;39m [35m22960[0;39m [2m---[0;39m [2m[nio-9999-exec-6][0;39m [36mc.ssafy.vue.controller.MemberController [0;39m [2m:[0;39m 사용 가능한 토큰!!!
[2m2021-11-18 17:44:17.666[0;39m [32m INFO[0;39m [35m22960[0;39m [2m---[0;39m [2m[nio-9999-exec-7][0;39m [36mc.ssafy.vue.controller.BoardController  [0;39m [2m:[0;39m listArticle - 호출
[2m2021-11-18 17:44:23.005[0;39m [32m INFO[0;39m [35m22960[0;39m [2m---[0;39m [2m[nio-9999-exec-8][0;39m [36mc.ssafy.vue.controller.BoardController  [0;39m [2m:[0;39m getArticle - 호출 : 2
[2m2021-11-18 17:44:23.026[0;39m [32mDEBUG[0;39m [35m22960[0;39m [2m---[0;39m [2m[nio-9999-exec-9][0;39m [36mc.ssafy.vue.controller.BoardController  [0;39m [2m:[0;39m listComment - 호출
[2m2021-11-18 17:46:11.827[0;39m [32mDEBUG[0;39m [35m22960[0;39m [2m---[0;39m [2m[nio-9999-exec-1][0;39m [36mc.ssafy.vue.controller.MemberController [0;39m [2m:[0;39m 로그인 토큰정보 : eyJ0eXAiOiJKV1QiLCJyZWdEYXRlIjoxNjM3MjI1MTcxODI3LCJhbGciOiJIUzI1NiJ9.eyJleHAiOjE2MzcyMjg3NzEsInN1YiI6ImFjY2Vzcy10b2tlbiIsInVzZXJpZCI6InNzYWZ5In0.OpEXSksfVkJHKRo0anqLYEqGyd-_ZvnL2xfZ4wzpG0c
[2m2021-11-18 17:46:11.835[0;39m [32m INFO[0;39m [35m22960[0;39m [2m---[0;39m [2m[nio-9999-exec-2][0;39m [36mc.ssafy.vue.controller.MemberController [0;39m [2m:[0;39m 사용 가능한 토큰!!!
[2m2021-11-18 17:46:15.648[0;39m [32m INFO[0;39m [35m22960[0;39m [2m---[0;39m [2m[nio-9999-exec-3][0;39m [36mc.ssafy.vue.controller.BoardController  [0;39m [2m:[0;39m listArticle - 호출
[2m2021-11-18 17:46:18.598[0;39m [32m INFO[0;39m [35m22960[0;39m [2m---[0;39m [2m[nio-9999-exec-4][0;39m [36mc.ssafy.vue.controller.BoardController  [0;39m [2m:[0;39m getArticle - 호출 : 2
[2m2021-11-18 17:46:18.630[0;39m [32mDEBUG[0;39m [35m22960[0;39m [2m---[0;39m [2m[nio-9999-exec-5][0;39m [36mc.ssafy.vue.controller.BoardController  [0;39m [2m:[0;39m listComment - 호출
[2m2021-11-18 17:46:23.595[0;39m [32m INFO[0;39m [35m22960[0;39m [2m---[0;39m [2m[nio-9999-exec-6][0;39m [36mc.ssafy.vue.controller.BoardController  [0;39m [2m:[0;39m listArticle - 호출
[2m2021-11-18 17:46:50.884[0;39m [32m INFO[0;39m [35m22960[0;39m [2m---[0;39m [2m[nio-9999-exec-7][0;39m [36mc.ssafy.vue.controller.BoardController  [0;39m [2m:[0;39m listArticle - 호출
[2m2021-11-18 17:46:57.413[0;39m [32m INFO[0;39m [35m22960[0;39m [2m---[0;39m [2m[nio-9999-exec-8][0;39m [36mc.ssafy.vue.controller.BoardController  [0;39m [2m:[0;39m listArticle - 호출
[2m2021-11-18 17:47:10.023[0;39m [32m INFO[0;39m [35m22960[0;39m [2m---[0;39m [2m[nio-9999-exec-9][0;39m [36mc.ssafy.vue.controller.BoardController  [0;39m [2m:[0;39m listArticle - 호출
[2m2021-11-18 17:47:20.373[0;39m [32mDEBUG[0;39m [35m22960[0;39m [2m---[0;39m [2m[io-9999-exec-10][0;39m [36mc.ssafy.vue.controller.MemberController [0;39m [2m:[0;39m 로그인 토큰정보 : eyJ0eXAiOiJKV1QiLCJyZWdEYXRlIjoxNjM3MjI1MjQwMzczLCJhbGciOiJIUzI1NiJ9.eyJleHAiOjE2MzcyMjg4NDAsInN1YiI6ImFjY2Vzcy10b2tlbiIsInVzZXJpZCI6ImFkbWluIn0.yD-wTJnzpAQK3PJr_88lZAB4APwE2wrom0Z1OEYp5Gc
[2m2021-11-18 17:47:20.383[0;39m [32m INFO[0;39m [35m22960[0;39m [2m---[0;39m [2m[nio-9999-exec-1][0;39m [36mc.ssafy.vue.controller.MemberController [0;39m [2m:[0;39m 사용 가능한 토큰!!!
[2m2021-11-18 17:47:24.832[0;39m [32m INFO[0;39m [35m22960[0;39m [2m---[0;39m [2m[nio-9999-exec-2][0;39m [36mc.ssafy.vue.controller.BoardController  [0;39m [2m:[0;39m listArticle - 호출
[2m2021-11-18 17:47:28.159[0;39m [32m INFO[0;39m [35m22960[0;39m [2m---[0;39m [2m[nio-9999-exec-3][0;39m [36mc.ssafy.vue.controller.BoardController  [0;39m [2m:[0;39m getArticle - 호출 : 1
[2m2021-11-18 17:47:28.184[0;39m [32mDEBUG[0;39m [35m22960[0;39m [2m---[0;39m [2m[nio-9999-exec-4][0;39m [36mc.ssafy.vue.controller.BoardController  [0;39m [2m:[0;39m listComment - 호출
[2m2021-11-18 17:47:39.791[0;39m [32m INFO[0;39m [35m22960[0;39m [2m---[0;39m [2m[nio-9999-exec-5][0;39m [36mc.ssafy.vue.controller.BoardController  [0;39m [2m:[0;39m getArticle - 호출 : 1
[2m2021-11-18 17:47:40.130[0;39m [32mDEBUG[0;39m [35m22960[0;39m [2m---[0;39m [2m[nio-9999-exec-6][0;39m [36mc.ssafy.vue.controller.BoardController  [0;39m [2m:[0;39m listComment - 호출
[2m2021-11-18 17:48:42.977[0;39m [32m INFO[0;39m [35m22960[0;39m [2m---[0;39m [2m[n(21)-127.0.0.1][0;39m [36minMXBeanRegistrar$SpringApplicationAdmin[0;39m [2m:[0;39m Application shutdown requested.
[2m2021-11-18 17:49:57.537[0;39m [32m INFO[0;39m [35m14488[0;39m [2m---[0;39m [2m[  restartedMain][0;39m [36m.e.DevToolsPropertyDefaultsPostProcessor[0;39m [2m:[0;39m Devtools property defaults active! Set 'spring.devtools.add-properties' to 'false' to disable
[2m2021-11-18 17:49:57.541[0;39m [32m INFO[0;39m [35m14488[0;39m [2m---[0;39m [2m[  restartedMain][0;39m [36m.e.DevToolsPropertyDefaultsPostProcessor[0;39m [2m:[0;39m For additional web related logging consider setting the 'logging.level.web' property to 'DEBUG'
[2m2021-11-18 17:49:59.597[0;39m [32m INFO[0;39m [35m14488[0;39m [2m---[0;39m [2m[  restartedMain][0;39m [36mo.s.b.w.embedded.tomcat.TomcatWebServer [0;39m [2m:[0;39m Tomcat initialized with port(s): 9999 (http)
[2m2021-11-18 17:49:59.779[0;39m [32m INFO[0;39m [35m14488[0;39m [2m---[0;39m [2m[  restartedMain][0;39m [36mw.s.c.ServletWebServerApplicationContext[0;39m [2m:[0;39m Root WebApplicationContext: initialization completed in 2237 ms
[2m2021-11-18 17:50:01.147[0;39m [32m INFO[0;39m [35m14488[0;39m [2m---[0;39m [2m[  restartedMain][0;39m [36mo.s.b.d.a.OptionalLiveReloadServer      [0;39m [2m:[0;39m LiveReload server is running on port 35729
[2m2021-11-18 17:50:01.502[0;39m [32m INFO[0;39m [35m14488[0;39m [2m---[0;39m [2m[  restartedMain][0;39m [36mo.s.b.w.embedded.tomcat.TomcatWebServer [0;39m [2m:[0;39m Tomcat started on port(s): 9999 (http) with context path '/vue'
[2m2021-11-18 17:52:15.709[0;39m [32m INFO[0;39m [35m14488[0;39m [2m---[0;39m [2m[nio-9999-exec-1][0;39m [36mo.s.web.servlet.DispatcherServlet       [0;39m [2m:[0;39m Initializing Servlet 'dispatcherServlet'
[2m2021-11-18 17:52:15.711[0;39m [32m INFO[0;39m [35m14488[0;39m [2m---[0;39m [2m[nio-9999-exec-1][0;39m [36mo.s.web.servlet.DispatcherServlet       [0;39m [2m:[0;39m Completed initialization in 1 ms
[2m2021-11-18 17:52:15.771[0;39m [32m INFO[0;39m [35m14488[0;39m [2m---[0;39m [2m[nio-9999-exec-1][0;39m [36mc.ssafy.vue.controller.BoardController  [0;39m [2m:[0;39m listArticle - 호출
[2m2021-11-18 17:52:25.695[0;39m [32mDEBUG[0;39m [35m14488[0;39m [2m---[0;39m [2m[nio-9999-exec-2][0;39m [36mc.ssafy.vue.controller.MemberController [0;39m [2m:[0;39m 로그인 토큰정보 : eyJ0eXAiOiJKV1QiLCJyZWdEYXRlIjoxNjM3MjI1NTQ1NjYyLCJhbGciOiJIUzI1NiJ9.eyJleHAiOjE2MzcyMjkxNDUsInN1YiI6ImFjY2Vzcy10b2tlbiIsInVzZXJpZCI6ImFkbWluIn0.zcZ3xnip_yApwdjLkoYE5GxJ3Y0JFJjIJiT1M9aeLG8
[2m2021-11-18 17:52:25.746[0;39m [32m INFO[0;39m [35m14488[0;39m [2m---[0;39m [2m[nio-9999-exec-3][0;39m [36mc.ssafy.vue.controller.MemberController [0;39m [2m:[0;39m 사용 가능한 토큰!!!
[2m2021-11-18 17:52:27.758[0;39m [32m INFO[0;39m [35m14488[0;39m [2m---[0;39m [2m[nio-9999-exec-4][0;39m [36mc.ssafy.vue.controller.BoardController  [0;39m [2m:[0;39m listArticle - 호출
[2m2021-11-18 17:52:33.389[0;39m [32m INFO[0;39m [35m14488[0;39m [2m---[0;39m [2m[nio-9999-exec-5][0;39m [36mc.ssafy.vue.controller.BoardController  [0;39m [2m:[0;39m getArticle - 호출 : 2
[2m2021-11-18 17:52:33.426[0;39m [32mDEBUG[0;39m [35m14488[0;39m [2m---[0;39m [2m[nio-9999-exec-6][0;39m [36mc.ssafy.vue.controller.BoardController  [0;39m [2m:[0;39m listComment - 호출
[2m2021-11-18 17:52:40.892[0;39m [32mDEBUG[0;39m [35m14488[0;39m [2m---[0;39m [2m[nio-9999-exec-8][0;39m [36mc.ssafy.vue.controller.BoardController  [0;39m [2m:[0;39m createComment - 호출
[2m2021-11-18 17:52:41.925[0;39m [32mDEBUG[0;39m [35m14488[0;39m [2m---[0;39m [2m[nio-9999-exec-9][0;39m [36mc.ssafy.vue.controller.BoardController  [0;39m [2m:[0;39m listComment - 호출
[2m2021-11-18 17:52:48.514[0;39m [32mDEBUG[0;39m [35m14488[0;39m [2m---[0;39m [2m[nio-9999-exec-1][0;39m [36mc.ssafy.vue.controller.BoardController  [0;39m [2m:[0;39m modifyComment - 호출
[2m2021-11-18 17:52:48.514[0;39m [32mDEBUG[0;39m [35m14488[0;39m [2m---[0;39m [2m[nio-9999-exec-1][0;39m [36mc.ssafy.vue.controller.BoardController  [0;39m [2m:[0;39m CommentDto [memono=40, userid=ssafy, comment=접근2, memotime=2021-11-18 17:52:40, articleno=2]
[2m2021-11-18 17:52:49.417[0;39m [32mDEBUG[0;39m [35m14488[0;39m [2m---[0;39m [2m[nio-9999-exec-2][0;39m [36mc.ssafy.vue.controller.BoardController  [0;39m [2m:[0;39m listComment - 호출
[2m2021-11-18 17:52:54.168[0;39m [32mDEBUG[0;39m [35m14488[0;39m [2m---[0;39m [2m[nio-9999-exec-4][0;39m [36mc.ssafy.vue.controller.BoardController  [0;39m [2m:[0;39m listComment - 호출
[2m2021-11-18 17:52:54.174[0;39m [32mDEBUG[0;39m [35m14488[0;39m [2m---[0;39m [2m[nio-9999-exec-5][0;39m [36mc.ssafy.vue.controller.BoardController  [0;39m [2m:[0;39m deleteComment - 호출
[2m2021-11-18 17:52:57.353[0;39m [32mDEBUG[0;39m [35m14488[0;39m [2m---[0;39m [2m[nio-9999-exec-6][0;39m [36mc.ssafy.vue.controller.BoardController  [0;39m [2m:[0;39m deleteComment - 호출
[2m2021-11-18 17:52:57.356[0;39m [32mDEBUG[0;39m [35m14488[0;39m [2m---[0;39m [2m[nio-9999-exec-7][0;39m [36mc.ssafy.vue.controller.BoardController  [0;39m [2m:[0;39m listComment - 호출
[2m2021-11-18 17:53:09.825[0;39m [32mDEBUG[0;39m [35m14488[0;39m [2m---[0;39m [2m[nio-9999-exec-8][0;39m [36mc.ssafy.vue.controller.MemberController [0;39m [2m:[0;39m 로그인 토큰정보 : eyJ0eXAiOiJKV1QiLCJyZWdEYXRlIjoxNjM3MjI1NTg5ODI0LCJhbGciOiJIUzI1NiJ9.eyJleHAiOjE2MzcyMjkxODksInN1YiI6ImFjY2Vzcy10b2tlbiIsInVzZXJpZCI6InNzYWZ5In0.yTExHkYJB6rTW60BolSugkLrMag6Fh7g6hA8KjpArqs
[2m2021-11-18 17:53:09.842[0;39m [32m INFO[0;39m [35m14488[0;39m [2m---[0;39m [2m[nio-9999-exec-9][0;39m [36mc.ssafy.vue.controller.MemberController [0;39m [2m:[0;39m 사용 가능한 토큰!!!
[2m2021-11-18 17:53:12.648[0;39m [32m INFO[0;39m [35m14488[0;39m [2m---[0;39m [2m[io-9999-exec-10][0;39m [36mc.ssafy.vue.controller.BoardController  [0;39m [2m:[0;39m listArticle - 호출
[2m2021-11-18 17:53:30.257[0;39m [32m INFO[0;39m [35m14488[0;39m [2m---[0;39m [2m[nio-9999-exec-1][0;39m [36mc.ssafy.vue.controller.BoardController  [0;39m [2m:[0;39m getArticle - 호출 : 1
[2m2021-11-18 17:53:30.292[0;39m [32mDEBUG[0;39m [35m14488[0;39m [2m---[0;39m [2m[nio-9999-exec-2][0;39m [36mc.ssafy.vue.controller.BoardController  [0;39m [2m:[0;39m listComment - 호출
[2m2021-11-18 18:00:19.512[0;39m [32m INFO[0;39m [35m14488[0;39m [2m---[0;39m [2m[n(14)-127.0.0.1][0;39m [36minMXBeanRegistrar$SpringApplicationAdmin[0;39m [2m:[0;39m Application shutdown requested.
