[2m2021-12-01 22:38:35.739[0;39m [32m INFO[0;39m [35m6036[0;39m [2m---[0;39m [2m[  restartedMain][0;39m [36m.e.DevToolsPropertyDefaultsPostProcessor[0;39m [2m:[0;39m Devtools property defaults active! Set 'spring.devtools.add-properties' to 'false' to disable
[2m2021-12-01 22:38:35.743[0;39m [32m INFO[0;39m [35m6036[0;39m [2m---[0;39m [2m[  restartedMain][0;39m [36m.e.DevToolsPropertyDefaultsPostProcessor[0;39m [2m:[0;39m For additional web related logging consider setting the 'logging.level.web' property to 'DEBUG'
[2m2021-12-01 22:38:37.061[0;39m [32m INFO[0;39m [35m6036[0;39m [2m---[0;39m [2m[  restartedMain][0;39m [36mo.s.b.w.embedded.tomcat.TomcatWebServer [0;39m [2m:[0;39m Tomcat initialized with port(s): 9999 (http)
[2m2021-12-01 22:38:37.151[0;39m [32m INFO[0;39m [35m6036[0;39m [2m---[0;39m [2m[  restartedMain][0;39m [36mw.s.c.ServletWebServerApplicationContext[0;39m [2m:[0;39m Root WebApplicationContext: initialization completed in 1407 ms
[2m2021-12-01 22:38:37.834[0;39m [32m INFO[0;39m [35m6036[0;39m [2m---[0;39m [2m[  restartedMain][0;39m [36mo.s.b.d.a.OptionalLiveReloadServer      [0;39m [2m:[0;39m LiveReload server is running on port 35729
[2m2021-12-01 22:38:38.029[0;39m [32m INFO[0;39m [35m6036[0;39m [2m---[0;39m [2m[  restartedMain][0;39m [36mo.s.b.w.embedded.tomcat.TomcatWebServer [0;39m [2m:[0;39m Tomcat started on port(s): 9999 (http) with context path '/vue'
[2m2021-12-01 22:40:13.000[0;39m [32m INFO[0;39m [35m6036[0;39m [2m---[0;39m [2m[nio-9999-exec-1][0;39m [36mo.s.web.servlet.DispatcherServlet       [0;39m [2m:[0;39m Initializing Servlet 'dispatcherServlet'
[2m2021-12-01 22:40:13.001[0;39m [32m INFO[0;39m [35m6036[0;39m [2m---[0;39m [2m[nio-9999-exec-1][0;39m [36mo.s.web.servlet.DispatcherServlet       [0;39m [2m:[0;39m Completed initialization in 1 ms
[2m2021-12-01 22:40:13.519[0;39m [32mDEBUG[0;39m [35m6036[0;39m [2m---[0;39m [2m[nio-9999-exec-2][0;39m [36mc.ssafy.vue.controller.MemberController [0;39m [2m:[0;39m 로그인 토큰정보 : eyJ0eXAiOiJKV1QiLCJyZWdEYXRlIjoxNjM4MzY2MDEzNDg0LCJhbGciOiJIUzI1NiJ9.eyJleHAiOjE2MzgzNjk2MTMsInN1YiI6ImFjY2Vzcy10b2tlbiIsInVzZXJpZCI6InRlc3Q1In0.Kjt60gWWTJfStvD_3zDlaGPaw12ZoyXUueeSuXLeXB4
[2m2021-12-01 22:40:13.548[0;39m [32m INFO[0;39m [35m6036[0;39m [2m---[0;39m [2m[nio-9999-exec-6][0;39m [36mc.ssafy.vue.controller.MemberController [0;39m [2m:[0;39m getarea - 호출
[2m2021-12-01 22:40:13.571[0;39m [32m INFO[0;39m [35m6036[0;39m [2m---[0;39m [2m[nio-9999-exec-5][0;39m [36mc.ssafy.vue.controller.MemberController [0;39m [2m:[0;39m 사용 가능한 토큰!!!
[2m2021-12-01 22:40:15.714[0;39m [32m INFO[0;39m [35m6036[0;39m [2m---[0;39m [2m[nio-9999-exec-7][0;39m [36mc.s.vue.controller.HouseMapController   [0;39m [2m:[0;39m sido - 호출
[2m2021-12-01 22:40:18.477[0;39m [32m INFO[0;39m [35m6036[0;39m [2m---[0;39m [2m[nio-9999-exec-8][0;39m [36mc.s.vue.controller.HouseMapController   [0;39m [2m:[0;39m gugun - 호출
[2m2021-12-01 22:41:30.969[0;39m [32m INFO[0;39m [35m6036[0;39m [2m---[0;39m [2m[nio-9999-exec-4][0;39m [36mc.s.vue.controller.HouseMapController   [0;39m [2m:[0;39m sido - 호출
[2m2021-12-01 22:41:32.887[0;39m [32m INFO[0;39m [35m6036[0;39m [2m---[0;39m [2m[nio-9999-exec-5][0;39m [36mc.s.vue.controller.HouseMapController   [0;39m [2m:[0;39m gugun - 호출
[2m2021-12-01 22:42:59.041[0;39m [32m INFO[0;39m [35m6036[0;39m [2m---[0;39m [2m[nio-9999-exec-2][0;39m [36mc.s.vue.controller.HouseMapController   [0;39m [2m:[0;39m sido - 호출
[2m2021-12-01 22:43:24.355[0;39m [32m INFO[0;39m [35m6036[0;39m [2m---[0;39m [2m[nio-9999-exec-4][0;39m [36mc.s.vue.controller.HouseMapController   [0;39m [2m:[0;39m sido - 호출
[2m2021-12-01 22:43:26.827[0;39m [32m INFO[0;39m [35m6036[0;39m [2m---[0;39m [2m[nio-9999-exec-5][0;39m [36mc.s.vue.controller.HouseMapController   [0;39m [2m:[0;39m gugun - 호출
[2m2021-12-01 22:44:12.798[0;39m [32m INFO[0;39m [35m6036[0;39m [2m---[0;39m [2m[nio-9999-exec-9][0;39m [36mc.s.vue.controller.HouseMapController   [0;39m [2m:[0;39m gugun - 호출
[2m2021-12-01 22:44:38.241[0;39m [32m INFO[0;39m [35m6036[0;39m [2m---[0;39m [2m[nio-9999-exec-8][0;39m [36mc.s.vue.controller.HouseMapController   [0;39m [2m:[0;39m gugun - 호출
[2m2021-12-01 22:46:15.932[0;39m [32m INFO[0;39m [35m6036[0;39m [2m---[0;39m [2m[nio-9999-exec-8][0;39m [36mc.s.vue.controller.HouseMapController   [0;39m [2m:[0;39m gugun - 호출
[2m2021-12-01 22:48:33.625[0;39m [32m INFO[0;39m [35m6036[0;39m [2m---[0;39m [2m[nio-9999-exec-4][0;39m [36mc.s.vue.controller.HouseMapController   [0;39m [2m:[0;39m sido - 호출
[2m2021-12-01 22:48:34.179[0;39m [32m INFO[0;39m [35m6036[0;39m [2m---[0;39m [2m[nio-9999-exec-3][0;39m [36mc.s.vue.controller.HouseMapController   [0;39m [2m:[0;39m sido - 호출
[2m2021-12-01 22:48:37.625[0;39m [32m INFO[0;39m [35m6036[0;39m [2m---[0;39m [2m[nio-9999-exec-6][0;39m [36mc.s.vue.controller.HouseMapController   [0;39m [2m:[0;39m sido - 호출
[2m2021-12-01 22:52:15.044[0;39m [32m INFO[0;39m [35m6036[0;39m [2m---[0;39m [2m[nio-9999-exec-7][0;39m [36mc.s.vue.controller.HouseMapController   [0;39m [2m:[0;39m sido - 호출
[2m2021-12-01 22:52:17.976[0;39m [32m INFO[0;39m [35m6036[0;39m [2m---[0;39m [2m[nio-9999-exec-9][0;39m [36mc.s.vue.controller.HouseMapController   [0;39m [2m:[0;39m sido - 호출
[2m2021-12-01 22:52:22.181[0;39m [32mDEBUG[0;39m [35m6036[0;39m [2m---[0;39m [2m[io-9999-exec-10][0;39m [36mc.ssafy.vue.controller.MemberController [0;39m [2m:[0;39m 로그인 토큰정보 : eyJ0eXAiOiJKV1QiLCJyZWdEYXRlIjoxNjM4MzY2NzQyMTgwLCJhbGciOiJIUzI1NiJ9.eyJleHAiOjE2MzgzNzAzNDIsInN1YiI6ImFjY2Vzcy10b2tlbiIsInVzZXJpZCI6InRlc3Q1In0.c9qKZV1rHMFdoW7rKiGUhUkp800RCjU2tWYvchbvTrY
[2m2021-12-01 22:52:22.190[0;39m [32m INFO[0;39m [35m6036[0;39m [2m---[0;39m [2m[nio-9999-exec-2][0;39m [36mc.ssafy.vue.controller.MemberController [0;39m [2m:[0;39m 사용 가능한 토큰!!!
[2m2021-12-01 22:52:22.196[0;39m [32m INFO[0;39m [35m6036[0;39m [2m---[0;39m [2m[nio-9999-exec-1][0;39m [36mc.ssafy.vue.controller.MemberController [0;39m [2m:[0;39m getarea - 호출
[2m2021-12-01 22:52:24.189[0;39m [32m INFO[0;39m [35m6036[0;39m [2m---[0;39m [2m[nio-9999-exec-4][0;39m [36mc.s.vue.controller.HouseMapController   [0;39m [2m:[0;39m sido - 호출
[2m2021-12-01 22:52:26.642[0;39m [32m INFO[0;39m [35m6036[0;39m [2m---[0;39m [2m[nio-9999-exec-3][0;39m [36mc.s.vue.controller.HouseMapController   [0;39m [2m:[0;39m gugun - 호출
[2m2021-12-01 22:53:10.370[0;39m [32m INFO[0;39m [35m6036[0;39m [2m---[0;39m [2m[nio-9999-exec-7][0;39m [36mc.s.vue.controller.HouseMapController   [0;39m [2m:[0;39m sido - 호출
[2m2021-12-01 22:53:13.726[0;39m [32m INFO[0;39m [35m6036[0;39m [2m---[0;39m [2m[nio-9999-exec-9][0;39m [36mc.s.vue.controller.HouseMapController   [0;39m [2m:[0;39m sido - 호출
[2m2021-12-01 22:53:18.120[0;39m [32mDEBUG[0;39m [35m6036[0;39m [2m---[0;39m [2m[io-9999-exec-10][0;39m [36mc.ssafy.vue.controller.MemberController [0;39m [2m:[0;39m 로그인 토큰정보 : eyJ0eXAiOiJKV1QiLCJyZWdEYXRlIjoxNjM4MzY2Nzk4MTE5LCJhbGciOiJIUzI1NiJ9.eyJleHAiOjE2MzgzNzAzOTgsInN1YiI6ImFjY2Vzcy10b2tlbiIsInVzZXJpZCI6InRlc3Q1In0.wTZnOd94Z_9PPEhgItRc9bx5myDj1WNiuwDg91Y1PhY
[2m2021-12-01 22:53:18.130[0;39m [32m INFO[0;39m [35m6036[0;39m [2m---[0;39m [2m[nio-9999-exec-2][0;39m [36mc.ssafy.vue.controller.MemberController [0;39m [2m:[0;39m 사용 가능한 토큰!!!
[2m2021-12-01 22:53:18.130[0;39m [32m INFO[0;39m [35m6036[0;39m [2m---[0;39m [2m[nio-9999-exec-1][0;39m [36mc.ssafy.vue.controller.MemberController [0;39m [2m:[0;39m getarea - 호출
[2m2021-12-01 22:53:19.600[0;39m [32m INFO[0;39m [35m6036[0;39m [2m---[0;39m [2m[nio-9999-exec-4][0;39m [36mc.s.vue.controller.HouseMapController   [0;39m [2m:[0;39m sido - 호출
[2m2021-12-01 22:53:20.857[0;39m [32m INFO[0;39m [35m6036[0;39m [2m---[0;39m [2m[nio-9999-exec-3][0;39m [36mc.s.vue.controller.HouseMapController   [0;39m [2m:[0;39m gugun - 호출
[2m2021-12-01 22:57:14.413[0;39m [32m INFO[0;39m [35m6036[0;39m [2m---[0;39m [2m[io-9999-exec-10][0;39m [36mc.s.vue.controller.HouseMapController   [0;39m [2m:[0;39m sido - 호출
[2m2021-12-01 22:57:16.097[0;39m [32m INFO[0;39m [35m6036[0;39m [2m---[0;39m [2m[nio-9999-exec-9][0;39m [36mc.s.vue.controller.HouseMapController   [0;39m [2m:[0;39m gugun - 호출
[2m2021-12-01 22:57:22.890[0;39m [32mDEBUG[0;39m [35m6036[0;39m [2m---[0;39m [2m[nio-9999-exec-3][0;39m [36mc.ssafy.vue.controller.MemberController [0;39m [2m:[0;39m 로그인 토큰정보 : eyJ0eXAiOiJKV1QiLCJyZWdEYXRlIjoxNjM4MzY3MDQyODkwLCJhbGciOiJIUzI1NiJ9.eyJleHAiOjE2MzgzNzA2NDIsInN1YiI6ImFjY2Vzcy10b2tlbiIsInVzZXJpZCI6InRlc3Q1In0.JF4Hyez_vuynedntIdTpIR3p4L3fCaydVhB4opimEbk
[2m2021-12-01 22:57:22.897[0;39m [32m INFO[0;39m [35m6036[0;39m [2m---[0;39m [2m[nio-9999-exec-5][0;39m [36mc.ssafy.vue.controller.MemberController [0;39m [2m:[0;39m getarea - 호출
[2m2021-12-01 22:57:22.898[0;39m [32m INFO[0;39m [35m6036[0;39m [2m---[0;39m [2m[nio-9999-exec-6][0;39m [36mc.ssafy.vue.controller.MemberController [0;39m [2m:[0;39m 사용 가능한 토큰!!!
[2m2021-12-01 22:57:24.825[0;39m [32m INFO[0;39m [35m6036[0;39m [2m---[0;39m [2m[nio-9999-exec-8][0;39m [36mc.s.vue.controller.HouseMapController   [0;39m [2m:[0;39m sido - 호출
[2m2021-12-01 22:57:26.739[0;39m [32m INFO[0;39m [35m6036[0;39m [2m---[0;39m [2m[io-9999-exec-10][0;39m [36mc.s.vue.controller.HouseMapController   [0;39m [2m:[0;39m gugun - 호출
[2m2021-12-01 22:58:18.289[0;39m [32m INFO[0;39m [35m6036[0;39m [2m---[0;39m [2m[nio-9999-exec-4][0;39m [36mc.s.vue.controller.HouseMapController   [0;39m [2m:[0;39m sido - 호출
[2m2021-12-01 22:58:34.623[0;39m [32m INFO[0;39m [35m6036[0;39m [2m---[0;39m [2m[nio-9999-exec-6][0;39m [36mc.s.vue.controller.HouseMapController   [0;39m [2m:[0;39m sido - 호출
[2m2021-12-01 22:58:39.009[0;39m [32m INFO[0;39m [35m6036[0;39m [2m---[0;39m [2m[nio-9999-exec-5][0;39m [36mc.s.vue.controller.HouseMapController   [0;39m [2m:[0;39m gugun - 호출
[2m2021-12-01 23:01:59.026[0;39m [32m INFO[0;39m [35m6036[0;39m [2m---[0;39m [2m[io-9999-exec-10][0;39m [36mc.s.vue.controller.HouseMapController   [0;39m [2m:[0;39m sido - 호출
[2m2021-12-01 23:02:24.203[0;39m [32m INFO[0;39m [35m6036[0;39m [2m---[0;39m [2m[nio-9999-exec-2][0;39m [36mc.s.vue.controller.HouseMapController   [0;39m [2m:[0;39m gugun - 호출
[2m2021-12-01 23:02:52.416[0;39m [32m INFO[0;39m [35m6036[0;39m [2m---[0;39m [2m[nio-9999-exec-5][0;39m [36mc.s.vue.controller.HouseMapController   [0;39m [2m:[0;39m sido - 호출
[2m2021-12-01 23:03:09.621[0;39m [32m INFO[0;39m [35m6036[0;39m [2m---[0;39m [2m[nio-9999-exec-8][0;39m [36mc.s.vue.controller.HouseMapController   [0;39m [2m:[0;39m gugun - 호출
[2m2021-12-01 23:04:56.770[0;39m [32m INFO[0;39m [35m6036[0;39m [2m---[0;39m [2m[nio-9999-exec-4][0;39m [36mc.s.vue.controller.HouseMapController   [0;39m [2m:[0;39m sido - 호출
[2m2021-12-01 23:05:12.481[0;39m [32m INFO[0;39m [35m6036[0;39m [2m---[0;39m [2m[nio-9999-exec-3][0;39m [36mc.s.vue.controller.HouseMapController   [0;39m [2m:[0;39m gugun - 호출
[2m2021-12-01 23:07:42.358[0;39m [32m INFO[0;39m [35m6036[0;39m [2m---[0;39m [2m[nio-9999-exec-9][0;39m [36mc.s.vue.controller.HouseMapController   [0;39m [2m:[0;39m sido - 호출
[2m2021-12-01 23:07:52.555[0;39m [32mDEBUG[0;39m [35m6036[0;39m [2m---[0;39m [2m[nio-9999-exec-2][0;39m [36mc.ssafy.vue.controller.MemberController [0;39m [2m:[0;39m 로그인 토큰정보 : eyJ0eXAiOiJKV1QiLCJyZWdEYXRlIjoxNjM4MzY3NjcyNTU1LCJhbGciOiJIUzI1NiJ9.eyJleHAiOjE2MzgzNzEyNzIsInN1YiI6ImFjY2Vzcy10b2tlbiIsInVzZXJpZCI6InRlc3Q1In0.C2_joSb1EiFmHD1qOMPGFBAXr9AvdClLRXA9u1eUrU4
[2m2021-12-01 23:07:52.563[0;39m [32m INFO[0;39m [35m6036[0;39m [2m---[0;39m [2m[nio-9999-exec-1][0;39m [36mc.ssafy.vue.controller.MemberController [0;39m [2m:[0;39m 사용 가능한 토큰!!!
[2m2021-12-01 23:07:52.569[0;39m [32m INFO[0;39m [35m6036[0;39m [2m---[0;39m [2m[nio-9999-exec-4][0;39m [36mc.ssafy.vue.controller.MemberController [0;39m [2m:[0;39m getarea - 호출
[2m2021-12-01 23:07:54.300[0;39m [32m INFO[0;39m [35m6036[0;39m [2m---[0;39m [2m[nio-9999-exec-3][0;39m [36mc.s.vue.controller.HouseMapController   [0;39m [2m:[0;39m sido - 호출
[2m2021-12-01 23:08:03.548[0;39m [32m INFO[0;39m [35m6036[0;39m [2m---[0;39m [2m[nio-9999-exec-6][0;39m [36mc.s.vue.controller.HouseMapController   [0;39m [2m:[0;39m gugun - 호출
[2m2021-12-01 23:09:06.807[0;39m [32m INFO[0;39m [35m6036[0;39m [2m---[0;39m [2m[nio-9999-exec-2][0;39m [36mc.s.vue.controller.HouseMapController   [0;39m [2m:[0;39m sido - 호출
[2m2021-12-01 23:09:12.889[0;39m [32m INFO[0;39m [35m6036[0;39m [2m---[0;39m [2m[nio-9999-exec-1][0;39m [36mc.s.vue.controller.HouseMapController   [0;39m [2m:[0;39m gugun - 호출
[2m2021-12-01 23:14:32.253[0;39m [32m INFO[0;39m [35m6036[0;39m [2m---[0;39m [2m[nio-9999-exec-7][0;39m [36mc.s.vue.controller.HouseMapController   [0;39m [2m:[0;39m sido - 호출
[2m2021-12-01 23:14:34.091[0;39m [32m INFO[0;39m [35m6036[0;39m [2m---[0;39m [2m[io-9999-exec-10][0;39m [36mc.s.vue.controller.HouseMapController   [0;39m [2m:[0;39m gugun - 호출
[2m2021-12-01 23:14:42.488[0;39m [32m INFO[0;39m [35m6036[0;39m [2m---[0;39m [2m[nio-9999-exec-6][0;39m [36mc.s.vue.controller.HouseMapController   [0;39m [2m:[0;39m gugun - 호출
[2m2021-12-01 23:16:08.755[0;39m [32m INFO[0;39m [35m6036[0;39m [2m---[0;39m [2m[nio-9999-exec-2][0;39m [36mc.s.vue.controller.HouseMapController   [0;39m [2m:[0;39m sido - 호출
[2m2021-12-01 23:16:11.401[0;39m [32m INFO[0;39m [35m6036[0;39m [2m---[0;39m [2m[nio-9999-exec-1][0;39m [36mc.s.vue.controller.HouseMapController   [0;39m [2m:[0;39m gugun - 호출
[2m2021-12-01 23:16:38.724[0;39m [32m INFO[0;39m [35m6036[0;39m [2m---[0;39m [2m[nio-9999-exec-7][0;39m [36mc.s.vue.controller.HouseMapController   [0;39m [2m:[0;39m sido - 호출
[2m2021-12-01 23:16:42.668[0;39m [32m INFO[0;39m [35m6036[0;39m [2m---[0;39m [2m[io-9999-exec-10][0;39m [36mc.s.vue.controller.HouseMapController   [0;39m [2m:[0;39m gugun - 호출
[2m2021-12-01 23:16:53.881[0;39m [32m INFO[0;39m [35m6036[0;39m [2m---[0;39m [2m[nio-9999-exec-6][0;39m [36mc.s.vue.controller.HouseMapController   [0;39m [2m:[0;39m gugun - 호출
[2m2021-12-01 23:17:51.569[0;39m [32m INFO[0;39m [35m6036[0;39m [2m---[0;39m [2m[io-9999-exec-10][0;39m [36mc.s.vue.controller.HouseMapController   [0;39m [2m:[0;39m sido - 호출
[2m2021-12-01 23:17:58.778[0;39m [32mDEBUG[0;39m [35m6036[0;39m [2m---[0;39m [2m[nio-9999-exec-1][0;39m [36mc.ssafy.vue.controller.MemberController [0;39m [2m:[0;39m 로그인 토큰정보 : eyJ0eXAiOiJKV1QiLCJyZWdEYXRlIjoxNjM4MzY4Mjc4Nzc3LCJhbGciOiJIUzI1NiJ9.eyJleHAiOjE2MzgzNzE4NzgsInN1YiI6ImFjY2Vzcy10b2tlbiIsInVzZXJpZCI6InRlc3Q1In0.UEqNAIld2lTXb5qBUn1yS8zkxvzWayjLGga7E2IlwFo
[2m2021-12-01 23:17:58.785[0;39m [32m INFO[0;39m [35m6036[0;39m [2m---[0;39m [2m[nio-9999-exec-3][0;39m [36mc.ssafy.vue.controller.MemberController [0;39m [2m:[0;39m 사용 가능한 토큰!!!
[2m2021-12-01 23:17:58.785[0;39m [32m INFO[0;39m [35m6036[0;39m [2m---[0;39m [2m[nio-9999-exec-4][0;39m [36mc.ssafy.vue.controller.MemberController [0;39m [2m:[0;39m getarea - 호출
[2m2021-12-01 23:18:00.425[0;39m [32m INFO[0;39m [35m6036[0;39m [2m---[0;39m [2m[nio-9999-exec-6][0;39m [36mc.s.vue.controller.HouseMapController   [0;39m [2m:[0;39m sido - 호출
[2m2021-12-01 23:18:01.778[0;39m [32m INFO[0;39m [35m6036[0;39m [2m---[0;39m [2m[nio-9999-exec-5][0;39m [36mc.s.vue.controller.HouseMapController   [0;39m [2m:[0;39m gugun - 호출
[2m2021-12-01 23:18:08.416[0;39m [32m INFO[0;39m [35m6036[0;39m [2m---[0;39m [2m[io-9999-exec-10][0;39m [36mc.s.vue.controller.HouseMapController   [0;39m [2m:[0;39m gugun - 호출
[2m2021-12-01 23:18:56.839[0;39m [32m INFO[0;39m [35m6036[0;39m [2m---[0;39m [2m[nio-9999-exec-9][0;39m [36mc.s.vue.controller.HouseMapController   [0;39m [2m:[0;39m sido - 호출
[2m2021-12-01 23:19:02.167[0;39m [32m INFO[0;39m [35m6036[0;39m [2m---[0;39m [2m[nio-9999-exec-2][0;39m [36mc.s.vue.controller.HouseMapController   [0;39m [2m:[0;39m gugun - 호출
[2m2021-12-01 23:21:18.275[0;39m [32m INFO[0;39m [35m6036[0;39m [2m---[0;39m [2m[nio-9999-exec-5][0;39m [36mc.s.vue.controller.HouseMapController   [0;39m [2m:[0;39m sido - 호출
[2m2021-12-01 23:21:21.840[0;39m [32m INFO[0;39m [35m6036[0;39m [2m---[0;39m [2m[nio-9999-exec-7][0;39m [36mc.s.vue.controller.HouseMapController   [0;39m [2m:[0;39m gugun - 호출
[2m2021-12-01 23:21:27.324[0;39m [32m INFO[0;39m [35m6036[0;39m [2m---[0;39m [2m[nio-9999-exec-9][0;39m [36mc.s.vue.controller.HouseMapController   [0;39m [2m:[0;39m gugun - 호출
[2m2021-12-01 23:22:00.695[0;39m [32m INFO[0;39m [35m6036[0;39m [2m---[0;39m [2m[nio-9999-exec-1][0;39m [36mc.s.vue.controller.HouseMapController   [0;39m [2m:[0;39m sido - 호출
[2m2021-12-01 23:22:04.139[0;39m [32m INFO[0;39m [35m6036[0;39m [2m---[0;39m [2m[nio-9999-exec-6][0;39m [36mc.s.vue.controller.HouseMapController   [0;39m [2m:[0;39m gugun - 호출
[2m2021-12-01 23:22:13.123[0;39m [32m INFO[0;39m [35m6036[0;39m [2m---[0;39m [2m[nio-9999-exec-9][0;39m [36mc.s.vue.controller.HouseMapController   [0;39m [2m:[0;39m gugun - 호출
[2m2021-12-01 23:25:20.676[0;39m [32m INFO[0;39m [35m6036[0;39m [2m---[0;39m [2m[n(52)-127.0.0.1][0;39m [36minMXBeanRegistrar$SpringApplicationAdmin[0;39m [2m:[0;39m Application shutdown requested.
