[2m2021-11-25 17:33:01.087[0;39m [32m INFO[0;39m [35m5804[0;39m [2m---[0;39m [2m[  restartedMain][0;39m [36m.e.DevToolsPropertyDefaultsPostProcessor[0;39m [2m:[0;39m Devtools property defaults active! Set 'spring.devtools.add-properties' to 'false' to disable
[2m2021-11-25 17:33:01.089[0;39m [32m INFO[0;39m [35m5804[0;39m [2m---[0;39m [2m[  restartedMain][0;39m [36m.e.DevToolsPropertyDefaultsPostProcessor[0;39m [2m:[0;39m For additional web related logging consider setting the 'logging.level.web' property to 'DEBUG'
[2m2021-11-25 17:33:02.695[0;39m [32m INFO[0;39m [35m5804[0;39m [2m---[0;39m [2m[  restartedMain][0;39m [36mo.s.b.w.embedded.tomcat.TomcatWebServer [0;39m [2m:[0;39m Tomcat initialized with port(s): 9999 (http)
[2m2021-11-25 17:33:02.806[0;39m [32m INFO[0;39m [35m5804[0;39m [2m---[0;39m [2m[  restartedMain][0;39m [36mw.s.c.ServletWebServerApplicationContext[0;39m [2m:[0;39m Root WebApplicationContext: initialization completed in 1717 ms
[2m2021-11-25 17:33:03.839[0;39m [32m INFO[0;39m [35m5804[0;39m [2m---[0;39m [2m[  restartedMain][0;39m [36mo.s.b.d.a.OptionalLiveReloadServer      [0;39m [2m:[0;39m LiveReload server is running on port 35729
[2m2021-11-25 17:33:04.112[0;39m [32m INFO[0;39m [35m5804[0;39m [2m---[0;39m [2m[  restartedMain][0;39m [36mo.s.b.w.embedded.tomcat.TomcatWebServer [0;39m [2m:[0;39m Tomcat started on port(s): 9999 (http) with context path '/vue'
[2m2021-11-25 17:34:13.008[0;39m [32m INFO[0;39m [35m5804[0;39m [2m---[0;39m [2m[nio-9999-exec-1][0;39m [36mo.s.web.servlet.DispatcherServlet       [0;39m [2m:[0;39m Initializing Servlet 'dispatcherServlet'
[2m2021-11-25 17:34:13.010[0;39m [32m INFO[0;39m [35m5804[0;39m [2m---[0;39m [2m[nio-9999-exec-1][0;39m [36mo.s.web.servlet.DispatcherServlet       [0;39m [2m:[0;39m Completed initialization in 2 ms
[2m2021-11-25 17:34:13.080[0;39m [32m INFO[0;39m [35m5804[0;39m [2m---[0;39m [2m[nio-9999-exec-1][0;39m [36mc.s.vue.controller.HouseMapController   [0;39m [2m:[0;39m sido - 호출
[2m2021-11-25 17:34:19.076[0;39m [32mDEBUG[0;39m [35m5804[0;39m [2m---[0;39m [2m[nio-9999-exec-2][0;39m [36mc.ssafy.vue.controller.MemberController [0;39m [2m:[0;39m 로그인 토큰정보 : eyJ0eXAiOiJKV1QiLCJyZWdEYXRlIjoxNjM3ODI5MjU5MDUxLCJhbGciOiJIUzI1NiJ9.eyJleHAiOjE2Mzc4MzI4NTksInN1YiI6ImFjY2Vzcy10b2tlbiIsInVzZXJpZCI6InRlc3Q1In0.LSWH2Wy_F6tUjKiT0OvxAtK5iijCyD1BCj4eQU2pDUU
[2m2021-11-25 17:34:19.093[0;39m [32m INFO[0;39m [35m5804[0;39m [2m---[0;39m [2m[nio-9999-exec-4][0;39m [36mc.ssafy.vue.controller.MemberController [0;39m [2m:[0;39m getarea - 호출
[2m2021-11-25 17:34:19.128[0;39m [32m INFO[0;39m [35m5804[0;39m [2m---[0;39m [2m[nio-9999-exec-3][0;39m [36mc.ssafy.vue.controller.MemberController [0;39m [2m:[0;39m 사용 가능한 토큰!!!
[2m2021-11-25 17:34:22.040[0;39m [32m INFO[0;39m [35m5804[0;39m [2m---[0;39m [2m[nio-9999-exec-5][0;39m [36mc.s.vue.controller.HouseMapController   [0;39m [2m:[0;39m sido - 호출
[2m2021-11-25 17:34:27.346[0;39m [32m INFO[0;39m [35m5804[0;39m [2m---[0;39m [2m[nio-9999-exec-6][0;39m [36mc.s.vue.controller.HouseMapController   [0;39m [2m:[0;39m sido - 호출
[2m2021-11-25 17:34:30.966[0;39m [32mDEBUG[0;39m [35m5804[0;39m [2m---[0;39m [2m[nio-9999-exec-7][0;39m [36mc.ssafy.vue.controller.MemberController [0;39m [2m:[0;39m 로그인 토큰정보 : eyJ0eXAiOiJKV1QiLCJyZWdEYXRlIjoxNjM3ODI5MjcwOTY1LCJhbGciOiJIUzI1NiJ9.eyJleHAiOjE2Mzc4MzI4NzAsInN1YiI6ImFjY2Vzcy10b2tlbiIsInVzZXJpZCI6InRlc3Q1In0.GFHBX6KMLhTdahGx1mBbkLCHw84URDbjyG2vtCMugoo
[2m2021-11-25 17:34:33.369[0;39m [32m INFO[0;39m [35m5804[0;39m [2m---[0;39m [2m[nio-9999-exec-8][0;39m [36mc.s.vue.controller.HouseMapController   [0;39m [2m:[0;39m gugun - 호출
[2m2021-11-25 17:34:42.698[0;39m [32m INFO[0;39m [35m5804[0;39m [2m---[0;39m [2m[io-9999-exec-10][0;39m [36mc.ssafy.vue.controller.MemberController [0;39m [2m:[0;39m updateInfo - 호출
[2m2021-11-25 17:34:44.789[0;39m [32m INFO[0;39m [35m5804[0;39m [2m---[0;39m [2m[nio-9999-exec-1][0;39m [36mc.ssafy.vue.controller.MemberController [0;39m [2m:[0;39m delete - 호출
[2m2021-11-25 17:34:44.810[0;39m [32m INFO[0;39m [35m5804[0;39m [2m---[0;39m [2m[nio-9999-exec-2][0;39m [36mc.ssafy.vue.controller.MemberController [0;39m [2m:[0;39m register - 호출
[2m2021-11-25 17:34:44.859[0;39m [32m INFO[0;39m [35m5804[0;39m [2m---[0;39m [2m[nio-9999-exec-4][0;39m [36mc.ssafy.vue.controller.MemberController [0;39m [2m:[0;39m 사용 가능한 토큰!!!
[2m2021-11-25 17:34:44.865[0;39m [32m INFO[0;39m [35m5804[0;39m [2m---[0;39m [2m[nio-9999-exec-3][0;39m [36mc.ssafy.vue.controller.MemberController [0;39m [2m:[0;39m getarea - 호출
[2m2021-11-25 17:34:57.187[0;39m [32m INFO[0;39m [35m5804[0;39m [2m---[0;39m [2m[on(7)-127.0.0.1][0;39m [36minMXBeanRegistrar$SpringApplicationAdmin[0;39m [2m:[0;39m Application shutdown requested.
[2m2021-11-25 21:22:07.720[0;39m [32m INFO[0;39m [35m25072[0;39m [2m---[0;39m [2m[  restartedMain][0;39m [36m.e.DevToolsPropertyDefaultsPostProcessor[0;39m [2m:[0;39m Devtools property defaults active! Set 'spring.devtools.add-properties' to 'false' to disable
[2m2021-11-25 21:22:07.723[0;39m [32m INFO[0;39m [35m25072[0;39m [2m---[0;39m [2m[  restartedMain][0;39m [36m.e.DevToolsPropertyDefaultsPostProcessor[0;39m [2m:[0;39m For additional web related logging consider setting the 'logging.level.web' property to 'DEBUG'
[2m2021-11-25 21:22:09.082[0;39m [32m INFO[0;39m [35m25072[0;39m [2m---[0;39m [2m[  restartedMain][0;39m [36mo.s.b.w.embedded.tomcat.TomcatWebServer [0;39m [2m:[0;39m Tomcat initialized with port(s): 9999 (http)
[2m2021-11-25 21:22:09.205[0;39m [32m INFO[0;39m [35m25072[0;39m [2m---[0;39m [2m[  restartedMain][0;39m [36mw.s.c.ServletWebServerApplicationContext[0;39m [2m:[0;39m Root WebApplicationContext: initialization completed in 1481 ms
[2m2021-11-25 21:22:10.032[0;39m [32m INFO[0;39m [35m25072[0;39m [2m---[0;39m [2m[  restartedMain][0;39m [36mo.s.b.d.a.OptionalLiveReloadServer      [0;39m [2m:[0;39m LiveReload server is running on port 35729
[2m2021-11-25 21:22:10.237[0;39m [32m INFO[0;39m [35m25072[0;39m [2m---[0;39m [2m[  restartedMain][0;39m [36mo.s.b.w.embedded.tomcat.TomcatWebServer [0;39m [2m:[0;39m Tomcat started on port(s): 9999 (http) with context path '/vue'
[2m2021-11-25 21:23:12.375[0;39m [32m INFO[0;39m [35m25072[0;39m [2m---[0;39m [2m[nio-9999-exec-1][0;39m [36mo.s.web.servlet.DispatcherServlet       [0;39m [2m:[0;39m Initializing Servlet 'dispatcherServlet'
[2m2021-11-25 21:23:12.377[0;39m [32m INFO[0;39m [35m25072[0;39m [2m---[0;39m [2m[nio-9999-exec-1][0;39m [36mo.s.web.servlet.DispatcherServlet       [0;39m [2m:[0;39m Completed initialization in 2 ms
[2m2021-11-25 21:23:12.420[0;39m [32m INFO[0;39m [35m25072[0;39m [2m---[0;39m [2m[nio-9999-exec-1][0;39m [36mc.s.vue.controller.HouseMapController   [0;39m [2m:[0;39m sido - 호출
[2m2021-11-25 21:23:17.927[0;39m [32m INFO[0;39m [35m25072[0;39m [2m---[0;39m [2m[nio-9999-exec-2][0;39m [36mc.s.vue.controller.HouseMapController   [0;39m [2m:[0;39m gugun - 호출
[2m2021-11-25 21:23:59.983[0;39m [32m INFO[0;39m [35m25072[0;39m [2m---[0;39m [2m[nio-9999-exec-2][0;39m [36mc.s.vue.controller.HouseMapController   [0;39m [2m:[0;39m gugun - 호출
[2m2021-11-25 21:56:46.223[0;39m [32m INFO[0;39m [35m25072[0;39m [2m---[0;39m [2m[n(43)-127.0.0.1][0;39m [36minMXBeanRegistrar$SpringApplicationAdmin[0;39m [2m:[0;39m Application shutdown requested.
