[2m2021-11-19 09:24:26.547[0;39m [32m INFO[0;39m [35m17956[0;39m [2m---[0;39m [2m[  restartedMain][0;39m [36m.e.DevToolsPropertyDefaultsPostProcessor[0;39m [2m:[0;39m Devtools property defaults active! Set 'spring.devtools.add-properties' to 'false' to disable
[2m2021-11-19 09:24:26.553[0;39m [32m INFO[0;39m [35m17956[0;39m [2m---[0;39m [2m[  restartedMain][0;39m [36m.e.DevToolsPropertyDefaultsPostProcessor[0;39m [2m:[0;39m For additional web related logging consider setting the 'logging.level.web' property to 'DEBUG'
[2m2021-11-19 09:24:28.590[0;39m [32m INFO[0;39m [35m17956[0;39m [2m---[0;39m [2m[  restartedMain][0;39m [36mo.s.b.w.embedded.tomcat.TomcatWebServer [0;39m [2m:[0;39m Tomcat initialized with port(s): 9999 (http)
[2m2021-11-19 09:24:28.744[0;39m [32m INFO[0;39m [35m17956[0;39m [2m---[0;39m [2m[  restartedMain][0;39m [36mw.s.c.ServletWebServerApplicationContext[0;39m [2m:[0;39m Root WebApplicationContext: initialization completed in 2190 ms
[2m2021-11-19 09:24:29.736[0;39m [32m INFO[0;39m [35m17956[0;39m [2m---[0;39m [2m[  restartedMain][0;39m [36mo.s.b.d.a.OptionalLiveReloadServer      [0;39m [2m:[0;39m LiveReload server is running on port 35729
[2m2021-11-19 09:24:30.007[0;39m [32m INFO[0;39m [35m17956[0;39m [2m---[0;39m [2m[  restartedMain][0;39m [36mo.s.b.w.embedded.tomcat.TomcatWebServer [0;39m [2m:[0;39m Tomcat started on port(s): 9999 (http) with context path '/vue'
[2m2021-11-19 09:25:00.414[0;39m [32m INFO[0;39m [35m17956[0;39m [2m---[0;39m [2m[nio-9999-exec-1][0;39m [36mo.s.web.servlet.DispatcherServlet       [0;39m [2m:[0;39m Initializing Servlet 'dispatcherServlet'
[2m2021-11-19 09:25:00.415[0;39m [32m INFO[0;39m [35m17956[0;39m [2m---[0;39m [2m[nio-9999-exec-1][0;39m [36mo.s.web.servlet.DispatcherServlet       [0;39m [2m:[0;39m Completed initialization in 1 ms
[2m2021-11-19 09:25:00.443[0;39m [32m INFO[0;39m [35m17956[0;39m [2m---[0;39m [2m[nio-9999-exec-1][0;39m [36mc.s.vue.controller.HouseMapController   [0;39m [2m:[0;39m sido - 호출
[2m2021-11-19 09:25:02.550[0;39m [32m INFO[0;39m [35m17956[0;39m [2m---[0;39m [2m[nio-9999-exec-2][0;39m [36mc.s.vue.controller.HouseMapController   [0;39m [2m:[0;39m gugun - 호출
[2m2021-11-19 09:54:55.066[0;39m [32m INFO[0;39m [35m17956[0;39m [2m---[0;39m [2m[nio-9999-exec-4][0;39m [36mc.s.vue.controller.HouseMapController   [0;39m [2m:[0;39m sido - 호출
[2m2021-11-19 09:54:57.874[0;39m [32m INFO[0;39m [35m17956[0;39m [2m---[0;39m [2m[nio-9999-exec-5][0;39m [36mc.s.vue.controller.HouseMapController   [0;39m [2m:[0;39m gugun - 호출
[2m2021-11-19 10:08:04.320[0;39m [32m INFO[0;39m [35m17956[0;39m [2m---[0;39m [2m[nio-9999-exec-7][0;39m [36mc.ssafy.vue.controller.BoardController  [0;39m [2m:[0;39m listArticle - 호출
[2m2021-11-19 10:10:08.864[0;39m [32m INFO[0;39m [35m17956[0;39m [2m---[0;39m [2m[nio-9999-exec-9][0;39m [36mc.ssafy.vue.controller.BoardController  [0;39m [2m:[0;39m listArticle - 호출
[2m2021-11-19 10:13:54.433[0;39m [32m INFO[0;39m [35m17956[0;39m [2m---[0;39m [2m[nio-9999-exec-1][0;39m [36mc.ssafy.vue.controller.BoardController  [0;39m [2m:[0;39m listArticle - 호출
[2m2021-11-19 10:14:52.968[0;39m [32m INFO[0;39m [35m17956[0;39m [2m---[0;39m [2m[nio-9999-exec-2][0;39m [36mc.ssafy.vue.controller.BoardController  [0;39m [2m:[0;39m listArticle - 호출
[2m2021-11-19 10:14:54.631[0;39m [32m INFO[0;39m [35m17956[0;39m [2m---[0;39m [2m[nio-9999-exec-3][0;39m [36mc.ssafy.vue.controller.BoardController  [0;39m [2m:[0;39m listArticle - 호출
[2m2021-11-19 10:16:18.126[0;39m [32m INFO[0;39m [35m17956[0;39m [2m---[0;39m [2m[nio-9999-exec-5][0;39m [36mc.ssafy.vue.controller.BoardController  [0;39m [2m:[0;39m listArticle - 호출
[2m2021-11-19 10:19:19.758[0;39m [32m INFO[0;39m [35m17956[0;39m [2m---[0;39m [2m[nio-9999-exec-7][0;39m [36mc.ssafy.vue.controller.BoardController  [0;39m [2m:[0;39m listArticle - 호출
[2m2021-11-19 10:19:28.879[0;39m [32m INFO[0;39m [35m17956[0;39m [2m---[0;39m [2m[nio-9999-exec-8][0;39m [36mc.ssafy.vue.controller.BoardController  [0;39m [2m:[0;39m listArticle - 호출
[2m2021-11-19 10:19:53.098[0;39m [32m INFO[0;39m [35m17956[0;39m [2m---[0;39m [2m[nio-9999-exec-9][0;39m [36mc.ssafy.vue.controller.BoardController  [0;39m [2m:[0;39m listArticle - 호출
[2m2021-11-19 10:19:53.934[0;39m [32m INFO[0;39m [35m17956[0;39m [2m---[0;39m [2m[io-9999-exec-10][0;39m [36mc.s.vue.controller.HouseMapController   [0;39m [2m:[0;39m sido - 호출
[2m2021-11-19 10:19:55.862[0;39m [32m INFO[0;39m [35m17956[0;39m [2m---[0;39m [2m[nio-9999-exec-1][0;39m [36mc.s.vue.controller.HouseMapController   [0;39m [2m:[0;39m gugun - 호출
[2m2021-11-19 10:20:01.982[0;39m [32m INFO[0;39m [35m17956[0;39m [2m---[0;39m [2m[nio-9999-exec-2][0;39m [36mc.ssafy.vue.controller.BoardController  [0;39m [2m:[0;39m listArticle - 호출
[2m2021-11-19 10:20:13.004[0;39m [32mDEBUG[0;39m [35m17956[0;39m [2m---[0;39m [2m[nio-9999-exec-4][0;39m [36mc.ssafy.vue.controller.MemberController [0;39m [2m:[0;39m 로그인 토큰정보 : eyJ0eXAiOiJKV1QiLCJyZWdEYXRlIjoxNjM3Mjg0ODEyOTcwLCJhbGciOiJIUzI1NiJ9.eyJleHAiOjE2MzcyODg0MTIsInN1YiI6ImFjY2Vzcy10b2tlbiIsInVzZXJpZCI6InNzYWZ5In0.uKZymAq4QCJKIajvfW8GWGa4uLqznbRHd6Zn3yXJqBI
[2m2021-11-19 10:20:13.048[0;39m [32m INFO[0;39m [35m17956[0;39m [2m---[0;39m [2m[nio-9999-exec-6][0;39m [36mc.ssafy.vue.controller.MemberController [0;39m [2m:[0;39m 사용 가능한 토큰!!!
[2m2021-11-19 10:20:14.556[0;39m [32m INFO[0;39m [35m17956[0;39m [2m---[0;39m [2m[nio-9999-exec-7][0;39m [36mc.ssafy.vue.controller.BoardController  [0;39m [2m:[0;39m listArticle - 호출
[2m2021-11-19 10:20:15.744[0;39m [32m INFO[0;39m [35m17956[0;39m [2m---[0;39m [2m[nio-9999-exec-8][0;39m [36mc.ssafy.vue.controller.BoardController  [0;39m [2m:[0;39m getArticle - 호출 : 4
[2m2021-11-19 10:20:15.764[0;39m [32mDEBUG[0;39m [35m17956[0;39m [2m---[0;39m [2m[nio-9999-exec-9][0;39m [36mc.ssafy.vue.controller.BoardController  [0;39m [2m:[0;39m listComment - 호출
[2m2021-11-19 10:20:18.447[0;39m [32m INFO[0;39m [35m17956[0;39m [2m---[0;39m [2m[io-9999-exec-10][0;39m [36mc.ssafy.vue.controller.BoardController  [0;39m [2m:[0;39m listArticle - 호출
[2m2021-11-19 10:20:22.197[0;39m [32m INFO[0;39m [35m17956[0;39m [2m---[0;39m [2m[nio-9999-exec-1][0;39m [36mc.ssafy.vue.controller.BoardController  [0;39m [2m:[0;39m getArticle - 호출 : 1
[2m2021-11-19 10:20:22.210[0;39m [32mDEBUG[0;39m [35m17956[0;39m [2m---[0;39m [2m[nio-9999-exec-2][0;39m [36mc.ssafy.vue.controller.BoardController  [0;39m [2m:[0;39m listComment - 호출
[2m2021-11-19 10:25:14.445[0;39m [32m INFO[0;39m [35m17956[0;39m [2m---[0;39m [2m[nio-9999-exec-4][0;39m [36mc.ssafy.vue.controller.BoardController  [0;39m [2m:[0;39m listArticle - 호출
[2m2021-11-19 10:27:07.732[0;39m [32m INFO[0;39m [35m17956[0;39m [2m---[0;39m [2m[nio-9999-exec-6][0;39m [36mc.ssafy.vue.controller.BoardController  [0;39m [2m:[0;39m listArticle - 호출
[2m2021-11-19 10:27:15.275[0;39m [32m INFO[0;39m [35m17956[0;39m [2m---[0;39m [2m[nio-9999-exec-7][0;39m [36mc.ssafy.vue.controller.BoardController  [0;39m [2m:[0;39m getArticle - 호출 : 4
[2m2021-11-19 10:27:15.344[0;39m [32mDEBUG[0;39m [35m17956[0;39m [2m---[0;39m [2m[nio-9999-exec-8][0;39m [36mc.ssafy.vue.controller.BoardController  [0;39m [2m:[0;39m listComment - 호출
[2m2021-11-19 10:45:51.594[0;39m [32m INFO[0;39m [35m17956[0;39m [2m---[0;39m [2m[io-9999-exec-10][0;39m [36mc.s.vue.controller.HouseMapController   [0;39m [2m:[0;39m sido - 호출
[2m2021-11-19 10:45:53.023[0;39m [32m INFO[0;39m [35m17956[0;39m [2m---[0;39m [2m[nio-9999-exec-1][0;39m [36mc.ssafy.vue.controller.BoardController  [0;39m [2m:[0;39m listArticle - 호출
[2m2021-11-19 10:45:54.421[0;39m [32m INFO[0;39m [35m17956[0;39m [2m---[0;39m [2m[nio-9999-exec-2][0;39m [36mc.ssafy.vue.controller.BoardController  [0;39m [2m:[0;39m getArticle - 호출 : 4
[2m2021-11-19 10:45:54.440[0;39m [32mDEBUG[0;39m [35m17956[0;39m [2m---[0;39m [2m[nio-9999-exec-3][0;39m [36mc.ssafy.vue.controller.BoardController  [0;39m [2m:[0;39m listComment - 호출
[2m2021-11-19 10:50:44.512[0;39m [32m INFO[0;39m [35m17956[0;39m [2m---[0;39m [2m[nio-9999-exec-5][0;39m [36mc.ssafy.vue.controller.BoardController  [0;39m [2m:[0;39m listArticle - 호출
[2m2021-11-19 10:57:03.347[0;39m [32mDEBUG[0;39m [35m17956[0;39m [2m---[0;39m [2m[nio-9999-exec-7][0;39m [36mc.ssafy.vue.controller.MemberController [0;39m [2m:[0;39m 로그인 토큰정보 : eyJ0eXAiOiJKV1QiLCJyZWdEYXRlIjoxNjM3Mjg3MDIzMzQ2LCJhbGciOiJIUzI1NiJ9.eyJleHAiOjE2MzcyOTA2MjMsInN1YiI6ImFjY2Vzcy10b2tlbiIsInVzZXJpZCI6InNzYWZ5In0.uri2qgfsG_Tm2mIsHEz6Lts0BaUvxaAkX5RZHprz6L4
[2m2021-11-19 10:57:03.371[0;39m [32m INFO[0;39m [35m17956[0;39m [2m---[0;39m [2m[nio-9999-exec-8][0;39m [36mc.ssafy.vue.controller.MemberController [0;39m [2m:[0;39m 사용 가능한 토큰!!!
[2m2021-11-19 11:06:23.261[0;39m [32m INFO[0;39m [35m17956[0;39m [2m---[0;39m [2m[io-9999-exec-10][0;39m [36mc.ssafy.vue.controller.BoardController  [0;39m [2m:[0;39m listArticle - 호출
[2m2021-11-19 11:22:01.667[0;39m [32m INFO[0;39m [35m17956[0;39m [2m---[0;39m [2m[nio-9999-exec-2][0;39m [36mc.ssafy.vue.controller.BoardController  [0;39m [2m:[0;39m listArticle - 호출
[2m2021-11-19 11:22:10.020[0;39m [32mDEBUG[0;39m [35m17956[0;39m [2m---[0;39m [2m[nio-9999-exec-4][0;39m [36mc.ssafy.vue.controller.MemberController [0;39m [2m:[0;39m 로그인 토큰정보 : eyJ0eXAiOiJKV1QiLCJyZWdEYXRlIjoxNjM3Mjg4NTMwMDIwLCJhbGciOiJIUzI1NiJ9.eyJleHAiOjE2MzcyOTIxMzAsInN1YiI6ImFjY2Vzcy10b2tlbiIsInVzZXJpZCI6InNzYWZ5In0.fDQDlYNjHZEzLrnPRhaRYekRi2dkXl2aWrTMYxJ0sO8
[2m2021-11-19 11:22:10.039[0;39m [32m INFO[0;39m [35m17956[0;39m [2m---[0;39m [2m[nio-9999-exec-5][0;39m [36mc.ssafy.vue.controller.MemberController [0;39m [2m:[0;39m 사용 가능한 토큰!!!
[2m2021-11-19 11:23:54.123[0;39m [32m INFO[0;39m [35m17956[0;39m [2m---[0;39m [2m[nio-9999-exec-7][0;39m [36mc.ssafy.vue.controller.BoardController  [0;39m [2m:[0;39m listArticle - 호출
[2m2021-11-19 12:22:12.188[0;39m [32m INFO[0;39m [35m17956[0;39m [2m---[0;39m [2m[(183)-127.0.0.1][0;39m [36minMXBeanRegistrar$SpringApplicationAdmin[0;39m [2m:[0;39m Application shutdown requested.
[2m2021-11-19 12:23:11.306[0;39m [32m INFO[0;39m [35m9196[0;39m [2m---[0;39m [2m[  restartedMain][0;39m [36m.e.DevToolsPropertyDefaultsPostProcessor[0;39m [2m:[0;39m Devtools property defaults active! Set 'spring.devtools.add-properties' to 'false' to disable
[2m2021-11-19 12:23:11.308[0;39m [32m INFO[0;39m [35m9196[0;39m [2m---[0;39m [2m[  restartedMain][0;39m [36m.e.DevToolsPropertyDefaultsPostProcessor[0;39m [2m:[0;39m For additional web related logging consider setting the 'logging.level.web' property to 'DEBUG'
[2m2021-11-19 12:23:12.565[0;39m [32m INFO[0;39m [35m9196[0;39m [2m---[0;39m [2m[  restartedMain][0;39m [36mo.s.b.w.embedded.tomcat.TomcatWebServer [0;39m [2m:[0;39m Tomcat initialized with port(s): 9999 (http)
[2m2021-11-19 12:23:12.746[0;39m [32m INFO[0;39m [35m9196[0;39m [2m---[0;39m [2m[  restartedMain][0;39m [36mw.s.c.ServletWebServerApplicationContext[0;39m [2m:[0;39m Root WebApplicationContext: initialization completed in 1437 ms
[2m2021-11-19 12:23:13.460[0;39m [32m INFO[0;39m [35m9196[0;39m [2m---[0;39m [2m[  restartedMain][0;39m [36mo.s.b.d.a.OptionalLiveReloadServer      [0;39m [2m:[0;39m LiveReload server is running on port 35729
[2m2021-11-19 12:23:13.665[0;39m [32m INFO[0;39m [35m9196[0;39m [2m---[0;39m [2m[  restartedMain][0;39m [36mo.s.b.w.embedded.tomcat.TomcatWebServer [0;39m [2m:[0;39m Tomcat started on port(s): 9999 (http) with context path '/vue'
[2m2021-11-19 12:25:16.625[0;39m [32m INFO[0;39m [35m9196[0;39m [2m---[0;39m [2m[nio-9999-exec-1][0;39m [36mo.s.web.servlet.DispatcherServlet       [0;39m [2m:[0;39m Initializing Servlet 'dispatcherServlet'
[2m2021-11-19 12:25:16.626[0;39m [32m INFO[0;39m [35m9196[0;39m [2m---[0;39m [2m[nio-9999-exec-1][0;39m [36mo.s.web.servlet.DispatcherServlet       [0;39m [2m:[0;39m Completed initialization in 1 ms
[2m2021-11-19 12:25:16.669[0;39m [32m INFO[0;39m [35m9196[0;39m [2m---[0;39m [2m[nio-9999-exec-1][0;39m [36mc.ssafy.vue.controller.BoardController  [0;39m [2m:[0;39m listArticle - 호출
[2m2021-11-19 12:27:01.853[0;39m [32m INFO[0;39m [35m9196[0;39m [2m---[0;39m [2m[nio-9999-exec-3][0;39m [36mc.ssafy.vue.controller.BoardController  [0;39m [2m:[0;39m listArticle - 호출
[2m2021-11-19 12:31:11.730[0;39m [32m INFO[0;39m [35m9196[0;39m [2m---[0;39m [2m[nio-9999-exec-5][0;39m [36mc.ssafy.vue.controller.BoardController  [0;39m [2m:[0;39m listArticle - 호출
[2m2021-11-19 12:33:45.556[0;39m [32m INFO[0;39m [35m9196[0;39m [2m---[0;39m [2m[nio-9999-exec-7][0;39m [36mc.ssafy.vue.controller.BoardController  [0;39m [2m:[0;39m listArticle - 호출
[2m2021-11-19 12:34:40.452[0;39m [32m INFO[0;39m [35m9196[0;39m [2m---[0;39m [2m[nio-9999-exec-8][0;39m [36mc.ssafy.vue.controller.BoardController  [0;39m [2m:[0;39m listArticle - 호출
[2m2021-11-19 12:36:17.286[0;39m [32m INFO[0;39m [35m9196[0;39m [2m---[0;39m [2m[io-9999-exec-10][0;39m [36mc.ssafy.vue.controller.BoardController  [0;39m [2m:[0;39m listArticle - 호출
[2m2021-11-19 12:36:36.569[0;39m [32m INFO[0;39m [35m9196[0;39m [2m---[0;39m [2m[nio-9999-exec-1][0;39m [36mc.ssafy.vue.controller.BoardController  [0;39m [2m:[0;39m listArticle - 호출
[2m2021-11-19 12:37:07.569[0;39m [32m INFO[0;39m [35m9196[0;39m [2m---[0;39m [2m[nio-9999-exec-2][0;39m [36mc.ssafy.vue.controller.BoardController  [0;39m [2m:[0;39m listArticle - 호출
[2m2021-11-19 12:38:26.145[0;39m [32m INFO[0;39m [35m9196[0;39m [2m---[0;39m [2m[nio-9999-exec-4][0;39m [36mc.ssafy.vue.controller.BoardController  [0;39m [2m:[0;39m listArticle - 호출
[2m2021-11-19 12:38:53.007[0;39m [32m INFO[0;39m [35m9196[0;39m [2m---[0;39m [2m[nio-9999-exec-5][0;39m [36mc.ssafy.vue.controller.BoardController  [0;39m [2m:[0;39m listArticle - 호출
[2m2021-11-19 12:39:23.254[0;39m [32m INFO[0;39m [35m9196[0;39m [2m---[0;39m [2m[nio-9999-exec-6][0;39m [36mc.ssafy.vue.controller.BoardController  [0;39m [2m:[0;39m listArticle - 호출
[2m2021-11-19 12:40:11.432[0;39m [32m INFO[0;39m [35m9196[0;39m [2m---[0;39m [2m[nio-9999-exec-7][0;39m [36mc.ssafy.vue.controller.BoardController  [0;39m [2m:[0;39m listArticle - 호출
[2m2021-11-19 12:40:30.828[0;39m [32m INFO[0;39m [35m9196[0;39m [2m---[0;39m [2m[nio-9999-exec-8][0;39m [36mc.ssafy.vue.controller.BoardController  [0;39m [2m:[0;39m listArticle - 호출
[2m2021-11-19 12:42:21.592[0;39m [32m INFO[0;39m [35m9196[0;39m [2m---[0;39m [2m[io-9999-exec-10][0;39m [36mc.ssafy.vue.controller.BoardController  [0;39m [2m:[0;39m listArticle - 호출
[2m2021-11-19 12:42:35.616[0;39m [32m INFO[0;39m [35m9196[0;39m [2m---[0;39m [2m[nio-9999-exec-1][0;39m [36mc.ssafy.vue.controller.BoardController  [0;39m [2m:[0;39m listArticle - 호출
[2m2021-11-19 12:42:41.246[0;39m [32m INFO[0;39m [35m9196[0;39m [2m---[0;39m [2m[nio-9999-exec-2][0;39m [36mc.ssafy.vue.controller.BoardController  [0;39m [2m:[0;39m listArticle - 호출
[2m2021-11-19 12:42:52.543[0;39m [32m INFO[0;39m [35m9196[0;39m [2m---[0;39m [2m[nio-9999-exec-3][0;39m [36mc.ssafy.vue.controller.BoardController  [0;39m [2m:[0;39m listArticle - 호출
[2m2021-11-19 12:43:31.461[0;39m [32m INFO[0;39m [35m9196[0;39m [2m---[0;39m [2m[nio-9999-exec-4][0;39m [36mc.ssafy.vue.controller.BoardController  [0;39m [2m:[0;39m listArticle - 호출
[2m2021-11-19 12:43:46.008[0;39m [32m INFO[0;39m [35m9196[0;39m [2m---[0;39m [2m[nio-9999-exec-5][0;39m [36mc.ssafy.vue.controller.BoardController  [0;39m [2m:[0;39m listArticle - 호출
[2m2021-11-19 12:44:10.960[0;39m [32m INFO[0;39m [35m9196[0;39m [2m---[0;39m [2m[nio-9999-exec-6][0;39m [36mc.ssafy.vue.controller.BoardController  [0;39m [2m:[0;39m listArticle - 호출
[2m2021-11-19 12:44:21.550[0;39m [32m INFO[0;39m [35m9196[0;39m [2m---[0;39m [2m[nio-9999-exec-7][0;39m [36mc.ssafy.vue.controller.BoardController  [0;39m [2m:[0;39m listArticle - 호출
[2m2021-11-19 12:44:35.212[0;39m [32m INFO[0;39m [35m9196[0;39m [2m---[0;39m [2m[nio-9999-exec-8][0;39m [36mc.ssafy.vue.controller.BoardController  [0;39m [2m:[0;39m listArticle - 호출
[2m2021-11-19 12:45:08.599[0;39m [32m INFO[0;39m [35m9196[0;39m [2m---[0;39m [2m[nio-9999-exec-9][0;39m [36mc.ssafy.vue.controller.BoardController  [0;39m [2m:[0;39m listArticle - 호출
[2m2021-11-19 12:45:23.660[0;39m [32m INFO[0;39m [35m9196[0;39m [2m---[0;39m [2m[io-9999-exec-10][0;39m [36mc.ssafy.vue.controller.BoardController  [0;39m [2m:[0;39m listArticle - 호출
[2m2021-11-19 12:45:36.365[0;39m [32m INFO[0;39m [35m9196[0;39m [2m---[0;39m [2m[nio-9999-exec-1][0;39m [36mc.ssafy.vue.controller.BoardController  [0;39m [2m:[0;39m listArticle - 호출
[2m2021-11-19 12:45:41.692[0;39m [32mDEBUG[0;39m [35m9196[0;39m [2m---[0;39m [2m[nio-9999-exec-2][0;39m [36mc.ssafy.vue.controller.MemberController [0;39m [2m:[0;39m 로그인 토큰정보 : eyJ0eXAiOiJKV1QiLCJyZWdEYXRlIjoxNjM3MjkzNTQxNjUzLCJhbGciOiJIUzI1NiJ9.eyJleHAiOjE2MzcyOTcxNDEsInN1YiI6ImFjY2Vzcy10b2tlbiIsInVzZXJpZCI6InNzYWZ5In0.8C6qBS5Qs7vVq11VZiU8nf1qs5VKmQdJ10T9APkUNyY
[2m2021-11-19 12:45:41.755[0;39m [32m INFO[0;39m [35m9196[0;39m [2m---[0;39m [2m[nio-9999-exec-4][0;39m [36mc.ssafy.vue.controller.MemberController [0;39m [2m:[0;39m 사용 가능한 토큰!!!
[2m2021-11-19 12:45:45.302[0;39m [32m INFO[0;39m [35m9196[0;39m [2m---[0;39m [2m[nio-9999-exec-5][0;39m [36mc.ssafy.vue.controller.BoardController  [0;39m [2m:[0;39m listArticle - 호출
[2m2021-11-19 12:46:04.428[0;39m [32m INFO[0;39m [35m9196[0;39m [2m---[0;39m [2m[nio-9999-exec-6][0;39m [36mc.ssafy.vue.controller.BoardController  [0;39m [2m:[0;39m listArticle - 호출
[2m2021-11-19 12:46:48.694[0;39m [32m INFO[0;39m [35m9196[0;39m [2m---[0;39m [2m[nio-9999-exec-7][0;39m [36mc.ssafy.vue.controller.BoardController  [0;39m [2m:[0;39m listArticle - 호출
[2m2021-11-19 12:47:24.062[0;39m [32m INFO[0;39m [35m9196[0;39m [2m---[0;39m [2m[nio-9999-exec-8][0;39m [36mc.ssafy.vue.controller.BoardController  [0;39m [2m:[0;39m listArticle - 호출
[2m2021-11-19 12:47:41.131[0;39m [32m INFO[0;39m [35m9196[0;39m [2m---[0;39m [2m[nio-9999-exec-9][0;39m [36mc.ssafy.vue.controller.BoardController  [0;39m [2m:[0;39m listArticle - 호출
[2m2021-11-19 12:47:49.127[0;39m [32m INFO[0;39m [35m9196[0;39m [2m---[0;39m [2m[io-9999-exec-10][0;39m [36mc.ssafy.vue.controller.BoardController  [0;39m [2m:[0;39m listArticle - 호출
[2m2021-11-19 12:48:24.311[0;39m [32m INFO[0;39m [35m9196[0;39m [2m---[0;39m [2m[nio-9999-exec-1][0;39m [36mc.ssafy.vue.controller.BoardController  [0;39m [2m:[0;39m listArticle - 호출
[2m2021-11-19 12:48:44.896[0;39m [32m INFO[0;39m [35m9196[0;39m [2m---[0;39m [2m[nio-9999-exec-2][0;39m [36mc.ssafy.vue.controller.BoardController  [0;39m [2m:[0;39m listArticle - 호출
[2m2021-11-19 12:48:54.290[0;39m [32m INFO[0;39m [35m9196[0;39m [2m---[0;39m [2m[nio-9999-exec-3][0;39m [36mc.ssafy.vue.controller.BoardController  [0;39m [2m:[0;39m listArticle - 호출
[2m2021-11-19 12:49:28.227[0;39m [32m INFO[0;39m [35m9196[0;39m [2m---[0;39m [2m[nio-9999-exec-4][0;39m [36mc.ssafy.vue.controller.BoardController  [0;39m [2m:[0;39m listArticle - 호출
[2m2021-11-19 12:49:29.271[0;39m [32m INFO[0;39m [35m9196[0;39m [2m---[0;39m [2m[nio-9999-exec-5][0;39m [36mc.ssafy.vue.controller.BoardController  [0;39m [2m:[0;39m getArticle - 호출 : 2
[2m2021-11-19 12:49:29.292[0;39m [32mDEBUG[0;39m [35m9196[0;39m [2m---[0;39m [2m[nio-9999-exec-6][0;39m [36mc.ssafy.vue.controller.BoardController  [0;39m [2m:[0;39m listComment - 호출
[2m2021-11-19 12:49:49.646[0;39m [32m INFO[0;39m [35m9196[0;39m [2m---[0;39m [2m[nio-9999-exec-7][0;39m [36mc.ssafy.vue.controller.BoardController  [0;39m [2m:[0;39m listArticle - 호출
[2m2021-11-19 12:51:17.437[0;39m [32m INFO[0;39m [35m9196[0;39m [2m---[0;39m [2m[nio-9999-exec-9][0;39m [36mc.ssafy.vue.controller.BoardController  [0;39m [2m:[0;39m listArticle - 호출
[2m2021-11-19 12:54:54.075[0;39m [32m INFO[0;39m [35m9196[0;39m [2m---[0;39m [2m[nio-9999-exec-1][0;39m [36mc.ssafy.vue.controller.BoardController  [0;39m [2m:[0;39m listArticle - 호출
[2m2021-11-19 12:55:05.224[0;39m [32m INFO[0;39m [35m9196[0;39m [2m---[0;39m [2m[nio-9999-exec-2][0;39m [36mc.ssafy.vue.controller.BoardController  [0;39m [2m:[0;39m listArticle - 호출
[2m2021-11-19 12:55:08.969[0;39m [32mDEBUG[0;39m [35m9196[0;39m [2m---[0;39m [2m[nio-9999-exec-3][0;39m [36mc.ssafy.vue.controller.MemberController [0;39m [2m:[0;39m 로그인 토큰정보 : eyJ0eXAiOiJKV1QiLCJyZWdEYXRlIjoxNjM3Mjk0MTA4OTY5LCJhbGciOiJIUzI1NiJ9.eyJleHAiOjE2MzcyOTc3MDgsInN1YiI6ImFjY2Vzcy10b2tlbiIsInVzZXJpZCI6InNzYWZ5In0.PO5yj44cqC7qWVb8Pu-0Fpop3yBnWsWICpNMy7EgFFE
[2m2021-11-19 12:55:08.990[0;39m [32m INFO[0;39m [35m9196[0;39m [2m---[0;39m [2m[nio-9999-exec-4][0;39m [36mc.ssafy.vue.controller.MemberController [0;39m [2m:[0;39m 사용 가능한 토큰!!!
[2m2021-11-19 12:55:11.105[0;39m [32m INFO[0;39m [35m9196[0;39m [2m---[0;39m [2m[nio-9999-exec-5][0;39m [36mc.ssafy.vue.controller.BoardController  [0;39m [2m:[0;39m listArticle - 호출
[2m2021-11-19 12:55:13.273[0;39m [32m INFO[0;39m [35m9196[0;39m [2m---[0;39m [2m[nio-9999-exec-6][0;39m [36mc.ssafy.vue.controller.BoardController  [0;39m [2m:[0;39m getArticle - 호출 : 2
[2m2021-11-19 12:55:13.293[0;39m [32mDEBUG[0;39m [35m9196[0;39m [2m---[0;39m [2m[nio-9999-exec-7][0;39m [36mc.ssafy.vue.controller.BoardController  [0;39m [2m:[0;39m listComment - 호출
[2m2021-11-19 12:55:14.975[0;39m [32m INFO[0;39m [35m9196[0;39m [2m---[0;39m [2m[nio-9999-exec-8][0;39m [36mc.ssafy.vue.controller.BoardController  [0;39m [2m:[0;39m listArticle - 호출
[2m2021-11-19 12:55:23.842[0;39m [32m INFO[0;39m [35m9196[0;39m [2m---[0;39m [2m[nio-9999-exec-9][0;39m [36mc.ssafy.vue.controller.BoardController  [0;39m [2m:[0;39m listArticle - 호출
[2m2021-11-19 13:02:51.083[0;39m [32m INFO[0;39m [35m9196[0;39m [2m---[0;39m [2m[nio-9999-exec-1][0;39m [36mc.ssafy.vue.controller.BoardController  [0;39m [2m:[0;39m listArticle - 호출
[2m2021-11-19 13:03:11.399[0;39m [32m INFO[0;39m [35m9196[0;39m [2m---[0;39m [2m[nio-9999-exec-2][0;39m [36mc.ssafy.vue.controller.BoardController  [0;39m [2m:[0;39m listArticle - 호출
[2m2021-11-19 13:03:33.209[0;39m [32m INFO[0;39m [35m9196[0;39m [2m---[0;39m [2m[nio-9999-exec-3][0;39m [36mc.ssafy.vue.controller.BoardController  [0;39m [2m:[0;39m listArticle - 호출
[2m2021-11-19 13:03:42.982[0;39m [32m INFO[0;39m [35m9196[0;39m [2m---[0;39m [2m[nio-9999-exec-4][0;39m [36mc.ssafy.vue.controller.BoardController  [0;39m [2m:[0;39m listArticle - 호출
[2m2021-11-19 13:10:45.100[0;39m [32m INFO[0;39m [35m9196[0;39m [2m---[0;39m [2m[nio-9999-exec-6][0;39m [36mc.ssafy.vue.controller.BoardController  [0;39m [2m:[0;39m listArticle - 호출
[2m2021-11-19 13:11:34.150[0;39m [32m INFO[0;39m [35m9196[0;39m [2m---[0;39m [2m[nio-9999-exec-7][0;39m [36mc.ssafy.vue.controller.BoardController  [0;39m [2m:[0;39m listArticle - 호출
[2m2021-11-19 13:12:48.000[0;39m [32m INFO[0;39m [35m9196[0;39m [2m---[0;39m [2m[nio-9999-exec-9][0;39m [36mc.ssafy.vue.controller.BoardController  [0;39m [2m:[0;39m listArticle - 호출
[2m2021-11-19 13:13:19.883[0;39m [32m INFO[0;39m [35m9196[0;39m [2m---[0;39m [2m[io-9999-exec-10][0;39m [36mc.ssafy.vue.controller.BoardController  [0;39m [2m:[0;39m listArticle - 호출
[2m2021-11-19 13:13:24.311[0;39m [32mDEBUG[0;39m [35m9196[0;39m [2m---[0;39m [2m[nio-9999-exec-2][0;39m [36mc.ssafy.vue.controller.MemberController [0;39m [2m:[0;39m 로그인 토큰정보 : eyJ0eXAiOiJKV1QiLCJyZWdEYXRlIjoxNjM3Mjk1MjA0MzExLCJhbGciOiJIUzI1NiJ9.eyJleHAiOjE2MzcyOTg4MDQsInN1YiI6ImFjY2Vzcy10b2tlbiIsInVzZXJpZCI6InNzYWZ5In0.Be2uRfW4tJkyo7zZbNohL6ZxmvjUTUs-q0M44vdaTLA
[2m2021-11-19 13:13:24.340[0;39m [32m INFO[0;39m [35m9196[0;39m [2m---[0;39m [2m[nio-9999-exec-3][0;39m [36mc.ssafy.vue.controller.MemberController [0;39m [2m:[0;39m 사용 가능한 토큰!!!
[2m2021-11-19 13:13:26.503[0;39m [32m INFO[0;39m [35m9196[0;39m [2m---[0;39m [2m[nio-9999-exec-4][0;39m [36mc.ssafy.vue.controller.BoardController  [0;39m [2m:[0;39m listArticle - 호출
[2m2021-11-19 13:13:30.509[0;39m [32m INFO[0;39m [35m9196[0;39m [2m---[0;39m [2m[nio-9999-exec-5][0;39m [36mc.ssafy.vue.controller.BoardController  [0;39m [2m:[0;39m listArticle - 호출
[2m2021-11-19 13:14:02.624[0;39m [32m INFO[0;39m [35m9196[0;39m [2m---[0;39m [2m[nio-9999-exec-6][0;39m [36mc.ssafy.vue.controller.BoardController  [0;39m [2m:[0;39m listArticle - 호출
[2m2021-11-19 13:14:26.011[0;39m [32m INFO[0;39m [35m9196[0;39m [2m---[0;39m [2m[nio-9999-exec-7][0;39m [36mc.ssafy.vue.controller.BoardController  [0;39m [2m:[0;39m listArticle - 호출
[2m2021-11-19 13:14:26.775[0;39m [32m INFO[0;39m [35m9196[0;39m [2m---[0;39m [2m[nio-9999-exec-8][0;39m [36mc.ssafy.vue.controller.BoardController  [0;39m [2m:[0;39m getArticle - 호출 : 2
[2m2021-11-19 13:14:26.795[0;39m [32mDEBUG[0;39m [35m9196[0;39m [2m---[0;39m [2m[nio-9999-exec-9][0;39m [36mc.ssafy.vue.controller.BoardController  [0;39m [2m:[0;39m listComment - 호출
[2m2021-11-19 13:14:28.396[0;39m [32m INFO[0;39m [35m9196[0;39m [2m---[0;39m [2m[io-9999-exec-10][0;39m [36mc.ssafy.vue.controller.BoardController  [0;39m [2m:[0;39m listArticle - 호출
[2m2021-11-19 13:14:40.119[0;39m [32m INFO[0;39m [35m9196[0;39m [2m---[0;39m [2m[nio-9999-exec-1][0;39m [36mc.ssafy.vue.controller.BoardController  [0;39m [2m:[0;39m listArticle - 호출
[2m2021-11-19 13:15:32.271[0;39m [32m INFO[0;39m [35m9196[0;39m [2m---[0;39m [2m[nio-9999-exec-2][0;39m [36mc.ssafy.vue.controller.BoardController  [0;39m [2m:[0;39m listArticle - 호출
[2m2021-11-19 13:16:22.699[0;39m [32m INFO[0;39m [35m9196[0;39m [2m---[0;39m [2m[nio-9999-exec-3][0;39m [36mc.ssafy.vue.controller.BoardController  [0;39m [2m:[0;39m listArticle - 호출
[2m2021-11-19 13:16:44.863[0;39m [32m INFO[0;39m [35m9196[0;39m [2m---[0;39m [2m[nio-9999-exec-4][0;39m [36mc.ssafy.vue.controller.BoardController  [0;39m [2m:[0;39m listArticle - 호출
[2m2021-11-19 13:16:56.563[0;39m [32m INFO[0;39m [35m9196[0;39m [2m---[0;39m [2m[nio-9999-exec-5][0;39m [36mc.ssafy.vue.controller.BoardController  [0;39m [2m:[0;39m listArticle - 호출
[2m2021-11-19 13:17:56.404[0;39m [32m INFO[0;39m [35m9196[0;39m [2m---[0;39m [2m[nio-9999-exec-6][0;39m [36mc.ssafy.vue.controller.BoardController  [0;39m [2m:[0;39m listArticle - 호출
[2m2021-11-19 13:18:11.709[0;39m [32mDEBUG[0;39m [35m9196[0;39m [2m---[0;39m [2m[nio-9999-exec-7][0;39m [36mc.ssafy.vue.controller.MemberController [0;39m [2m:[0;39m 로그인 토큰정보 : eyJ0eXAiOiJKV1QiLCJyZWdEYXRlIjoxNjM3Mjk1NDkxNzA5LCJhbGciOiJIUzI1NiJ9.eyJleHAiOjE2MzcyOTkwOTEsInN1YiI6ImFjY2Vzcy10b2tlbiIsInVzZXJpZCI6InNzYWZ5In0.AJWvSSuQGmU6CxLqrvi6SwEO_NLqYpBshPQh5KtJ4lQ
[2m2021-11-19 13:18:11.725[0;39m [32m INFO[0;39m [35m9196[0;39m [2m---[0;39m [2m[nio-9999-exec-8][0;39m [36mc.ssafy.vue.controller.MemberController [0;39m [2m:[0;39m 사용 가능한 토큰!!!
[2m2021-11-19 13:18:13.850[0;39m [32m INFO[0;39m [35m9196[0;39m [2m---[0;39m [2m[nio-9999-exec-9][0;39m [36mc.ssafy.vue.controller.BoardController  [0;39m [2m:[0;39m listArticle - 호출
[2m2021-11-19 13:18:32.281[0;39m [32m INFO[0;39m [35m9196[0;39m [2m---[0;39m [2m[io-9999-exec-10][0;39m [36mc.ssafy.vue.controller.BoardController  [0;39m [2m:[0;39m listArticle - 호출
[2m2021-11-19 13:18:36.909[0;39m [32m INFO[0;39m [35m9196[0;39m [2m---[0;39m [2m[nio-9999-exec-1][0;39m [36mc.ssafy.vue.controller.BoardController  [0;39m [2m:[0;39m listArticle - 호출
[2m2021-11-19 13:19:40.636[0;39m [32m INFO[0;39m [35m9196[0;39m [2m---[0;39m [2m[nio-9999-exec-3][0;39m [36mc.ssafy.vue.controller.BoardController  [0;39m [2m:[0;39m listArticle - 호출
[2m2021-11-19 13:21:31.258[0;39m [32m INFO[0;39m [35m9196[0;39m [2m---[0;39m [2m[nio-9999-exec-5][0;39m [36mc.ssafy.vue.controller.BoardController  [0;39m [2m:[0;39m listArticle - 호출
[2m2021-11-19 13:21:57.755[0;39m [32mDEBUG[0;39m [35m9196[0;39m [2m---[0;39m [2m[nio-9999-exec-6][0;39m [36mc.ssafy.vue.controller.MemberController [0;39m [2m:[0;39m 로그인 토큰정보 : eyJ0eXAiOiJKV1QiLCJyZWdEYXRlIjoxNjM3Mjk1NzE3NzU1LCJhbGciOiJIUzI1NiJ9.eyJleHAiOjE2MzcyOTkzMTcsInN1YiI6ImFjY2Vzcy10b2tlbiIsInVzZXJpZCI6InNzYWZ5In0.eckWNVvFX4_srhkbSwXDkfybpBsKnlhRdaBd8C4JbL4
[2m2021-11-19 13:21:57.764[0;39m [32m INFO[0;39m [35m9196[0;39m [2m---[0;39m [2m[nio-9999-exec-7][0;39m [36mc.ssafy.vue.controller.MemberController [0;39m [2m:[0;39m 사용 가능한 토큰!!!
[2m2021-11-19 13:21:59.703[0;39m [32m INFO[0;39m [35m9196[0;39m [2m---[0;39m [2m[nio-9999-exec-8][0;39m [36mc.ssafy.vue.controller.BoardController  [0;39m [2m:[0;39m listArticle - 호출
[2m2021-11-19 13:22:00.868[0;39m [32m INFO[0;39m [35m9196[0;39m [2m---[0;39m [2m[nio-9999-exec-9][0;39m [36mc.ssafy.vue.controller.BoardController  [0;39m [2m:[0;39m getArticle - 호출 : 2
[2m2021-11-19 13:22:00.893[0;39m [32mDEBUG[0;39m [35m9196[0;39m [2m---[0;39m [2m[io-9999-exec-10][0;39m [36mc.ssafy.vue.controller.BoardController  [0;39m [2m:[0;39m listComment - 호출
[2m2021-11-19 13:22:02.449[0;39m [32m INFO[0;39m [35m9196[0;39m [2m---[0;39m [2m[nio-9999-exec-1][0;39m [36mc.ssafy.vue.controller.BoardController  [0;39m [2m:[0;39m listArticle - 호출
[2m2021-11-19 13:22:18.026[0;39m [32m INFO[0;39m [35m9196[0;39m [2m---[0;39m [2m[nio-9999-exec-2][0;39m [36mc.ssafy.vue.controller.BoardController  [0;39m [2m:[0;39m listArticle - 호출
[2m2021-11-19 13:22:21.918[0;39m [32m INFO[0;39m [35m9196[0;39m [2m---[0;39m [2m[nio-9999-exec-3][0;39m [36mc.ssafy.vue.controller.BoardController  [0;39m [2m:[0;39m getArticle - 호출 : 2
[2m2021-11-19 13:22:21.954[0;39m [32mDEBUG[0;39m [35m9196[0;39m [2m---[0;39m [2m[nio-9999-exec-4][0;39m [36mc.ssafy.vue.controller.BoardController  [0;39m [2m:[0;39m listComment - 호출
[2m2021-11-19 13:22:23.561[0;39m [32mDEBUG[0;39m [35m9196[0;39m [2m---[0;39m [2m[nio-9999-exec-6][0;39m [36mc.ssafy.vue.controller.BoardController  [0;39m [2m:[0;39m createComment - 호출
[2m2021-11-19 13:22:24.908[0;39m [32mDEBUG[0;39m [35m9196[0;39m [2m---[0;39m [2m[nio-9999-exec-7][0;39m [36mc.ssafy.vue.controller.BoardController  [0;39m [2m:[0;39m listComment - 호출
[2m2021-11-19 13:22:27.479[0;39m [32mDEBUG[0;39m [35m9196[0;39m [2m---[0;39m [2m[nio-9999-exec-9][0;39m [36mc.ssafy.vue.controller.BoardController  [0;39m [2m:[0;39m deleteComment - 호출
[2m2021-11-19 13:22:27.482[0;39m [32mDEBUG[0;39m [35m9196[0;39m [2m---[0;39m [2m[io-9999-exec-10][0;39m [36mc.ssafy.vue.controller.BoardController  [0;39m [2m:[0;39m listComment - 호출
[2m2021-11-19 13:22:40.577[0;39m [32m INFO[0;39m [35m9196[0;39m [2m---[0;39m [2m[nio-9999-exec-1][0;39m [36mc.ssafy.vue.controller.BoardController  [0;39m [2m:[0;39m listArticle - 호출
[2m2021-11-19 13:22:42.512[0;39m [32m INFO[0;39m [35m9196[0;39m [2m---[0;39m [2m[nio-9999-exec-2][0;39m [36mc.ssafy.vue.controller.BoardController  [0;39m [2m:[0;39m getArticle - 호출 : 2
[2m2021-11-19 13:22:42.536[0;39m [32mDEBUG[0;39m [35m9196[0;39m [2m---[0;39m [2m[nio-9999-exec-3][0;39m [36mc.ssafy.vue.controller.BoardController  [0;39m [2m:[0;39m listComment - 호출
[2m2021-11-19 13:22:44.924[0;39m [32mDEBUG[0;39m [35m9196[0;39m [2m---[0;39m [2m[nio-9999-exec-4][0;39m [36mc.ssafy.vue.controller.BoardController  [0;39m [2m:[0;39m createComment - 호출
[2m2021-11-19 13:22:46.120[0;39m [32mDEBUG[0;39m [35m9196[0;39m [2m---[0;39m [2m[nio-9999-exec-5][0;39m [36mc.ssafy.vue.controller.BoardController  [0;39m [2m:[0;39m listComment - 호출
[2m2021-11-19 13:22:49.269[0;39m [32mDEBUG[0;39m [35m9196[0;39m [2m---[0;39m [2m[nio-9999-exec-7][0;39m [36mc.ssafy.vue.controller.BoardController  [0;39m [2m:[0;39m deleteComment - 호출
[2m2021-11-19 13:22:49.270[0;39m [32mDEBUG[0;39m [35m9196[0;39m [2m---[0;39m [2m[nio-9999-exec-8][0;39m [36mc.ssafy.vue.controller.BoardController  [0;39m [2m:[0;39m listComment - 호출
[2m2021-11-19 13:22:56.298[0;39m [32m INFO[0;39m [35m9196[0;39m [2m---[0;39m [2m[io-9999-exec-10][0;39m [36mc.ssafy.vue.controller.BoardController  [0;39m [2m:[0;39m listArticle - 호출
[2m2021-11-19 13:22:57.643[0;39m [32m INFO[0;39m [35m9196[0;39m [2m---[0;39m [2m[nio-9999-exec-9][0;39m [36mc.ssafy.vue.controller.BoardController  [0;39m [2m:[0;39m getArticle - 호출 : 2
[2m2021-11-19 13:22:57.663[0;39m [32mDEBUG[0;39m [35m9196[0;39m [2m---[0;39m [2m[nio-9999-exec-1][0;39m [36mc.ssafy.vue.controller.BoardController  [0;39m [2m:[0;39m listComment - 호출
[2m2021-11-19 13:24:41.963[0;39m [32mDEBUG[0;39m [35m9196[0;39m [2m---[0;39m [2m[nio-9999-exec-4][0;39m [36mc.ssafy.vue.controller.BoardController  [0;39m [2m:[0;39m createComment - 호출
[2m2021-11-19 13:24:43.099[0;39m [32mDEBUG[0;39m [35m9196[0;39m [2m---[0;39m [2m[nio-9999-exec-5][0;39m [36mc.ssafy.vue.controller.BoardController  [0;39m [2m:[0;39m listComment - 호출
[2m2021-11-19 13:24:45.783[0;39m [32mDEBUG[0;39m [35m9196[0;39m [2m---[0;39m [2m[nio-9999-exec-8][0;39m [36mc.ssafy.vue.controller.BoardController  [0;39m [2m:[0;39m listComment - 호출
[2m2021-11-19 13:24:45.807[0;39m [32mDEBUG[0;39m [35m9196[0;39m [2m---[0;39m [2m[nio-9999-exec-7][0;39m [36mc.ssafy.vue.controller.BoardController  [0;39m [2m:[0;39m deleteComment - 호출
[2m2021-11-19 13:25:43.865[0;39m [32m INFO[0;39m [35m9196[0;39m [2m---[0;39m [2m[io-9999-exec-10][0;39m [36mc.ssafy.vue.controller.BoardController  [0;39m [2m:[0;39m listArticle - 호출
[2m2021-11-19 13:25:44.933[0;39m [32m INFO[0;39m [35m9196[0;39m [2m---[0;39m [2m[nio-9999-exec-9][0;39m [36mc.ssafy.vue.controller.BoardController  [0;39m [2m:[0;39m getArticle - 호출 : 2
[2m2021-11-19 13:25:44.954[0;39m [32mDEBUG[0;39m [35m9196[0;39m [2m---[0;39m [2m[nio-9999-exec-1][0;39m [36mc.ssafy.vue.controller.BoardController  [0;39m [2m:[0;39m listComment - 호출
[2m2021-11-19 13:25:46.655[0;39m [32mDEBUG[0;39m [35m9196[0;39m [2m---[0;39m [2m[nio-9999-exec-3][0;39m [36mc.ssafy.vue.controller.BoardController  [0;39m [2m:[0;39m createComment - 호출
[2m2021-11-19 13:25:47.958[0;39m [32mDEBUG[0;39m [35m9196[0;39m [2m---[0;39m [2m[nio-9999-exec-4][0;39m [36mc.ssafy.vue.controller.BoardController  [0;39m [2m:[0;39m listComment - 호출
[2m2021-11-19 13:25:49.969[0;39m [32mDEBUG[0;39m [35m9196[0;39m [2m---[0;39m [2m[nio-9999-exec-6][0;39m [36mc.ssafy.vue.controller.BoardController  [0;39m [2m:[0;39m deleteComment - 호출
[2m2021-11-19 13:25:49.980[0;39m [32mDEBUG[0;39m [35m9196[0;39m [2m---[0;39m [2m[nio-9999-exec-8][0;39m [36mc.ssafy.vue.controller.BoardController  [0;39m [2m:[0;39m listComment - 호출
[2m2021-11-19 13:26:01.300[0;39m [32mDEBUG[0;39m [35m9196[0;39m [2m---[0;39m [2m[nio-9999-exec-7][0;39m [36mc.ssafy.vue.controller.BoardController  [0;39m [2m:[0;39m createComment - 호출
[2m2021-11-19 13:26:02.677[0;39m [32mDEBUG[0;39m [35m9196[0;39m [2m---[0;39m [2m[io-9999-exec-10][0;39m [36mc.ssafy.vue.controller.BoardController  [0;39m [2m:[0;39m listComment - 호출
[2m2021-11-19 13:26:04.939[0;39m [32mDEBUG[0;39m [35m9196[0;39m [2m---[0;39m [2m[nio-9999-exec-1][0;39m [36mc.ssafy.vue.controller.BoardController  [0;39m [2m:[0;39m deleteComment - 호출
[2m2021-11-19 13:26:04.941[0;39m [32mDEBUG[0;39m [35m9196[0;39m [2m---[0;39m [2m[nio-9999-exec-2][0;39m [36mc.ssafy.vue.controller.BoardController  [0;39m [2m:[0;39m listComment - 호출
[2m2021-11-19 13:27:26.561[0;39m [32mDEBUG[0;39m [35m9196[0;39m [2m---[0;39m [2m[nio-9999-exec-5][0;39m [36mc.ssafy.vue.controller.BoardController  [0;39m [2m:[0;39m createComment - 호출
[2m2021-11-19 13:27:27.824[0;39m [32mDEBUG[0;39m [35m9196[0;39m [2m---[0;39m [2m[nio-9999-exec-6][0;39m [36mc.ssafy.vue.controller.BoardController  [0;39m [2m:[0;39m listComment - 호출
[2m2021-11-19 13:27:30.500[0;39m [32mDEBUG[0;39m [35m9196[0;39m [2m---[0;39m [2m[nio-9999-exec-8][0;39m [36mc.ssafy.vue.controller.BoardController  [0;39m [2m:[0;39m createComment - 호출
[2m2021-11-19 13:27:31.451[0;39m [32mDEBUG[0;39m [35m9196[0;39m [2m---[0;39m [2m[nio-9999-exec-7][0;39m [36mc.ssafy.vue.controller.BoardController  [0;39m [2m:[0;39m listComment - 호출
[2m2021-11-19 13:27:36.919[0;39m [32mDEBUG[0;39m [35m9196[0;39m [2m---[0;39m [2m[nio-9999-exec-9][0;39m [36mc.ssafy.vue.controller.BoardController  [0;39m [2m:[0;39m modifyComment - 호출
[2m2021-11-19 13:27:36.919[0;39m [32mDEBUG[0;39m [35m9196[0;39m [2m---[0;39m [2m[nio-9999-exec-9][0;39m [36mc.ssafy.vue.controller.BoardController  [0;39m [2m:[0;39m CommentDto [memono=47, userid=ssafy, comment=ㅇㅇㅇㅇ, memotime=2021-11-19 13:27:30, articleno=2]
[2m2021-11-19 13:27:38.413[0;39m [32mDEBUG[0;39m [35m9196[0;39m [2m---[0;39m [2m[nio-9999-exec-2][0;39m [36mc.ssafy.vue.controller.BoardController  [0;39m [2m:[0;39m listComment - 호출
[2m2021-11-19 13:28:00.947[0;39m [32mDEBUG[0;39m [35m9196[0;39m [2m---[0;39m [2m[nio-9999-exec-3][0;39m [36mc.ssafy.vue.controller.BoardController  [0;39m [2m:[0;39m deleteComment - 호출
[2m2021-11-19 13:31:21.634[0;39m [32m INFO[0;39m [35m9196[0;39m [2m---[0;39m [2m[nio-9999-exec-5][0;39m [36mc.ssafy.vue.controller.BoardController  [0;39m [2m:[0;39m getArticle - 호출 : 2
[2m2021-11-19 13:31:21.662[0;39m [32mDEBUG[0;39m [35m9196[0;39m [2m---[0;39m [2m[nio-9999-exec-6][0;39m [36mc.ssafy.vue.controller.BoardController  [0;39m [2m:[0;39m listComment - 호출
[2m2021-11-19 13:33:16.400[0;39m [32m INFO[0;39m [35m9196[0;39m [2m---[0;39m [2m[nio-9999-exec-7][0;39m [36mc.ssafy.vue.controller.BoardController  [0;39m [2m:[0;39m getArticle - 호출 : 2
[2m2021-11-19 13:33:16.419[0;39m [32mDEBUG[0;39m [35m9196[0;39m [2m---[0;39m [2m[io-9999-exec-10][0;39m [36mc.ssafy.vue.controller.BoardController  [0;39m [2m:[0;39m listComment - 호출
[2m2021-11-19 13:33:16.435[0;39m [32m INFO[0;39m [35m9196[0;39m [2m---[0;39m [2m[nio-9999-exec-9][0;39m [36mc.ssafy.vue.controller.BoardController  [0;39m [2m:[0;39m getArticle - 호출 : 2
[2m2021-11-19 13:33:16.462[0;39m [32mDEBUG[0;39m [35m9196[0;39m [2m---[0;39m [2m[nio-9999-exec-2][0;39m [36mc.ssafy.vue.controller.BoardController  [0;39m [2m:[0;39m listComment - 호출
[2m2021-11-19 13:33:35.895[0;39m [32m INFO[0;39m [35m9196[0;39m [2m---[0;39m [2m[nio-9999-exec-1][0;39m [36mc.ssafy.vue.controller.BoardController  [0;39m [2m:[0;39m listArticle - 호출
[2m2021-11-19 13:33:36.750[0;39m [32m INFO[0;39m [35m9196[0;39m [2m---[0;39m [2m[nio-9999-exec-3][0;39m [36mc.ssafy.vue.controller.BoardController  [0;39m [2m:[0;39m getArticle - 호출 : 2
[2m2021-11-19 13:33:36.774[0;39m [32mDEBUG[0;39m [35m9196[0;39m [2m---[0;39m [2m[nio-9999-exec-4][0;39m [36mc.ssafy.vue.controller.BoardController  [0;39m [2m:[0;39m listComment - 호출
[2m2021-11-19 13:33:40.981[0;39m [32mDEBUG[0;39m [35m9196[0;39m [2m---[0;39m [2m[nio-9999-exec-6][0;39m [36mc.ssafy.vue.controller.BoardController  [0;39m [2m:[0;39m deleteComment - 호출
[2m2021-11-19 13:36:44.174[0;39m [32m INFO[0;39m [35m9196[0;39m [2m---[0;39m [2m[nio-9999-exec-7][0;39m [36mc.ssafy.vue.controller.BoardController  [0;39m [2m:[0;39m listArticle - 호출
[2m2021-11-19 13:36:47.583[0;39m [32m INFO[0;39m [35m9196[0;39m [2m---[0;39m [2m[io-9999-exec-10][0;39m [36mc.ssafy.vue.controller.BoardController  [0;39m [2m:[0;39m getArticle - 호출 : 2
[2m2021-11-19 13:36:47.606[0;39m [32mDEBUG[0;39m [35m9196[0;39m [2m---[0;39m [2m[nio-9999-exec-9][0;39m [36mc.ssafy.vue.controller.BoardController  [0;39m [2m:[0;39m listComment - 호출
[2m2021-11-19 13:36:48.778[0;39m [32m INFO[0;39m [35m9196[0;39m [2m---[0;39m [2m[nio-9999-exec-2][0;39m [36mc.ssafy.vue.controller.BoardController  [0;39m [2m:[0;39m getArticle - 호출 : 2
[2m2021-11-19 13:36:58.436[0;39m [32m INFO[0;39m [35m9196[0;39m [2m---[0;39m [2m[nio-9999-exec-1][0;39m [36mc.ssafy.vue.controller.BoardController  [0;39m [2m:[0;39m getArticle - 호출 : 2
[2m2021-11-19 13:36:59.459[0;39m [32m INFO[0;39m [35m9196[0;39m [2m---[0;39m [2m[nio-9999-exec-3][0;39m [36mc.ssafy.vue.controller.BoardController  [0;39m [2m:[0;39m listArticle - 호출
[2m2021-11-19 13:37:04.882[0;39m [32m INFO[0;39m [35m9196[0;39m [2m---[0;39m [2m[nio-9999-exec-4][0;39m [36mc.ssafy.vue.controller.BoardController  [0;39m [2m:[0;39m getArticle - 호출 : 1
[2m2021-11-19 13:37:04.912[0;39m [32mDEBUG[0;39m [35m9196[0;39m [2m---[0;39m [2m[nio-9999-exec-5][0;39m [36mc.ssafy.vue.controller.BoardController  [0;39m [2m:[0;39m listComment - 호출
[2m2021-11-19 13:37:36.014[0;39m [32m INFO[0;39m [35m9196[0;39m [2m---[0;39m [2m[nio-9999-exec-6][0;39m [36mc.ssafy.vue.controller.BoardController  [0;39m [2m:[0;39m listArticle - 호출
[2m2021-11-19 13:37:37.817[0;39m [32m INFO[0;39m [35m9196[0;39m [2m---[0;39m [2m[nio-9999-exec-8][0;39m [36mc.ssafy.vue.controller.BoardController  [0;39m [2m:[0;39m getArticle - 호출 : 1
[2m2021-11-19 13:37:37.881[0;39m [32mDEBUG[0;39m [35m9196[0;39m [2m---[0;39m [2m[nio-9999-exec-7][0;39m [36mc.ssafy.vue.controller.BoardController  [0;39m [2m:[0;39m listComment - 호출
[2m2021-11-19 13:37:44.422[0;39m [32mDEBUG[0;39m [35m9196[0;39m [2m---[0;39m [2m[nio-9999-exec-9][0;39m [36mc.ssafy.vue.controller.BoardController  [0;39m [2m:[0;39m deleteComment - 호출
[2m2021-11-19 13:39:29.058[0;39m [32m INFO[0;39m [35m9196[0;39m [2m---[0;39m [2m[nio-9999-exec-1][0;39m [36mc.ssafy.vue.controller.BoardController  [0;39m [2m:[0;39m listArticle - 호출
[2m2021-11-19 13:39:30.552[0;39m [32m INFO[0;39m [35m9196[0;39m [2m---[0;39m [2m[nio-9999-exec-3][0;39m [36mc.ssafy.vue.controller.BoardController  [0;39m [2m:[0;39m getArticle - 호출 : 2
[2m2021-11-19 13:39:30.616[0;39m [32mDEBUG[0;39m [35m9196[0;39m [2m---[0;39m [2m[nio-9999-exec-4][0;39m [36mc.ssafy.vue.controller.BoardController  [0;39m [2m:[0;39m listComment - 호출
[2m2021-11-19 13:39:50.394[0;39m [32m INFO[0;39m [35m9196[0;39m [2m---[0;39m [2m[nio-9999-exec-5][0;39m [36mc.ssafy.vue.controller.BoardController  [0;39m [2m:[0;39m listArticle - 호출
[2m2021-11-19 13:39:51.251[0;39m [32m INFO[0;39m [35m9196[0;39m [2m---[0;39m [2m[nio-9999-exec-6][0;39m [36mc.ssafy.vue.controller.BoardController  [0;39m [2m:[0;39m getArticle - 호출 : 2
[2m2021-11-19 13:39:51.273[0;39m [32mDEBUG[0;39m [35m9196[0;39m [2m---[0;39m [2m[nio-9999-exec-8][0;39m [36mc.ssafy.vue.controller.BoardController  [0;39m [2m:[0;39m listComment - 호출
[2m2021-11-19 13:40:13.906[0;39m [32m INFO[0;39m [35m9196[0;39m [2m---[0;39m [2m[nio-9999-exec-7][0;39m [36mc.ssafy.vue.controller.BoardController  [0;39m [2m:[0;39m listArticle - 호출
[2m2021-11-19 13:40:28.547[0;39m [32m INFO[0;39m [35m9196[0;39m [2m---[0;39m [2m[io-9999-exec-10][0;39m [36mc.ssafy.vue.controller.BoardController  [0;39m [2m:[0;39m listArticle - 호출
[2m2021-11-19 13:40:30.162[0;39m [32m INFO[0;39m [35m9196[0;39m [2m---[0;39m [2m[nio-9999-exec-9][0;39m [36mc.ssafy.vue.controller.BoardController  [0;39m [2m:[0;39m getArticle - 호출 : 1
[2m2021-11-19 13:40:30.199[0;39m [32mDEBUG[0;39m [35m9196[0;39m [2m---[0;39m [2m[nio-9999-exec-2][0;39m [36mc.ssafy.vue.controller.BoardController  [0;39m [2m:[0;39m listComment - 호출
[2m2021-11-19 13:40:32.259[0;39m [32m INFO[0;39m [35m9196[0;39m [2m---[0;39m [2m[nio-9999-exec-1][0;39m [36mc.ssafy.vue.controller.BoardController  [0;39m [2m:[0;39m listArticle - 호출
[2m2021-11-19 13:40:33.171[0;39m [32m INFO[0;39m [35m9196[0;39m [2m---[0;39m [2m[nio-9999-exec-3][0;39m [36mc.ssafy.vue.controller.BoardController  [0;39m [2m:[0;39m getArticle - 호출 : 2
[2m2021-11-19 13:40:33.215[0;39m [32mDEBUG[0;39m [35m9196[0;39m [2m---[0;39m [2m[nio-9999-exec-4][0;39m [36mc.ssafy.vue.controller.BoardController  [0;39m [2m:[0;39m listComment - 호출
[2m2021-11-19 13:41:35.300[0;39m [32mDEBUG[0;39m [35m9196[0;39m [2m---[0;39m [2m[nio-9999-exec-6][0;39m [36mc.ssafy.vue.controller.MemberController [0;39m [2m:[0;39m 로그인 토큰정보 : eyJ0eXAiOiJKV1QiLCJyZWdEYXRlIjoxNjM3Mjk2ODk1MzAwLCJhbGciOiJIUzI1NiJ9.eyJleHAiOjE2MzczMDA0OTUsInN1YiI6ImFjY2Vzcy10b2tlbiIsInVzZXJpZCI6ImFkbWluIn0.yAhC9XvRjnCxNZqVVJj2VyCk-HekpMDrbG8fM2PRzHo
[2m2021-11-19 13:41:35.331[0;39m [32m INFO[0;39m [35m9196[0;39m [2m---[0;39m [2m[nio-9999-exec-7][0;39m [36mc.ssafy.vue.controller.MemberController [0;39m [2m:[0;39m 사용 가능한 토큰!!!
[2m2021-11-19 13:41:39.061[0;39m [32m INFO[0;39m [35m9196[0;39m [2m---[0;39m [2m[io-9999-exec-10][0;39m [36mc.ssafy.vue.controller.BoardController  [0;39m [2m:[0;39m listArticle - 호출
[2m2021-11-19 13:41:40.914[0;39m [32m INFO[0;39m [35m9196[0;39m [2m---[0;39m [2m[nio-9999-exec-9][0;39m [36mc.ssafy.vue.controller.BoardController  [0;39m [2m:[0;39m getArticle - 호출 : 2
[2m2021-11-19 13:41:40.937[0;39m [32mDEBUG[0;39m [35m9196[0;39m [2m---[0;39m [2m[nio-9999-exec-2][0;39m [36mc.ssafy.vue.controller.BoardController  [0;39m [2m:[0;39m listComment - 호출
[2m2021-11-19 13:41:45.135[0;39m [32m INFO[0;39m [35m9196[0;39m [2m---[0;39m [2m[nio-9999-exec-1][0;39m [36mc.ssafy.vue.controller.BoardController  [0;39m [2m:[0;39m getArticle - 호출 : 2
[2m2021-11-19 13:41:45.246[0;39m [32mDEBUG[0;39m [35m9196[0;39m [2m---[0;39m [2m[nio-9999-exec-3][0;39m [36mc.ssafy.vue.controller.BoardController  [0;39m [2m:[0;39m listComment - 호출
[2m2021-11-19 13:41:49.989[0;39m [32m INFO[0;39m [35m9196[0;39m [2m---[0;39m [2m[nio-9999-exec-4][0;39m [36mc.ssafy.vue.controller.BoardController  [0;39m [2m:[0;39m listArticle - 호출
[2m2021-11-19 13:41:51.159[0;39m [32m INFO[0;39m [35m9196[0;39m [2m---[0;39m [2m[nio-9999-exec-5][0;39m [36mc.ssafy.vue.controller.BoardController  [0;39m [2m:[0;39m getArticle - 호출 : 3
[2m2021-11-19 13:41:51.196[0;39m [32mDEBUG[0;39m [35m9196[0;39m [2m---[0;39m [2m[nio-9999-exec-6][0;39m [36mc.ssafy.vue.controller.BoardController  [0;39m [2m:[0;39m listComment - 호출
[2m2021-11-19 13:41:53.543[0;39m [32m INFO[0;39m [35m9196[0;39m [2m---[0;39m [2m[nio-9999-exec-8][0;39m [36mc.ssafy.vue.controller.BoardController  [0;39m [2m:[0;39m getArticle - 호출 : 3
[2m2021-11-19 13:41:53.660[0;39m [32mDEBUG[0;39m [35m9196[0;39m [2m---[0;39m [2m[nio-9999-exec-7][0;39m [36mc.ssafy.vue.controller.BoardController  [0;39m [2m:[0;39m listComment - 호출
[2m2021-11-19 13:42:04.555[0;39m [32mDEBUG[0;39m [35m9196[0;39m [2m---[0;39m [2m[io-9999-exec-10][0;39m [36mc.ssafy.vue.controller.MemberController [0;39m [2m:[0;39m 로그인 토큰정보 : eyJ0eXAiOiJKV1QiLCJyZWdEYXRlIjoxNjM3Mjk2OTI0NTU1LCJhbGciOiJIUzI1NiJ9.eyJleHAiOjE2MzczMDA1MjQsInN1YiI6ImFjY2Vzcy10b2tlbiIsInVzZXJpZCI6ImFkbWluIn0.GddhL8csoGTKrAnLrIpu0YWmw6OYaV8UnAxWgmiqpf4
[2m2021-11-19 13:42:04.572[0;39m [32m INFO[0;39m [35m9196[0;39m [2m---[0;39m [2m[nio-9999-exec-9][0;39m [36mc.ssafy.vue.controller.MemberController [0;39m [2m:[0;39m 사용 가능한 토큰!!!
[2m2021-11-19 13:42:13.924[0;39m [32mDEBUG[0;39m [35m9196[0;39m [2m---[0;39m [2m[nio-9999-exec-1][0;39m [36mc.ssafy.vue.controller.MemberController [0;39m [2m:[0;39m 로그인 토큰정보 : eyJ0eXAiOiJKV1QiLCJyZWdEYXRlIjoxNjM3Mjk2OTMzOTI0LCJhbGciOiJIUzI1NiJ9.eyJleHAiOjE2MzczMDA1MzMsInN1YiI6ImFjY2Vzcy10b2tlbiIsInVzZXJpZCI6InNzYWZ5In0.t-EGaq7k9KOrsX_-UsnYUdc4yEfvp99_KnI3IoYb6jU
[2m2021-11-19 13:42:13.952[0;39m [32m INFO[0;39m [35m9196[0;39m [2m---[0;39m [2m[nio-9999-exec-3][0;39m [36mc.ssafy.vue.controller.MemberController [0;39m [2m:[0;39m 사용 가능한 토큰!!!
[2m2021-11-19 13:42:21.777[0;39m [32m INFO[0;39m [35m9196[0;39m [2m---[0;39m [2m[nio-9999-exec-4][0;39m [36mc.ssafy.vue.controller.BoardController  [0;39m [2m:[0;39m listArticle - 호출
[2m2021-11-19 13:42:23.651[0;39m [32m INFO[0;39m [35m9196[0;39m [2m---[0;39m [2m[nio-9999-exec-5][0;39m [36mc.ssafy.vue.controller.BoardController  [0;39m [2m:[0;39m getArticle - 호출 : 2
[2m2021-11-19 13:42:23.671[0;39m [32mDEBUG[0;39m [35m9196[0;39m [2m---[0;39m [2m[nio-9999-exec-6][0;39m [36mc.ssafy.vue.controller.BoardController  [0;39m [2m:[0;39m listComment - 호출
[2m2021-11-19 13:44:22.521[0;39m [32mDEBUG[0;39m [35m9196[0;39m [2m---[0;39m [2m[nio-9999-exec-7][0;39m [36mc.ssafy.vue.controller.MemberController [0;39m [2m:[0;39m 로그인 토큰정보 : eyJ0eXAiOiJKV1QiLCJyZWdEYXRlIjoxNjM3Mjk3MDYyNTIxLCJhbGciOiJIUzI1NiJ9.eyJleHAiOjE2MzczMDA2NjIsInN1YiI6ImFjY2Vzcy10b2tlbiIsInVzZXJpZCI6InNzYWZ5In0.EPNqB1krM0aGNXxcUWS9UaqdWpo8Z2OlTxpuiPN1FNY
[2m2021-11-19 13:44:22.542[0;39m [32m INFO[0;39m [35m9196[0;39m [2m---[0;39m [2m[io-9999-exec-10][0;39m [36mc.ssafy.vue.controller.MemberController [0;39m [2m:[0;39m 사용 가능한 토큰!!!
[2m2021-11-19 13:44:24.935[0;39m [32m INFO[0;39m [35m9196[0;39m [2m---[0;39m [2m[nio-9999-exec-9][0;39m [36mc.ssafy.vue.controller.BoardController  [0;39m [2m:[0;39m listArticle - 호출
[2m2021-11-19 13:44:58.788[0;39m [32m INFO[0;39m [35m9196[0;39m [2m---[0;39m [2m[nio-9999-exec-2][0;39m [36mc.ssafy.vue.controller.BoardController  [0;39m [2m:[0;39m listArticle - 호출
[2m2021-11-19 13:44:59.998[0;39m [32m INFO[0;39m [35m9196[0;39m [2m---[0;39m [2m[nio-9999-exec-1][0;39m [36mc.ssafy.vue.controller.BoardController  [0;39m [2m:[0;39m getArticle - 호출 : 2
[2m2021-11-19 13:45:00.039[0;39m [32mDEBUG[0;39m [35m9196[0;39m [2m---[0;39m [2m[nio-9999-exec-3][0;39m [36mc.ssafy.vue.controller.BoardController  [0;39m [2m:[0;39m listComment - 호출
[2m2021-11-19 13:45:04.196[0;39m [32m INFO[0;39m [35m9196[0;39m [2m---[0;39m [2m[nio-9999-exec-4][0;39m [36mc.ssafy.vue.controller.BoardController  [0;39m [2m:[0;39m getArticle - 호출 : 2
[2m2021-11-19 13:45:04.284[0;39m [32mDEBUG[0;39m [35m9196[0;39m [2m---[0;39m [2m[nio-9999-exec-5][0;39m [36mc.ssafy.vue.controller.BoardController  [0;39m [2m:[0;39m listComment - 호출
[2m2021-11-19 13:45:22.203[0;39m [32m INFO[0;39m [35m9196[0;39m [2m---[0;39m [2m[nio-9999-exec-6][0;39m [36mc.ssafy.vue.controller.BoardController  [0;39m [2m:[0;39m listArticle - 호출
[2m2021-11-19 13:45:25.977[0;39m [32m INFO[0;39m [35m9196[0;39m [2m---[0;39m [2m[nio-9999-exec-8][0;39m [36mc.ssafy.vue.controller.BoardController  [0;39m [2m:[0;39m getArticle - 호출 : 4
[2m2021-11-19 13:45:26.010[0;39m [32mDEBUG[0;39m [35m9196[0;39m [2m---[0;39m [2m[nio-9999-exec-7][0;39m [36mc.ssafy.vue.controller.BoardController  [0;39m [2m:[0;39m listComment - 호출
[2m2021-11-19 13:45:29.148[0;39m [32m INFO[0;39m [35m9196[0;39m [2m---[0;39m [2m[io-9999-exec-10][0;39m [36mc.ssafy.vue.controller.BoardController  [0;39m [2m:[0;39m getArticle - 호출 : 4
[2m2021-11-19 13:45:29.242[0;39m [32mDEBUG[0;39m [35m9196[0;39m [2m---[0;39m [2m[nio-9999-exec-9][0;39m [36mc.ssafy.vue.controller.BoardController  [0;39m [2m:[0;39m listComment - 호출
[2m2021-11-19 14:04:07.858[0;39m [32m INFO[0;39m [35m9196[0;39m [2m---[0;39m [2m[nio-9999-exec-1][0;39m [36mc.ssafy.vue.controller.BoardController  [0;39m [2m:[0;39m getArticle - 호출 : 4
[2m2021-11-19 14:04:07.959[0;39m [32mDEBUG[0;39m [35m9196[0;39m [2m---[0;39m [2m[nio-9999-exec-3][0;39m [36mc.ssafy.vue.controller.BoardController  [0;39m [2m:[0;39m listComment - 호출
[2m2021-11-19 14:04:11.750[0;39m [32m INFO[0;39m [35m9196[0;39m [2m---[0;39m [2m[nio-9999-exec-4][0;39m [36mc.ssafy.vue.controller.BoardController  [0;39m [2m:[0;39m listArticle - 호출
[2m2021-11-19 14:04:13.920[0;39m [32m INFO[0;39m [35m9196[0;39m [2m---[0;39m [2m[nio-9999-exec-5][0;39m [36mc.ssafy.vue.controller.BoardController  [0;39m [2m:[0;39m getArticle - 호출 : 1
[2m2021-11-19 14:04:13.952[0;39m [32mDEBUG[0;39m [35m9196[0;39m [2m---[0;39m [2m[nio-9999-exec-6][0;39m [36mc.ssafy.vue.controller.BoardController  [0;39m [2m:[0;39m listComment - 호출
[2m2021-11-19 14:04:20.436[0;39m [32m INFO[0;39m [35m9196[0;39m [2m---[0;39m [2m[nio-9999-exec-8][0;39m [36mc.ssafy.vue.controller.BoardController  [0;39m [2m:[0;39m listArticle - 호출
[2m2021-11-19 14:04:23.347[0;39m [32m INFO[0;39m [35m9196[0;39m [2m---[0;39m [2m[nio-9999-exec-7][0;39m [36mc.ssafy.vue.controller.BoardController  [0;39m [2m:[0;39m getArticle - 호출 : 4
[2m2021-11-19 14:04:23.394[0;39m [32mDEBUG[0;39m [35m9196[0;39m [2m---[0;39m [2m[io-9999-exec-10][0;39m [36mc.ssafy.vue.controller.BoardController  [0;39m [2m:[0;39m listComment - 호출
[2m2021-11-19 14:04:24.971[0;39m [32mDEBUG[0;39m [35m9196[0;39m [2m---[0;39m [2m[nio-9999-exec-9][0;39m [36mc.ssafy.vue.controller.BoardController  [0;39m [2m:[0;39m createComment - 호출
[2m2021-11-19 14:04:26.192[0;39m [32mDEBUG[0;39m [35m9196[0;39m [2m---[0;39m [2m[nio-9999-exec-2][0;39m [36mc.ssafy.vue.controller.BoardController  [0;39m [2m:[0;39m listComment - 호출
[2m2021-11-19 14:04:28.456[0;39m [32mDEBUG[0;39m [35m9196[0;39m [2m---[0;39m [2m[nio-9999-exec-1][0;39m [36mc.ssafy.vue.controller.BoardController  [0;39m [2m:[0;39m createComment - 호출
[2m2021-11-19 14:04:29.324[0;39m [32mDEBUG[0;39m [35m9196[0;39m [2m---[0;39m [2m[nio-9999-exec-3][0;39m [36mc.ssafy.vue.controller.BoardController  [0;39m [2m:[0;39m listComment - 호출
[2m2021-11-19 14:04:32.490[0;39m [32mDEBUG[0;39m [35m9196[0;39m [2m---[0;39m [2m[nio-9999-exec-5][0;39m [36mc.ssafy.vue.controller.BoardController  [0;39m [2m:[0;39m deleteComment - 호출
[2m2021-11-19 14:05:13.581[0;39m [32m INFO[0;39m [35m9196[0;39m [2m---[0;39m [2m[nio-9999-exec-6][0;39m [36mc.ssafy.vue.controller.BoardController  [0;39m [2m:[0;39m getArticle - 호출 : 4
[2m2021-11-19 14:05:13.688[0;39m [32mDEBUG[0;39m [35m9196[0;39m [2m---[0;39m [2m[nio-9999-exec-8][0;39m [36mc.ssafy.vue.controller.BoardController  [0;39m [2m:[0;39m listComment - 호출
[2m2021-11-19 14:05:16.838[0;39m [32mDEBUG[0;39m [35m9196[0;39m [2m---[0;39m [2m[nio-9999-exec-7][0;39m [36mc.ssafy.vue.controller.BoardController  [0;39m [2m:[0;39m createComment - 호출
[2m2021-11-19 14:05:18.083[0;39m [32mDEBUG[0;39m [35m9196[0;39m [2m---[0;39m [2m[io-9999-exec-10][0;39m [36mc.ssafy.vue.controller.BoardController  [0;39m [2m:[0;39m listComment - 호출
[2m2021-11-19 14:05:19.565[0;39m [32mDEBUG[0;39m [35m9196[0;39m [2m---[0;39m [2m[nio-9999-exec-9][0;39m [36mc.ssafy.vue.controller.BoardController  [0;39m [2m:[0;39m createComment - 호출
[2m2021-11-19 14:05:20.396[0;39m [32mDEBUG[0;39m [35m9196[0;39m [2m---[0;39m [2m[nio-9999-exec-2][0;39m [36mc.ssafy.vue.controller.BoardController  [0;39m [2m:[0;39m listComment - 호출
[2m2021-11-19 14:05:22.517[0;39m [32mDEBUG[0;39m [35m9196[0;39m [2m---[0;39m [2m[nio-9999-exec-3][0;39m [36mc.ssafy.vue.controller.BoardController  [0;39m [2m:[0;39m deleteComment - 호출
[2m2021-11-19 14:05:22.518[0;39m [32mDEBUG[0;39m [35m9196[0;39m [2m---[0;39m [2m[nio-9999-exec-4][0;39m [36mc.ssafy.vue.controller.BoardController  [0;39m [2m:[0;39m listComment - 호출
[2m2021-11-19 14:05:26.451[0;39m [32m INFO[0;39m [35m9196[0;39m [2m---[0;39m [2m[nio-9999-exec-5][0;39m [36mc.ssafy.vue.controller.BoardController  [0;39m [2m:[0;39m getArticle - 호출 : 4
[2m2021-11-19 14:05:26.559[0;39m [32mDEBUG[0;39m [35m9196[0;39m [2m---[0;39m [2m[nio-9999-exec-6][0;39m [36mc.ssafy.vue.controller.BoardController  [0;39m [2m:[0;39m listComment - 호출
[2m2021-11-19 14:05:45.534[0;39m [32mDEBUG[0;39m [35m9196[0;39m [2m---[0;39m [2m[nio-9999-exec-8][0;39m [36mc.ssafy.vue.controller.BoardController  [0;39m [2m:[0;39m createComment - 호출
[2m2021-11-19 14:05:46.521[0;39m [32mDEBUG[0;39m [35m9196[0;39m [2m---[0;39m [2m[nio-9999-exec-7][0;39m [36mc.ssafy.vue.controller.BoardController  [0;39m [2m:[0;39m listComment - 호출
[2m2021-11-19 14:05:50.420[0;39m [32mDEBUG[0;39m [35m9196[0;39m [2m---[0;39m [2m[nio-9999-exec-9][0;39m [36mc.ssafy.vue.controller.BoardController  [0;39m [2m:[0;39m listComment - 호출
[2m2021-11-19 14:05:50.424[0;39m [32mDEBUG[0;39m [35m9196[0;39m [2m---[0;39m [2m[nio-9999-exec-2][0;39m [36mc.ssafy.vue.controller.BoardController  [0;39m [2m:[0;39m deleteComment - 호출
[2m2021-11-19 14:06:02.234[0;39m [32m INFO[0;39m [35m9196[0;39m [2m---[0;39m [2m[nio-9999-exec-1][0;39m [36mc.ssafy.vue.controller.BoardController  [0;39m [2m:[0;39m getArticle - 호출 : 4
[2m2021-11-19 14:06:02.369[0;39m [32mDEBUG[0;39m [35m9196[0;39m [2m---[0;39m [2m[nio-9999-exec-4][0;39m [36mc.ssafy.vue.controller.BoardController  [0;39m [2m:[0;39m listComment - 호출
[2m2021-11-19 14:09:09.988[0;39m [32mDEBUG[0;39m [35m9196[0;39m [2m---[0;39m [2m[nio-9999-exec-6][0;39m [36mc.ssafy.vue.controller.BoardController  [0;39m [2m:[0;39m createComment - 호출
[2m2021-11-19 14:09:11.029[0;39m [32mDEBUG[0;39m [35m9196[0;39m [2m---[0;39m [2m[nio-9999-exec-8][0;39m [36mc.ssafy.vue.controller.BoardController  [0;39m [2m:[0;39m listComment - 호출
[2m2021-11-19 14:09:13.149[0;39m [32mDEBUG[0;39m [35m9196[0;39m [2m---[0;39m [2m[io-9999-exec-10][0;39m [36mc.ssafy.vue.controller.BoardController  [0;39m [2m:[0;39m deleteComment - 호출
[2m2021-11-19 14:09:13.164[0;39m [32mDEBUG[0;39m [35m9196[0;39m [2m---[0;39m [2m[nio-9999-exec-9][0;39m [36mc.ssafy.vue.controller.BoardController  [0;39m [2m:[0;39m listComment - 호출
[2m2021-11-19 14:11:16.966[0;39m [32m INFO[0;39m [35m9196[0;39m [2m---[0;39m [2m[nio-9999-exec-1][0;39m [36mc.ssafy.vue.controller.BoardController  [0;39m [2m:[0;39m listArticle - 호출
[2m2021-11-19 14:20:35.859[0;39m [32m INFO[0;39m [35m9196[0;39m [2m---[0;39m [2m[(126)-127.0.0.1][0;39m [36minMXBeanRegistrar$SpringApplicationAdmin[0;39m [2m:[0;39m Application shutdown requested.
[2m2021-11-19 14:29:02.981[0;39m [32m INFO[0;39m [35m23528[0;39m [2m---[0;39m [2m[  restartedMain][0;39m [36m.e.DevToolsPropertyDefaultsPostProcessor[0;39m [2m:[0;39m Devtools property defaults active! Set 'spring.devtools.add-properties' to 'false' to disable
[2m2021-11-19 14:29:02.985[0;39m [32m INFO[0;39m [35m23528[0;39m [2m---[0;39m [2m[  restartedMain][0;39m [36m.e.DevToolsPropertyDefaultsPostProcessor[0;39m [2m:[0;39m For additional web related logging consider setting the 'logging.level.web' property to 'DEBUG'
[2m2021-11-19 14:29:04.472[0;39m [32m INFO[0;39m [35m23528[0;39m [2m---[0;39m [2m[  restartedMain][0;39m [36mo.s.b.w.embedded.tomcat.TomcatWebServer [0;39m [2m:[0;39m Tomcat initialized with port(s): 9999 (http)
[2m2021-11-19 14:29:04.581[0;39m [32m INFO[0;39m [35m23528[0;39m [2m---[0;39m [2m[  restartedMain][0;39m [36mw.s.c.ServletWebServerApplicationContext[0;39m [2m:[0;39m Root WebApplicationContext: initialization completed in 1595 ms
[2m2021-11-19 14:29:05.345[0;39m [32m INFO[0;39m [35m23528[0;39m [2m---[0;39m [2m[  restartedMain][0;39m [36mo.s.b.d.a.OptionalLiveReloadServer      [0;39m [2m:[0;39m LiveReload server is running on port 35729
[2m2021-11-19 14:29:05.547[0;39m [32m INFO[0;39m [35m23528[0;39m [2m---[0;39m [2m[  restartedMain][0;39m [36mo.s.b.w.embedded.tomcat.TomcatWebServer [0;39m [2m:[0;39m Tomcat started on port(s): 9999 (http) with context path '/vue'
[2m2021-11-19 14:29:48.099[0;39m [32m INFO[0;39m [35m23528[0;39m [2m---[0;39m [2m[nio-9999-exec-1][0;39m [36mo.s.web.servlet.DispatcherServlet       [0;39m [2m:[0;39m Initializing Servlet 'dispatcherServlet'
[2m2021-11-19 14:29:48.101[0;39m [32m INFO[0;39m [35m23528[0;39m [2m---[0;39m [2m[nio-9999-exec-1][0;39m [36mo.s.web.servlet.DispatcherServlet       [0;39m [2m:[0;39m Completed initialization in 2 ms
[2m2021-11-19 14:29:48.232[0;39m [32m INFO[0;39m [35m23528[0;39m [2m---[0;39m [2m[nio-9999-exec-1][0;39m [36mc.ssafy.vue.controller.BoardController  [0;39m [2m:[0;39m listArticle - 호출
[2m2021-11-19 14:30:04.460[0;39m [32m INFO[0;39m [35m23528[0;39m [2m---[0;39m [2m[nio-9999-exec-2][0;39m [36mc.ssafy.vue.controller.BoardController  [0;39m [2m:[0;39m listArticle - 호출
[2m2021-11-19 14:30:11.027[0;39m [32m INFO[0;39m [35m23528[0;39m [2m---[0;39m [2m[nio-9999-exec-3][0;39m [36mc.ssafy.vue.controller.BoardController  [0;39m [2m:[0;39m listArticle - 호출
[2m2021-11-19 14:30:13.731[0;39m [32m INFO[0;39m [35m23528[0;39m [2m---[0;39m [2m[nio-9999-exec-4][0;39m [36mc.ssafy.vue.controller.BoardController  [0;39m [2m:[0;39m getArticle - 호출 : 4
[2m2021-11-19 14:30:13.756[0;39m [32mDEBUG[0;39m [35m23528[0;39m [2m---[0;39m [2m[nio-9999-exec-5][0;39m [36mc.ssafy.vue.controller.BoardController  [0;39m [2m:[0;39m listComment - 호출
